  MINUIT RELEASE 96.03  INITIALIZED.   DIMENSIONS 100/100  EPSMAC=  0.89E-15

 PARAMETER DEFINITIONS:
    NO.   NAME         VALUE      STEP SIZE      LIMITS
     1 'kapa      '   0.58457      0.10000E-01     0.0000       10.000    
     2 'lambda    '    1.9860      0.10000E-01     0.0000       10.000    
     3 '<pt>      '    2.3595      0.10000         0.0000       6.0000    
     4 'n         '    2.0000      constant
 **********
 **    1 **CALL FCN   1.000    
 **********

 FCN=   430.2352     FROM CALl fcn  STATUS=RESET          1 CALLS        1 TOTAL
                     EDM= unknown      STRATEGY= 1      NO ERROR MATRIX       

  EXT PARAMETER               CURRENT GUESS      PHYSICAL LIMITS       
  NO.   NAME        VALUE          ERROR       NEGATIVE      POSITIVE  
   1    kapa       0.58457       0.10000E-01    0.0000        10.000    
   2    lambda      1.9860       0.10000E-01    0.0000        10.000    
   3    <pt>        2.3595       0.10000        0.0000        6.0000    
   4    n           2.0000       constant   
 **********
 **    2 **MIGRAD
 **********
 START MIGRAD MINIMIZATION.  STRATEGY 1.  CONVERGENCE WHEN EDM .LT. 0.10E-03

 FCN=   428.8435     FROM MIGRAD    STATUS=INITIATE      37 CALLS       38 TOTAL
                     EDM= unknown      STRATEGY= 1      NO ERROR MATRIX       

  EXT PARAMETER               CURRENT GUESS       STEP         FIRST   
  NO.   NAME        VALUE          ERROR          SIZE      DERIVATIVE 
   1    kapa       0.58457       0.10000E-01    0.0000      -0.14118E+07
   2    lambda      1.9860       0.10000E-01    0.0000      -0.68947E+06
   3    <pt>        2.3595       0.10000       0.34604E-05   0.64079E+06
   4    n           2.0000       constant   
 MIGRAD FAILS TO FIND IMPROVEMENT
 MINUIT WARNING IN HESSE   
 ============== Negative diagonal element  3 in Error Matrix
 MINUIT WARNING IN HESSE   
 ==============     0.81E+14 added to diagonal of error matrix
 EIGENVALUES OF SECOND-DERIVATIVE MATRIX:
        -0.8338E+07  0.9501E+00  0.8338E+07
 MINUIT WARNING IN HESSE   
 ============== MATRIX FORCED POS-DEF BY ADDING  0.83463E+07 TO DIAGONAL.

 FCN=   429.7649     FROM HESSE     STATUS=NOT POSDEF    22 CALLS       61 TOTAL
                     EDM=  0.53E+10    STRATEGY= 1      ERR MATRIX NOT POS-DEF

  EXT PARAMETER                APPROXIMATE        STEP         FIRST   
  NO.   NAME        VALUE          ERROR          SIZE      DERIVATIVE 
   1    kapa       0.58457       0.12920E-08   0.51613E-06   0.13099E+08
   2    lambda      1.9860       0.37709E-08   0.30851E-06   0.17987E+08
   3    <pt>        2.3595       0.32104E-01   0.10259E-06  -0.13254E+08
   4    n           2.0000       constant   
 MIGRAD FAILS TO FIND IMPROVEMENT
 MIGRAD TERMINATED WITHOUT CONVERGENCE.

 FCN=   176.0426     FROM MIGRAD    STATUS=FAILED        82 CALLS       83 TOTAL
                     EDM=  0.62E+00    STRATEGY= 1      ERR MATRIX NOT POS-DEF

  EXT PARAMETER                APPROXIMATE        STEP         FIRST   
  NO.   NAME        VALUE          ERROR          SIZE      DERIVATIVE 
   1    kapa       0.58452       0.31612E-09   -0.0000      -0.36087E+06
   2    lambda      1.9862       0.87177E-09    0.0000       0.34688E+06
   3    <pt>        5.7360       0.30455E-02    0.0000       -152.85    
   4    n           2.0000       constant   

 EXTERNAL ERROR MATRIX.    NDIM= 100    NPAR=  3    ERR DEF=  1.00    
  0.999E-19-0.247E-18-0.885E-12
 -0.247E-18 0.760E-18 0.259E-11
 -0.885E-12 0.259E-11 0.928E-05
 ERR MATRIX NOT POS-DEF

 PARAMETER  CORRELATION COEFFICIENTS
       NO.  GLOBAL     1     2     3
        1  0.91894  1.000-0.897-0.919
        2  0.97599 -0.897 1.000 0.976
        3  0.98095 -0.919 0.976 1.000
 ERR MATRIX NOT POS-DEF
 **********
 **    3 **MINOS
 **********

 FUNCTION MUST BE MINIMIZED BEFORE CALLING MINOs   
 START MIGRAD MINIMIZATION.  STRATEGY 1.  CONVERGENCE WHEN EDM .LT. 0.10E-03

 FCN=   176.0426     FROM MIGRAD    STATUS=INITIATE       6 CALLS       89 TOTAL
                     EDM=  0.82E+00    STRATEGY= 1      ERR MATRIX NOT POS-DEF

  EXT PARAMETER                APPROXIMATE        STEP         FIRST   
  NO.   NAME        VALUE          ERROR          SIZE      DERIVATIVE 
   1    kapa       0.58452       0.31612E-09   -0.0000      -0.56162E+06
   2    lambda      1.9862       0.87177E-09    0.0000      -0.11796E+07
   3    <pt>        5.7360       0.30455E-02    0.0000        246.44    
   4    n           2.0000       constant   
 MIGRAD FAILS TO FIND IMPROVEMENT
 MINUIT WARNING IN HESSE   
 ============== Negative diagonal element  1 in Error Matrix
 MINUIT WARNING IN HESSE   
 ============== Negative diagonal element  2 in Error Matrix
 MINUIT WARNING IN HESSE   
 ============== Negative diagonal element  3 in Error Matrix
 MINUIT WARNING IN HESSE   
 ==============     0.14E+13 added to diagonal of error matrix
 EIGENVALUES OF SECOND-DERIVATIVE MATRIX:
        -0.3710E+07  0.1000E+01  0.3710E+07
 MINUIT WARNING IN HESSE   
 ============== MATRIX FORCED POS-DEF BY ADDING  0.37135E+07 TO DIAGONAL.

 FCN=   176.5637     FROM HESSE     STATUS=NOT POSDEF    22 CALLS      113 TOTAL
                     EDM=  0.46E+08    STRATEGY= 1      ERR MATRIX NOT POS-DEF

  EXT PARAMETER                APPROXIMATE        STEP         FIRST   
  NO.   NAME        VALUE          ERROR          SIZE      DERIVATIVE 
   1    kapa       0.58452       0.65622E-07   0.51614E-06  -0.22262E+07
   2    lambda      1.9862       0.65515E-01   0.30850E-06  -0.82765E+06
   3    <pt>        5.7360       0.75993E-09   0.21327E-03   -17052.    
   4    n           2.0000       constant   
 MINUIT WARNING IN MIGRAD  
 ============== Negative diagonal element  1 in Error Matrix
 MINUIT WARNING IN MIGRAD  
 ============== Negative diagonal element  2 in Error Matrix
 MINUIT WARNING IN MIGRAD  
 ==============     0.10E+01 added to diagonal of error matrix
 MIGRAD FAILS TO FIND IMPROVEMENT
 MIGRAD TERMINATED WITHOUT CONVERGENCE.

 FCN=   109.6323     FROM MIGRAD    STATUS=FAILED        75 CALLS      158 TOTAL
                     EDM=  0.18E+02    STRATEGY= 1      ERR MATRIX NOT POS-DEF

  EXT PARAMETER                APPROXIMATE        STEP         FIRST   
  NO.   NAME        VALUE          ERROR          SIZE      DERIVATIVE 
   1    kapa       0.58552        5.0269       -0.0000        8637.5    
   2    lambda      1.4433        5.6610       -0.0000        330.99    
   3    <pt>        5.7360        4.1467        0.0000       -259.10    
   4    n           2.0000       constant   

 EXTERNAL ERROR MATRIX.    NDIM= 100    NPAR=  3    ERR DEF=  1.00    
  0.551E+01-0.212E-09 0.761E-19
 -0.212E-09 0.123E+02 0.669E-13
  0.761E-19 0.669E-13 0.151E+01
 ERR MATRIX NOT POS-DEF

 PARAMETER  CORRELATION COEFFICIENTS
       NO.  GLOBAL     1     2     3
        1  0.00000  1.000-0.000 0.000
        2  0.00000 -0.000 1.000 0.000
        3  0.00000  0.000 0.000 1.000
 ERR MATRIX NOT POS-DEF
 MINUIT WARNING IN HESSE   
 ============== Negative diagonal element  1 in Error Matrix
 MINUIT WARNING IN HESSE   
 ==============     0.11E+10 added to diagonal of error matrix
 EIGENVALUES OF SECOND-DERIVATIVE MATRIX:
        -0.3930E+03  0.1000E+01  0.3950E+03
 MINUIT WARNING IN HESSE   
 ============== MATRIX FORCED POS-DEF BY ADDING   393.40     TO DIAGONAL.
 MINUIT WARNING IN MIGRAD
 ============== STARTING MATRIX NOT POS-DEFINITE.
                         POSITIVE MINOS ERROR NOT CALCULATED FOR PARAMETER   1

 MIGRAD FAILS WITH STRATEGY=0.   WILL TRY WITH STRATEGY=1.
 EIGENVALUES OF SECOND-DERIVATIVE MATRIX:
        -0.1586E+01  0.3586E+01
 MINUIT WARNING IN HESSE   
 ============== MATRIX FORCED POS-DEF BY ADDING   1.5896     TO DIAGONAL.

 MINUIT TASK: fit crystal ball function                         

 FCN=   39.56958     FROM MINOS     STATUS=NEW MINIMU   118 CALLS      308 TOTAL
                     EDM= unknown      STRATEGY= 1      NO ERROR MATRIX       

  EXT PARAMETER                  PARABOLIC         MINOS ERRORS        
  NO.   NAME        VALUE          ERROR      NEGATIVE      POSITIVE   
   1    kapa       0.29276        6.0793                                
   2    lambda      1.2943       0.57405E-02                            
   3    <pt>        5.7239       0.34607E-02                            
   4    n           2.0000       constant   

 NEW MINIMUM FOUND.  GO BACK TO MINIMIZATION STEP.
 ============================================================
                                                            V
                                                            V
                                                            V
                                                         VVVVVVV
                                                          VVVVV
                                                           VVV
                                                            V


 START MIGRAD MINIMIZATION.  STRATEGY 1.  CONVERGENCE WHEN EDM .LT. 0.50E-04

 FCN=   39.56958     FROM MIGRAD    STATUS=INITIATE      14 CALLS      322 TOTAL
                     EDM= unknown      STRATEGY= 1      NO ERROR MATRIX       

  EXT PARAMETER               CURRENT GUESS       STEP         FIRST   
  NO.   NAME        VALUE          ERROR          SIZE      DERIVATIVE 
   1    kapa       0.29276        6.0793        6.0793       -28868.    
   2    lambda      1.2943       0.57405E-02    0.0000       -55412.    
   3    <pt>        5.7239       0.34607E-02    0.0000        66606.    
   4    n           2.0000       constant   
 MIGRAD FAILS TO FIND IMPROVEMENT
 EIGENVALUES OF SECOND-DERIVATIVE MATRIX:
        -0.1942E+01  0.1012E+01  0.3930E+01
 MINUIT WARNING IN HESSE   
 ============== MATRIX FORCED POS-DEF BY ADDING   1.9461     TO DIAGONAL.

 FCN=   39.59483     FROM HESSE     STATUS=NOT POSDEF    22 CALLS      345 TOTAL
                     EDM=  0.20E+03    STRATEGY= 1      ERR MATRIX NOT POS-DEF

  EXT PARAMETER                APPROXIMATE        STEP         FIRST   
  NO.   NAME        VALUE          ERROR          SIZE      DERIVATIVE 
   1    kapa       0.29276       0.53357E-05   0.58503E-06  -0.16999E+06
   2    lambda      1.2943       0.76224E-04   0.39804E-06   0.27053E+06
   3    <pt>        5.7239       0.35454E-04   0.54284E-06   0.12340E+07
   4    n           2.0000       constant   
 MIGRAD FAILS TO FIND IMPROVEMENT
 MIGRAD TERMINATED WITHOUT CONVERGENCE.

 FCN=   39.46849     FROM MIGRAD    STATUS=FAILED        62 CALLS      370 TOTAL
                     EDM=  0.11E+02    STRATEGY= 1      ERR MATRIX NOT POS-DEF

  EXT PARAMETER                APPROXIMATE        STEP         FIRST   
  NO.   NAME        VALUE          ERROR          SIZE      DERIVATIVE 
   1    kapa       0.29248       0.11456E-04   -0.0000        72718.    
   2    lambda      1.2987       0.17551E-03    0.0000      -0.12260E+06
   3    <pt>        5.7219       0.81925E-04   -0.0000       0.12642E+06
   4    n           2.0000       constant   

 EXTERNAL ERROR MATRIX.    NDIM= 100    NPAR=  3    ERR DEF=  1.00    
  0.131E-09-0.198E-08 0.923E-09
 -0.198E-08 0.308E-07-0.144E-07
  0.923E-09-0.144E-07 0.671E-08
 ERR MATRIX NOT POS-DEF

 PARAMETER  CORRELATION COEFFICIENTS
       NO.  GLOBAL     1     2     3
        1  0.98324  1.000-0.983 0.983
        2  0.99975 -0.983 1.000-1.000
        3  0.99974  0.983-1.000 1.000
 ERR MATRIX NOT POS-DEF

 FUNCTION MUST BE MINIMIZED BEFORE CALLING MIGRAD  
 START MIGRAD MINIMIZATION.  STRATEGY 1.  CONVERGENCE WHEN EDM .LT. 0.10E-03

 FCN=   39.46849     FROM MIGRAD    STATUS=INITIATE       6 CALLS      376 TOTAL
                     EDM=  0.12E+02    STRATEGY= 1      ERR MATRIX NOT POS-DEF

  EXT PARAMETER                APPROXIMATE        STEP         FIRST   
  NO.   NAME        VALUE          ERROR          SIZE      DERIVATIVE 
   1    kapa       0.29248       0.11456E-04   -0.0000       -79514.    
   2    lambda      1.2987       0.17551E-03    0.0000      -0.15438E+06
   3    <pt>        5.7219       0.81925E-04   -0.0000       -32454.    
   4    n           2.0000       constant   
 MIGRAD FAILS TO FIND IMPROVEMENT
 MINUIT WARNING IN HESSE   
 ============== Negative diagonal element  1 in Error Matrix
 MINUIT WARNING IN HESSE   
 ============== Negative diagonal element  3 in Error Matrix
 MINUIT WARNING IN HESSE   
 ==============     0.80E+12 added to diagonal of error matrix
 EIGENVALUES OF SECOND-DERIVATIVE MATRIX:
        -0.3833E+06  0.2892E+00  0.3833E+06
 MINUIT WARNING IN HESSE   
 ============== MATRIX FORCED POS-DEF BY ADDING  0.38366E+06 TO DIAGONAL.

 FCN=   39.60535     FROM HESSE     STATUS=NOT POSDEF    26 CALLS      410 TOTAL
                     EDM=  0.59E+08    STRATEGY= 1      ERR MATRIX NOT POS-DEF

  EXT PARAMETER                APPROXIMATE        STEP         FIRST   
  NO.   NAME        VALUE          ERROR          SIZE      DERIVATIVE 
   1    kapa       0.29248       0.86052E-01   0.58511E-06  -0.30051E+06
   2    lambda      1.2987       0.96322E-07   0.39742E-06  -0.21468E+07
   3    <pt>        5.7219       0.53319E-07   0.54207E-06   0.33294E+06
   4    n           2.0000       constant   
 MIGRAD FAILS TO FIND IMPROVEMENT
 MIGRAD TERMINATED WITHOUT CONVERGENCE.

 FCN=   35.34670     FROM MIGRAD    STATUS=FAILED        67 CALLS      437 TOTAL
                     EDM=  0.35E+05    STRATEGY= 1      ERR MATRIX NOT POS-DEF

  EXT PARAMETER                APPROXIMATE        STEP         FIRST   
  NO.   NAME        VALUE          ERROR          SIZE      DERIVATIVE 
   1    kapa       0.18966       0.17638E-01    0.0000       -7314.5    
   2    lambda      1.2987       0.25062E-07   -0.0000       0.14281E+06
   3    <pt>        5.7219       0.13891E-07    0.0000       0.32432E+06
   4    n           2.0000       constant   

 EXTERNAL ERROR MATRIX.    NDIM= 100    NPAR=  3    ERR DEF=  1.00    
  0.311E-03-0.429E-09 0.238E-09
 -0.429E-09 0.628E-15-0.328E-15
  0.238E-09-0.328E-15 0.193E-15
 ERR MATRIX NOT POS-DEF

 PARAMETER  CORRELATION COEFFICIENTS
       NO.  GLOBAL     1     2     3
        1  0.98474  1.000-0.971 0.969
        2  0.97083 -0.971 1.000-0.941
        3  0.96945  0.969-0.941 1.000
 ERR MATRIX NOT POS-DEF
 MINUIT WARNING IN HESSE   
 ============== Negative diagonal element  3 in Error Matrix
 MINUIT WARNING IN HESSE   
 ==============     0.92E+12 added to diagonal of error matrix
 EIGENVALUES OF SECOND-DERIVATIVE MATRIX:
        -0.7052E+06  0.1003E+01  0.7052E+06
 MINUIT WARNING IN HESSE   
 ============== MATRIX FORCED POS-DEF BY ADDING  0.70594E+06 TO DIAGONAL.
 MINUIT WARNING IN MIGRAD  
 ============== Negative diagonal element  1 in Error Matrix
 MINUIT WARNING IN MIGRAD  
 ============== Negative diagonal element  2 in Error Matrix
 MINUIT WARNING IN MIGRAD  
 ==============     0.10E+01 added to diagonal of error matrix
 MIGRAD FAILS WITH STRATEGY=0.   WILL TRY WITH STRATEGY=1.
 EIGENVALUES OF SECOND-DERIVATIVE MATRIX:
        -0.1667E+01  0.3667E+01
 MINUIT WARNING IN HESSE   
 ============== MATRIX FORCED POS-DEF BY ADDING   1.6707     TO DIAGONAL.

 MINUIT TASK: fit crystal ball function                         

 FCN=   35.04977     FROM MINOS     STATUS=NEW MINIMU    75 CALLS      534 TOTAL
                     EDM= unknown      STRATEGY= 1      NO ERROR MATRIX       

  EXT PARAMETER                  PARABOLIC         MINOS ERRORS        
  NO.   NAME        VALUE          ERROR      NEGATIVE      POSITIVE   
   1    kapa       0.18966       0.29395E-08                            
   2    lambda      1.2988       0.12261E-04                            
   3    <pt>        5.9954       0.22385E-05                            
   4    n           2.0000       constant   

 NEW MINIMUM FOUND.  GO BACK TO MINIMIZATION STEP.
 ============================================================
                                                            V
                                                            V
                                                            V
                                                         VVVVVVV
                                                          VVVVV
                                                           VVV
                                                            V


 START MIGRAD MINIMIZATION.  STRATEGY 1.  CONVERGENCE WHEN EDM .LT. 0.50E-04

 FCN=   35.04977     FROM MIGRAD    STATUS=INITIATE       6 CALLS      540 TOTAL
                     EDM= unknown      STRATEGY= 1      NO ERROR MATRIX       

  EXT PARAMETER               CURRENT GUESS       STEP         FIRST   
  NO.   NAME        VALUE          ERROR          SIZE      DERIVATIVE 
   1    kapa       0.18966       0.29395E-08   0.29395E-08  -0.21077E+06
   2    lambda      1.2988       0.12261E-04    0.0000       0.36749E+06
   3    <pt>        5.9954       0.22385E-05    0.0000        33989.    
   4    n           2.0000       constant   
 MIGRAD FAILS TO FIND IMPROVEMENT
 COVARIANCE MATRIX CALCULATED SUCCESSFULLY

 FCN=   35.02774     FROM HESSE     STATUS=OK            22 CALLS      563 TOTAL
                     EDM=  0.99E+01    STRATEGY= 1      ERROR MATRIX ACCURATE 

  EXT PARAMETER                                   STEP         FIRST   
  NO.   NAME        VALUE          ERROR          SIZE      DERIVATIVE 
   1    kapa       0.18966       0.35465E-05   0.61726E-06   0.24925E+07
   2    lambda      1.2988       0.76306E-05   0.39741E-06   0.17681E+06
   3    <pt>        5.9954       0.52110E-06   0.72264E-06  -0.17168E+06
   4    n           2.0000       constant   
 MIGRAD FAILS TO FIND IMPROVEMENT
 MIGRAD TERMINATED WITHOUT CONVERGENCE.

 FCN=   34.97771     FROM MIGRAD    STATUS=FAILED        47 CALLS      581 TOTAL
                     EDM=  0.21E-01  STRATEGY=1  ERROR MATRIX UNCERTAINTY= 14.3%

  EXT PARAMETER                APPROXIMATE        STEP         FIRST   
  NO.   NAME        VALUE          ERROR          SIZE      DERIVATIVE 
   1    kapa       0.18965       0.24429E-05    0.0000       -81817.    
   2    lambda      1.2988       0.71117E-05    0.0000        48719.    
   3    <pt>        5.9954       0.44782E-06    0.0000       -49164.    
   4    n           2.0000       constant   

 EXTERNAL ERROR MATRIX.    NDIM= 100    NPAR=  3    ERR DEF=  1.00    
  0.597E-11 0.611E-11 0.637E-12
  0.611E-11 0.506E-10 0.169E-11
  0.637E-12 0.169E-11 0.201E-12
 ERR MATRIX APPROXIMATE

 PARAMETER  CORRELATION COEFFICIENTS
       NO.  GLOBAL     1     2     3
        1  0.58423  1.000 0.352 0.582
        2  0.53415  0.352 1.000 0.532
        3  0.67875  0.582 0.532 1.000
 ERR MATRIX APPROXIMATE

 FUNCTION MUST BE MINIMIZED BEFORE CALLING MIGRAD  
 START MIGRAD MINIMIZATION.  STRATEGY 1.  CONVERGENCE WHEN EDM .LT. 0.10E-03

 FCN=   34.97771     FROM MIGRAD    STATUS=INITIATE       6 CALLS      587 TOTAL
                     EDM=  0.33E+00  STRATEGY=1  ERROR MATRIX UNCERTAINTY= 14.3%

  EXT PARAMETER                APPROXIMATE        STEP         FIRST   
  NO.   NAME        VALUE          ERROR          SIZE      DERIVATIVE 
   1    kapa       0.18965       0.24429E-05    0.0000        27060.    
   2    lambda      1.2988       0.71117E-05    0.0000       0.41622E+06
   3    <pt>        5.9954       0.44782E-06    0.0000        36180.    
   4    n           2.0000       constant   
 MIGRAD FAILS TO FIND IMPROVEMENT
 MINUIT WARNING IN HESSE   
 ============== Negative diagonal element  2 in Error Matrix
 MINUIT WARNING IN HESSE   
 ==============     0.46E+12 added to diagonal of error matrix
 EIGENVALUES OF SECOND-DERIVATIVE MATRIX:
        -0.1401E+07  0.1636E+01  0.1401E+07
 MINUIT WARNING IN HESSE   
 ============== MATRIX FORCED POS-DEF BY ADDING  0.14023E+07 TO DIAGONAL.

 FCN=   35.15284     FROM HESSE     STATUS=NOT POSDEF    22 CALLS      612 TOTAL
                     EDM=  0.33E+08    STRATEGY= 1      ERR MATRIX NOT POS-DEF

  EXT PARAMETER                APPROXIMATE        STEP         FIRST   
  NO.   NAME        VALUE          ERROR          SIZE      DERIVATIVE 
   1    kapa       0.18965       0.28217E-07   0.61726E-06   0.99670E+06
   2    lambda      1.2988       0.89827E-01   0.39741E-06   0.43234E+06
   3    <pt>        5.9954       0.38299E-08   0.72264E-06  -0.23085E+06
   4    n           2.0000       constant   
 MIGRAD FAILS TO FIND IMPROVEMENT
 MIGRAD TERMINATED WITHOUT CONVERGENCE.

 FCN=   20.00513     FROM MIGRAD    STATUS=FAILED        86 CALLS      667 TOTAL
                     EDM=  0.98E+04    STRATEGY= 1      ERR MATRIX NOT POS-DEF

  EXT PARAMETER                APPROXIMATE        STEP         FIRST   
  NO.   NAME        VALUE          ERROR          SIZE      DERIVATIVE 
   1    kapa       0.18965       0.17675E-08   -0.0000        54319.    
   2    lambda      1.1377       0.16770E-04   -0.0000        92698.    
   3    <pt>        5.9954       0.24374E-09    0.0000       -7094.1    
   4    n           2.0000       constant   

 EXTERNAL ERROR MATRIX.    NDIM= 100    NPAR=  3    ERR DEF=  1.00    
  0.312E-17 0.944E-16-0.423E-23
  0.944E-16 0.281E-09-0.120E-16
 -0.423E-23-0.120E-16 0.594E-19
 ERR MATRIX NOT POS-DEF

 PARAMETER  CORRELATION COEFFICIENTS
       NO.  GLOBAL     1     2     3
        1  0.00318  1.000 0.003-0.000
        2  0.00433  0.003 1.000-0.003
        3  0.00294 -0.000-0.003 1.000
 ERR MATRIX NOT POS-DEF
 MINUIT WARNING IN HESSE   
 ============== Negative diagonal element  1 in Error Matrix
 MINUIT WARNING IN HESSE   
 ============== Negative diagonal element  3 in Error Matrix
 MINUIT WARNING IN HESSE   
 ==============     0.29E+12 added to diagonal of error matrix
 EIGENVALUES OF SECOND-DERIVATIVE MATRIX:
        -0.6582E+06  0.1044E+01  0.6582E+06
 MINUIT WARNING IN HESSE   
 ============== MATRIX FORCED POS-DEF BY ADDING  0.65887E+06 TO DIAGONAL.
                         POSITIVE MINOS ERROR NOT CALCULATED FOR PARAMETER   1

                         NEGATIVE MINOS ERROR NOT CALCULATED FOR PARAMETER   1

 MIGRAD FAILS WITH STRATEGY=0.   WILL TRY WITH STRATEGY=1.
                         POSITIVE MINOS ERROR NOT CALCULATED FOR PARAMETER   2

 MIGRAD FAILS WITH STRATEGY=0.   WILL TRY WITH STRATEGY=1.
 MINUIT WARNING IN HESSE   
 ============== Negative diagonal element  1 in Error Matrix
 MINUIT WARNING IN HESSE   
 ==============     0.18E+12 added to diagonal of error matrix
 EIGENVALUES OF SECOND-DERIVATIVE MATRIX:
        -0.1748E+06  0.1748E+06
 MINUIT WARNING IN HESSE   
 ============== MATRIX FORCED POS-DEF BY ADDING  0.17498E+06 TO DIAGONAL.
                         NEGATIVE MINOS ERROR NOT CALCULATED FOR PARAMETER   2

 MIGRAD FAILS WITH STRATEGY=0.   WILL TRY WITH STRATEGY=1.
 EIGENVALUES OF SECOND-DERIVATIVE MATRIX:
        -0.8619E-01  0.2086E+01
 MINUIT WARNING IN HESSE   
 ============== MATRIX FORCED POS-DEF BY ADDING  0.88276E-01 TO DIAGONAL.

 MINUIT TASK: fit crystal ball function                         

 FCN=   17.91141     FROM MINOS     STATUS=NEW MINIMU   300 CALLS      989 TOTAL
                     EDM= unknown      STRATEGY= 1      NO ERROR MATRIX       

  EXT PARAMETER                  PARABOLIC         MINOS ERRORS        
  NO.   NAME        VALUE          ERROR      NEGATIVE      POSITIVE   
   1    kapa       0.16640       0.51557E-04                            
   2    lambda      1.1377       0.72016E-04                            
   3    <pt>        5.9954       0.99235E-09                            
   4    n           2.0000       constant   

 NEW MINIMUM FOUND.  GO BACK TO MINIMIZATION STEP.
 ============================================================
                                                            V
                                                            V
                                                            V
                                                         VVVVVVV
                                                          VVVVV
                                                           VVV
                                                            V


 START MIGRAD MINIMIZATION.  STRATEGY 1.  CONVERGENCE WHEN EDM .LT. 0.50E-04

 FCN=   17.91141     FROM MIGRAD    STATUS=INITIATE      13 CALLS     1002 TOTAL
                     EDM= unknown      STRATEGY= 1      NO ERROR MATRIX       

  EXT PARAMETER               CURRENT GUESS       STEP         FIRST   
  NO.   NAME        VALUE          ERROR          SIZE      DERIVATIVE 
   1    kapa       0.16640       0.51557E-04    0.0000       -84114.    
   2    lambda      1.1377       0.72016E-04    0.0000       0.10310E+06
   3    <pt>        5.9954       0.99235E-09    0.0000       -14852.    
   4    n           2.0000       constant   
 MIGRAD FAILS TO FIND IMPROVEMENT
 MINUIT WARNING IN HESSE   
 ============== Negative diagonal element  2 in Error Matrix
 MINUIT WARNING IN HESSE   
 ============== Negative diagonal element  3 in Error Matrix
 MINUIT WARNING IN HESSE   
 ==============     0.23E+12 added to diagonal of error matrix
 EIGENVALUES OF SECOND-DERIVATIVE MATRIX:
        -0.7652E+06  0.1045E+01  0.7652E+06
 MINUIT WARNING IN HESSE   
 ============== MATRIX FORCED POS-DEF BY ADDING  0.76601E+06 TO DIAGONAL.

 FCN=   18.01213     FROM HESSE     STATUS=NOT POSDEF    22 CALLS     1029 TOTAL
                     EDM=  0.34E+06    STRATEGY= 1      ERR MATRIX NOT POS-DEF

  EXT PARAMETER                APPROXIMATE        STEP         FIRST   
  NO.   NAME        VALUE          ERROR          SIZE      DERIVATIVE 
   1    kapa       0.16640       0.37365E-08   0.62565E-06   0.19617E+06
   2    lambda      1.1377       0.30840E-06   0.42090E-06   -73249.    
   3    <pt>        5.9954       0.59952E-02   0.72264E-06   -32339.    
   4    n           2.0000       constant   
 MIGRAD FAILS TO FIND IMPROVEMENT
 MIGRAD TERMINATED WITHOUT CONVERGENCE.

 FCN=   16.89918     FROM MIGRAD    STATUS=FAILED        92 CALLS     1081 TOTAL
                     EDM=  0.22E+05    STRATEGY= 1      ERR MATRIX NOT POS-DEF

  EXT PARAMETER                APPROXIMATE        STEP         FIRST   
  NO.   NAME        VALUE          ERROR          SIZE      DERIVATIVE 
   1    kapa       0.16640       0.33537E-08    0.0000       -29665.    
   2    lambda      1.1377       0.13958E-07    0.0000        26984.    
   3    <pt>        5.5409       0.41044E-03   -0.0000        41169.    
   4    n           2.0000       constant   

 EXTERNAL ERROR MATRIX.    NDIM= 100    NPAR=  3    ERR DEF=  1.00    
  0.112E-16 0.258E-19-0.482E-14
  0.258E-19 0.195E-15-0.900E-12
 -0.482E-14-0.900E-12 0.168E-06
 ERR MATRIX NOT POS-DEF

 PARAMETER  CORRELATION COEFFICIENTS
       NO.  GLOBAL     1     2     3
        1  0.00350  1.000 0.001-0.004
        2  0.15710  0.001 1.000-0.157
        3  0.15714 -0.004-0.157 1.000
 ERR MATRIX NOT POS-DEF

 FUNCTION MUST BE MINIMIZED BEFORE CALLING MIGRAD  
 START MIGRAD MINIMIZATION.  STRATEGY 1.  CONVERGENCE WHEN EDM .LT. 0.10E-03

 FCN=   16.89918     FROM MIGRAD    STATUS=INITIATE       6 CALLS     1087 TOTAL
                     EDM=  0.37E+00    STRATEGY= 1      ERR MATRIX NOT POS-DEF

  EXT PARAMETER                APPROXIMATE        STEP         FIRST   
  NO.   NAME        VALUE          ERROR          SIZE      DERIVATIVE 
   1    kapa       0.16640       0.33537E-08    0.0000        4873.7    
   2    lambda      1.1377       0.13958E-07    0.0000      -0.21796E+06
   3    <pt>        5.5409       0.41044E-03   -0.0000        812.80    
   4    n           2.0000       constant   
 MIGRAD FAILS TO FIND IMPROVEMENT
 MINUIT WARNING IN HESSE   
 ============== Negative diagonal element  3 in Error Matrix
 MINUIT WARNING IN HESSE   
 ==============     0.34E+11 added to diagonal of error matrix
 EIGENVALUES OF SECOND-DERIVATIVE MATRIX:
        -0.1051E+06  0.4043E+01  0.1051E+06
 MINUIT WARNING IN HESSE   
 ============== MATRIX FORCED POS-DEF BY ADDING  0.10523E+06 TO DIAGONAL.

 FCN=   16.96798     FROM HESSE     STATUS=NOT POSDEF    18 CALLS     1124 TOTAL
                     EDM=  0.65E+07    STRATEGY= 1      ERR MATRIX NOT POS-DEF

  EXT PARAMETER                APPROXIMATE        STEP         FIRST   
  NO.   NAME        VALUE          ERROR          SIZE      DERIVATIVE 
   1    kapa       0.16640       0.21860E-06   0.62565E-06   -58432.    
   2    lambda      1.1377       0.76626E-06   0.42090E-06   0.18761E+06
   3    <pt>        5.5410       0.15534       0.10163E-05    52440.    
   4    n           2.0000       constant   
 MIGRAD FAILS TO FIND IMPROVEMENT
 MIGRAD TERMINATED WITHOUT CONVERGENCE.

 FCN=   16.96798     FROM MIGRAD    STATUS=FAILED        54 CALLS     1135 TOTAL
                     EDM=  0.65E+07    STRATEGY= 1      ERR MATRIX NOT POS-DEF

  EXT PARAMETER                APPROXIMATE        STEP         FIRST   
  NO.   NAME        VALUE          ERROR          SIZE      DERIVATIVE 
   1    kapa       0.16640       0.21860E-06    0.0000       -58432.    
   2    lambda      1.1377       0.76626E-06    0.0000       0.18761E+06
   3    <pt>        5.5410       0.15534       -0.0000        52440.    
   4    n           2.0000       constant   

 EXTERNAL ERROR MATRIX.    NDIM= 100    NPAR=  3    ERR DEF=  1.00    
  0.478E-13 0.167E-12-0.339E-07
  0.167E-12 0.587E-12-0.119E-06
 -0.339E-07-0.119E-06 0.242E-01
 ERR MATRIX NOT POS-DEF

 PARAMETER  CORRELATION COEFFICIENTS
       NO.  GLOBAL     1     2     3
        1  0.99821  1.000 0.996-0.998
        2  0.99775  0.996 1.000-0.998
        3  0.99900 -0.998-0.998 1.000
 ERR MATRIX NOT POS-DEF
 MINUIT WARNING IN HESSE   
 ============== Negative diagonal element  2 in Error Matrix
 MINUIT WARNING IN HESSE   
 ==============     0.89E+11 added to diagonal of error matrix
 EIGENVALUES OF SECOND-DERIVATIVE MATRIX:
        -0.4957E+06  0.1756E+01  0.4957E+06
 MINUIT WARNING IN HESSE   
 ============== MATRIX FORCED POS-DEF BY ADDING  0.49616E+06 TO DIAGONAL.
 MINUIT WARNING IN MIGRAD  
 ============== Negative diagonal element  1 in Error Matrix
 MINUIT WARNING IN MIGRAD  
 ==============     0.10E+01 added to diagonal of error matrix
 MIGRAD FAILS WITH STRATEGY=0.   WILL TRY WITH STRATEGY=1.
 MINUIT WARNING IN HESSE   
 ============== Negative diagonal element  2 in Error Matrix
 MINUIT WARNING IN HESSE   
 ==============     0.30E+11 added to diagonal of error matrix
 EIGENVALUES OF SECOND-DERIVATIVE MATRIX:
        -0.1949E+06  0.1949E+06
 MINUIT WARNING IN HESSE   
 ============== MATRIX FORCED POS-DEF BY ADDING  0.19513E+06 TO DIAGONAL.

 MINUIT TASK: fit crystal ball function                         

 FCN=   13.98258     FROM MINOS     STATUS=NEW MINIMU   102 CALLS     1265 TOTAL
                     EDM= unknown      STRATEGY= 1      NO ERROR MATRIX       

  EXT PARAMETER                  PARABOLIC         MINOS ERRORS        
  NO.   NAME        VALUE          ERROR      NEGATIVE      POSITIVE   
   1    kapa       0.16640       0.94087E-07                            
   2    lambda      1.0319       0.36101E-07                            
   3    <pt>        4.8209       0.42734E-03                            
   4    n           2.0000       constant   

 NEW MINIMUM FOUND.  GO BACK TO MINIMIZATION STEP.
 ============================================================
                                                            V
                                                            V
                                                            V
                                                         VVVVVVV
                                                          VVVVV
                                                           VVV
                                                            V


 START MIGRAD MINIMIZATION.  STRATEGY 1.  CONVERGENCE WHEN EDM .LT. 0.50E-04

 FCN=   13.98258     FROM MIGRAD    STATUS=INITIATE       8 CALLS     1273 TOTAL
                     EDM= unknown      STRATEGY= 1      NO ERROR MATRIX       

  EXT PARAMETER               CURRENT GUESS       STEP         FIRST   
  NO.   NAME        VALUE          ERROR          SIZE      DERIVATIVE 
   1    kapa       0.16640       0.94087E-07   0.94087E-07    25873.    
   2    lambda      1.0319       0.36101E-07    0.0000        58279.    
   3    <pt>        4.8209       0.42734E-03    0.0000       -10037.    
   4    n           2.0000       constant   
 MIGRAD FAILS TO FIND IMPROVEMENT
 MINUIT WARNING IN HESSE   
 ============== Negative diagonal element  1 in Error Matrix
 MINUIT WARNING IN HESSE   
 ============== Negative diagonal element  2 in Error Matrix
 MINUIT WARNING IN HESSE   
 ============== Negative diagonal element  3 in Error Matrix
 MINUIT WARNING IN HESSE   
 ==============     0.61E+12 added to diagonal of error matrix
 EIGENVALUES OF SECOND-DERIVATIVE MATRIX:
        -0.1550E+07  0.2985E-01  0.1550E+07
 MINUIT WARNING IN HESSE   
 ============== MATRIX FORCED POS-DEF BY ADDING  0.15520E+07 TO DIAGONAL.

 FCN=   14.07484     FROM HESSE     STATUS=NOT POSDEF    22 CALLS     1296 TOTAL
                     EDM=  0.66E+07    STRATEGY= 1      ERR MATRIX NOT POS-DEF

  EXT PARAMETER                APPROXIMATE        STEP         FIRST   
  NO.   NAME        VALUE          ERROR          SIZE      DERIVATIVE 
   1    kapa       0.16640       0.16481E-07   0.62565E-06    30308.    
   2    lambda      1.0319       0.77267E-01   0.43714E-06  -0.20175E+06
   3    <pt>        4.8209       0.13672E-06   0.31101E-06  -0.75312E+06
   4    n           2.0000       constant   
 MIGRAD FAILS TO FIND IMPROVEMENT
 MIGRAD TERMINATED WITHOUT CONVERGENCE.

 FCN=   14.07484     FROM MIGRAD    STATUS=FAILED        42 CALLS     1307 TOTAL
                     EDM=  0.66E+07    STRATEGY= 1      ERR MATRIX NOT POS-DEF

  EXT PARAMETER                APPROXIMATE        STEP         FIRST   
  NO.   NAME        VALUE          ERROR          SIZE      DERIVATIVE 
   1    kapa       0.16640       0.16481E-07   -0.0000        30308.    
   2    lambda      1.0319       0.77267E-01    0.0000      -0.20175E+06
   3    <pt>        4.8209       0.13672E-06   -0.0000      -0.75312E+06
   4    n           2.0000       constant   

 EXTERNAL ERROR MATRIX.    NDIM= 100    NPAR=  3    ERR DEF=  1.00    
  0.272E-15-0.126E-08 0.223E-14
 -0.126E-08 0.597E-02-0.106E-07
  0.223E-14-0.106E-07 0.187E-13
 ERR MATRIX NOT POS-DEF

 PARAMETER  CORRELATION COEFFICIENTS
       NO.  GLOBAL     1     2     3
        1  0.99203  1.000-0.992 0.991
        2  0.99900 -0.992 1.000-0.999
        3  0.99886  0.991-0.999 1.000
 ERR MATRIX NOT POS-DEF

 FUNCTION MUST BE MINIMIZED BEFORE CALLING MIGRAD  
 START MIGRAD MINIMIZATION.  STRATEGY 1.  CONVERGENCE WHEN EDM .LT. 0.10E-03

 FCN=   14.07484     FROM MIGRAD    STATUS=INITIATE       6 CALLS     1313 TOTAL
                     EDM=  0.18E+06    STRATEGY= 1      ERR MATRIX NOT POS-DEF

  EXT PARAMETER                APPROXIMATE        STEP         FIRST   
  NO.   NAME        VALUE          ERROR          SIZE      DERIVATIVE 
   1    kapa       0.16640       0.16481E-07   -0.0000        3315.0    
   2    lambda      1.0319       0.77267E-01    0.0000       -33523.    
   3    <pt>        4.8209       0.13672E-06   -0.0000        7047.0    
   4    n           2.0000       constant   
 MIGRAD FAILS TO FIND IMPROVEMENT
 COVARIANCE MATRIX CALCULATED SUCCESSFULLY

 FCN=   13.90150     FROM HESSE     STATUS=OK            22 CALLS     1378 TOTAL
                     EDM=  0.18E+00    STRATEGY= 1      ERROR MATRIX ACCURATE 

  EXT PARAMETER                                   STEP         FIRST   
  NO.   NAME        VALUE          ERROR          SIZE      DERIVATIVE 
   1    kapa       0.16640       0.39513E-05   0.62565E-06   0.19629E+06
   2    lambda      1.0440       0.69868E-05   0.43525E-06  -0.11286E+06
   3    <pt>        4.8209       0.27350E-05   0.31101E-06  -0.45418E+06
   4    n           2.0000       constant   
 MIGRAD FAILS TO FIND IMPROVEMENT
 MIGRAD TERMINATED WITHOUT CONVERGENCE.

 FCN=   13.90150     FROM MIGRAD    STATUS=FAILED        74 CALLS     1381 TOTAL
                     EDM=  0.18E+00    STRATEGY= 1      ERR MATRIX APPROXIMATE

  EXT PARAMETER                APPROXIMATE        STEP         FIRST   
  NO.   NAME        VALUE          ERROR          SIZE      DERIVATIVE 
   1    kapa       0.16640       0.39513E-05   -0.0000       0.19629E+06
   2    lambda      1.0440       0.69868E-05    0.0000      -0.11286E+06
   3    <pt>        4.8209       0.27350E-05    0.0000      -0.45418E+06
   4    n           2.0000       constant   

 EXTERNAL ERROR MATRIX.    NDIM= 100    NPAR=  3    ERR DEF=  1.00    
  0.156E-10-0.838E-11 0.223E-11
 -0.838E-11 0.488E-10 0.461E-11
  0.223E-11 0.461E-11 0.748E-11
 ERR MATRIX APPROXIMATE

 PARAMETER  CORRELATION COEFFICIENTS
       NO.  GLOBAL     1     2     3
        1  0.41835  1.000-0.303 0.206
        2  0.43430 -0.303 1.000 0.242
        3  0.37997  0.206 0.242 1.000
 ERR MATRIX APPROXIMATE
 MINUIT WARNING IN HESSE   
 ============== Negative diagonal element  3 in Error Matrix
 MINUIT WARNING IN HESSE   
 ==============     0.87E+11 added to diagonal of error matrix
 EIGENVALUES OF SECOND-DERIVATIVE MATRIX:
        -0.1030E+07  0.6048E+00  0.1030E+07
 MINUIT WARNING IN HESSE   
 ============== MATRIX FORCED POS-DEF BY ADDING  0.10313E+07 TO DIAGONAL.
 MINUIT WARNING IN MIGRAD  
 ============== Negative diagonal element  2 in Error Matrix
 MINUIT WARNING IN MIGRAD  
 ==============     0.10E+01 added to diagonal of error matrix
 MIGRAD FAILS WITH STRATEGY=0.   WILL TRY WITH STRATEGY=1.

 MINUIT TASK: fit crystal ball function                         

 FCN=   13.90414     FROM MINOS     STATUS=NEW MINIMU    64 CALLS     1473 TOTAL
                     EDM= unknown      STRATEGY= 1      NO ERROR MATRIX       

  EXT PARAMETER                  PARABOLIC         MINOS ERRORS        
  NO.   NAME        VALUE          ERROR      NEGATIVE      POSITIVE   
   1    kapa       0.16640       0.10008E-06                            
   2    lambda      1.0440       0.63270E-05                            
   3    <pt>        4.7357       0.26545E-05                            
   4    n           2.0000       constant   

 NEW MINIMUM FOUND.  GO BACK TO MINIMIZATION STEP.
 ============================================================
                                                            V
                                                            V
                                                            V
                                                         VVVVVVV
                                                          VVVVV
                                                           VVV
                                                            V


 START MIGRAD MINIMIZATION.  STRATEGY 1.  CONVERGENCE WHEN EDM .LT. 0.50E-04

 FCN=   13.90414     FROM MIGRAD    STATUS=INITIATE       6 CALLS     1479 TOTAL
                     EDM= unknown      STRATEGY= 1      NO ERROR MATRIX       

  EXT PARAMETER               CURRENT GUESS       STEP         FIRST   
  NO.   NAME        VALUE          ERROR          SIZE      DERIVATIVE 
   1    kapa       0.16640       0.10008E-06   0.10008E-06   -44648.    
   2    lambda      1.0440       0.63270E-05   -0.0000      -0.11940E+06
   3    <pt>        4.7357       0.26545E-05   -0.0000        74856.    
   4    n           2.0000       constant   
 MIGRAD FAILS TO FIND IMPROVEMENT
 EIGENVALUES OF SECOND-DERIVATIVE MATRIX:
        -0.1458E+00  0.1338E+01  0.1808E+01
 MINUIT WARNING IN HESSE   
 ============== MATRIX FORCED POS-DEF BY ADDING  0.14759     TO DIAGONAL.

 FCN=   13.97926     FROM HESSE     STATUS=NOT POSDEF    22 CALLS     1502 TOTAL
                     EDM=  0.77E+02    STRATEGY= 1      ERR MATRIX NOT POS-DEF

  EXT PARAMETER                APPROXIMATE        STEP         FIRST   
  NO.   NAME        VALUE          ERROR          SIZE      DERIVATIVE 
   1    kapa       0.16640       0.49284E-04   0.62565E-06  -0.18868E+06
   2    lambda      1.0440       0.91249E-04   0.43525E-06  -0.22833E+06
   3    <pt>        4.7357       0.60842E-04   0.29420E-06   0.12683E+07
   4    n           2.0000       constant   
 MIGRAD FAILS TO FIND IMPROVEMENT
 MIGRAD TERMINATED WITHOUT CONVERGENCE.

 FCN=   13.95126     FROM MIGRAD    STATUS=FAILED        49 CALLS     1522 TOTAL
                     EDM=  0.45E+01    STRATEGY= 1      ERR MATRIX NOT POS-DEF

  EXT PARAMETER                APPROXIMATE        STEP         FIRST   
  NO.   NAME        VALUE          ERROR          SIZE      DERIVATIVE 
   1    kapa       0.16618       0.31464E-04    0.0000       -6526.6    
   2    lambda      1.0436       0.58221E-04    0.0000       -69921.    
   3    <pt>        4.7355       0.38604E-04    0.0000       -77405.    
   4    n           2.0000       constant   

 EXTERNAL ERROR MATRIX.    NDIM= 100    NPAR=  3    ERR DEF=  1.00    
  0.990E-09 0.181E-08 0.121E-08
  0.181E-08 0.339E-08 0.223E-08
  0.121E-08 0.223E-08 0.149E-08
 ERR MATRIX NOT POS-DEF

 PARAMETER  CORRELATION COEFFICIENTS
       NO.  GLOBAL     1     2     3
        1  0.99336  1.000 0.990 0.993
        2  0.99346  0.990 1.000 0.993
        3  0.99531  0.993 0.993 1.000
 ERR MATRIX NOT POS-DEF

 FUNCTION MUST BE MINIMIZED BEFORE CALLING MIGRAD  
 START MIGRAD MINIMIZATION.  STRATEGY 1.  CONVERGENCE WHEN EDM .LT. 0.10E-03

 FCN=   13.95126     FROM MIGRAD    STATUS=INITIATE       6 CALLS     1528 TOTAL
                     EDM=  0.15E+00    STRATEGY= 1      ERR MATRIX NOT POS-DEF

  EXT PARAMETER                APPROXIMATE        STEP         FIRST   
  NO.   NAME        VALUE          ERROR          SIZE      DERIVATIVE 
   1    kapa       0.16618       0.31464E-04    0.0000       -58027.    
   2    lambda      1.0436       0.58221E-04    0.0000        28282.    
   3    <pt>        4.7355       0.38604E-04    0.0000        23716.    
   4    n           2.0000       constant   
 MIGRAD FAILS TO FIND IMPROVEMENT
 EIGENVALUES OF SECOND-DERIVATIVE MATRIX:
        -0.1196E+01  0.1559E+01  0.2637E+01
 MINUIT WARNING IN HESSE   
 ============== MATRIX FORCED POS-DEF BY ADDING   1.1988     TO DIAGONAL.

 FCN=   13.99201     FROM HESSE     STATUS=NOT POSDEF    22 CALLS     1553 TOTAL
                     EDM=  0.29E+03    STRATEGY= 1      ERR MATRIX NOT POS-DEF

  EXT PARAMETER                APPROXIMATE        STEP         FIRST   
  NO.   NAME        VALUE          ERROR          SIZE      DERIVATIVE 
   1    kapa       0.16618       0.41953E-04   0.62573E-06   -83899.    
   2    lambda      1.0436       0.70052E-04   0.43531E-06  -0.13363E+07
   3    <pt>        4.7355       0.32867E-04   0.29415E-06   -55225.    
   4    n           2.0000       constant   
 MIGRAD FAILS TO FIND IMPROVEMENT
 MIGRAD TERMINATED WITHOUT CONVERGENCE.

 FCN=   13.67882     FROM MIGRAD    STATUS=FAILED        54 CALLS     1576 TOTAL
                     EDM=  0.50E+00    STRATEGY= 1      ERR MATRIX NOT POS-DEF

  EXT PARAMETER                APPROXIMATE        STEP         FIRST   
  NO.   NAME        VALUE          ERROR          SIZE      DERIVATIVE 
   1    kapa       0.17042       0.46966E-04   -0.0000        18312.    
   2    lambda      1.0506       0.77859E-04   -0.0000        46926.    
   3    <pt>        4.7388       0.36249E-04   -0.0000       -89610.    
   4    n           2.0000       constant   

 EXTERNAL ERROR MATRIX.    NDIM= 100    NPAR=  3    ERR DEF=  1.00    
  0.221E-08 0.365E-08 0.170E-08
  0.365E-08 0.606E-08 0.281E-08
  0.170E-08 0.281E-08 0.131E-08
 ERR MATRIX NOT POS-DEF

 PARAMETER  CORRELATION COEFFICIENTS
       NO.  GLOBAL     1     2     3
        1  0.99884  1.000 0.998 0.998
        2  0.99858  0.998 1.000 0.997
        3  0.99789  0.998 0.997 1.000
 ERR MATRIX NOT POS-DEF
 MINUIT WARNING IN HESSE   
 ============== Negative diagonal element  1 in Error Matrix
 MINUIT WARNING IN HESSE   
 ============== Negative diagonal element  3 in Error Matrix
 MINUIT WARNING IN HESSE   
 ==============     0.14E+13 added to diagonal of error matrix
 EIGENVALUES OF SECOND-DERIVATIVE MATRIX:
        -0.3296E+06  0.9253E+00  0.3296E+06
 MINUIT WARNING IN HESSE   
 ============== MATRIX FORCED POS-DEF BY ADDING  0.32996E+06 TO DIAGONAL.
 MIGRAD FAILS WITH STRATEGY=0.   WILL TRY WITH STRATEGY=1.
 MINUIT WARNING IN HESSE   
 ============== Negative diagonal element  1 in Error Matrix
 MINUIT WARNING IN HESSE   
 ============== Negative diagonal element  2 in Error Matrix
 MINUIT WARNING IN HESSE   
 ==============     0.99E+12 added to diagonal of error matrix
 EIGENVALUES OF SECOND-DERIVATIVE MATRIX:
        -0.3866E+06  0.3866E+06
 MINUIT WARNING IN HESSE   
 ============== MATRIX FORCED POS-DEF BY ADDING  0.38695E+06 TO DIAGONAL.
                         POSITIVE MINOS ERROR NOT CALCULATED FOR PARAMETER   1

 MIGRAD FAILS WITH STRATEGY=0.   WILL TRY WITH STRATEGY=1.
 MINUIT WARNING IN HESSE   
 ============== Negative diagonal element  2 in Error Matrix
 MINUIT WARNING IN HESSE   
 ==============     0.39E+12 added to diagonal of error matrix
 EIGENVALUES OF SECOND-DERIVATIVE MATRIX:
        -0.3704E+06  0.3704E+06
 MINUIT WARNING IN HESSE   
 ============== MATRIX FORCED POS-DEF BY ADDING  0.37073E+06 TO DIAGONAL.

 MINUIT TASK: fit crystal ball function                         

 FCN=   13.74613     FROM MINOS     STATUS=NEW MINIMU   111 CALLS     1709 TOTAL
                     EDM= unknown      STRATEGY= 1      NO ERROR MATRIX       

  EXT PARAMETER                  PARABOLIC         MINOS ERRORS        
  NO.   NAME        VALUE          ERROR      NEGATIVE      POSITIVE   
   1    kapa       0.17042       0.15738E-07                            
   2    lambda      1.0506       0.19882E-06                            
   3    <pt>        4.8682       0.12195                                
   4    n           2.0000       constant   

 NEW MINIMUM FOUND.  GO BACK TO MINIMIZATION STEP.
 ============================================================
                                                            V
                                                            V
                                                            V
                                                         VVVVVVV
                                                          VVVVV
                                                           VVV
                                                            V


 START MIGRAD MINIMIZATION.  STRATEGY 1.  CONVERGENCE WHEN EDM .LT. 0.50E-04

 FCN=   13.69551     FROM MIGRAD    STATUS=INITIATE      32 CALLS     1741 TOTAL
                     EDM= unknown      STRATEGY= 1      NO ERROR MATRIX       

  EXT PARAMETER               CURRENT GUESS       STEP         FIRST   
  NO.   NAME        VALUE          ERROR          SIZE      DERIVATIVE 
   1    kapa       0.17042       0.15738E-07    0.0000       -99744.    
   2    lambda      1.0506       0.19882E-06  -0.51525E-06    37974.    
   3    <pt>        4.8682       0.12195        0.0000        32031.    
   4    n           2.0000       constant   
 MIGRAD FAILS TO FIND IMPROVEMENT
 MINUIT WARNING IN HESSE   
 ============== Negative diagonal element  1 in Error Matrix
 MINUIT WARNING IN HESSE   
 ============== Negative diagonal element  2 in Error Matrix
 MINUIT WARNING IN HESSE   
 ============== Negative diagonal element  3 in Error Matrix
 MINUIT WARNING IN HESSE   
 ==============     0.72E+12 added to diagonal of error matrix
 EIGENVALUES OF SECOND-DERIVATIVE MATRIX:
        -0.3005E+07  0.7738E+00  0.3005E+07
 MINUIT WARNING IN HESSE   
 ============== MATRIX FORCED POS-DEF BY ADDING  0.30076E+07 TO DIAGONAL.

 FCN=   13.75619     FROM HESSE     STATUS=NOT POSDEF    22 CALLS     1765 TOTAL
                     EDM=  0.14E+09    STRATEGY= 1      ERR MATRIX NOT POS-DEF

  EXT PARAMETER                APPROXIMATE        STEP         FIRST   
  NO.   NAME        VALUE          ERROR          SIZE      DERIVATIVE 
   1    kapa       0.17042       0.19512E-08   0.62416E-06  -0.35836E+06
   2    lambda      1.0506       0.27077E-06   0.43421E-06    84931.    
   3    <pt>        4.8682       0.42832E-01   0.32054E-06   0.12879E+07
   4    n           2.0000       constant   
 MIGRAD FAILS TO FIND IMPROVEMENT
 MIGRAD TERMINATED WITHOUT CONVERGENCE.

 FCN=   13.75619     FROM MIGRAD    STATUS=FAILED        67 CALLS     1776 TOTAL
                     EDM=  0.14E+09    STRATEGY= 1      ERR MATRIX NOT POS-DEF

  EXT PARAMETER                APPROXIMATE        STEP         FIRST   
  NO.   NAME        VALUE          ERROR          SIZE      DERIVATIVE 
   1    kapa       0.17042       0.19512E-08    0.0000      -0.35836E+06
   2    lambda      1.0506       0.27077E-06    0.0000        84931.    
   3    <pt>        4.8682       0.42832E-01   -0.0000       0.12879E+07
   4    n           2.0000       constant   

 EXTERNAL ERROR MATRIX.    NDIM= 100    NPAR=  3    ERR DEF=  1.00    
  0.381E-17 0.387E-15-0.613E-10
  0.387E-15 0.733E-13-0.116E-07
 -0.613E-10-0.116E-07 0.183E-02
 ERR MATRIX NOT POS-DEF

 PARAMETER  CORRELATION COEFFICIENTS
       NO.  GLOBAL     1     2     3
        1  0.73298  1.000 0.732-0.733
        2  0.99900  0.732 1.000-0.999
        3  0.99900 -0.733-0.999 1.000
 ERR MATRIX NOT POS-DEF

 FUNCTION MUST BE MINIMIZED BEFORE CALLING MIGRAD  
 START MIGRAD MINIMIZATION.  STRATEGY 1.  CONVERGENCE WHEN EDM .LT. 0.10E-03

 FCN=   13.75619     FROM MIGRAD    STATUS=INITIATE       6 CALLS     1782 TOTAL
                     EDM=  0.14E+06    STRATEGY= 1      ERR MATRIX NOT POS-DEF

  EXT PARAMETER                APPROXIMATE        STEP         FIRST   
  NO.   NAME        VALUE          ERROR          SIZE      DERIVATIVE 
   1    kapa       0.17042       0.19512E-08    0.0000       -30831.    
   2    lambda      1.0506       0.27077E-06    0.0000       -61242.    
   3    <pt>        4.8682       0.42832E-01   -0.0000        41567.    
   4    n           2.0000       constant   
 MIGRAD FAILS TO FIND IMPROVEMENT
 EIGENVALUES OF SECOND-DERIVATIVE MATRIX:
        -0.1643E+00  0.1351E+01  0.1813E+01
 MINUIT WARNING IN HESSE   
 ============== MATRIX FORCED POS-DEF BY ADDING  0.16613     TO DIAGONAL.

 FCN=   13.67892     FROM HESSE     STATUS=NOT POSDEF    22 CALLS     1849 TOTAL
                     EDM=  0.16E+03    STRATEGY= 1      ERR MATRIX NOT POS-DEF

  EXT PARAMETER                APPROXIMATE        STEP         FIRST   
  NO.   NAME        VALUE          ERROR          SIZE      DERIVATIVE 
   1    kapa       0.17042       0.45198E-04   0.62416E-06    50205.    
   2    lambda      1.0506       0.74442E-04   0.43421E-06  -0.10008E+07
   3    <pt>        4.8099       0.51028E-04   0.30881E-06  -0.11483E+06
   4    n           2.0000       constant   
 MIGRAD FAILS TO FIND IMPROVEMENT
 MIGRAD TERMINATED WITHOUT CONVERGENCE.

 FCN=   13.66172     FROM MIGRAD    STATUS=FAILED        85 CALLS     1861 TOTAL
                     EDM=  0.24E-01    STRATEGY= 1      ERR MATRIX NOT POS-DEF

  EXT PARAMETER                APPROXIMATE        STEP         FIRST   
  NO.   NAME        VALUE          ERROR          SIZE      DERIVATIVE 
   1    kapa       0.17052       0.18843E-04    0.0000        6781.9    
   2    lambda      1.0508       0.30660E-04    0.0000       -6169.8    
   3    <pt>        4.8100       0.21375E-04    0.0000       -18492.    
   4    n           2.0000       constant   

 EXTERNAL ERROR MATRIX.    NDIM= 100    NPAR=  3    ERR DEF=  1.00    
  0.355E-09 0.570E-09 0.394E-09
  0.570E-09 0.940E-09 0.640E-09
  0.394E-09 0.640E-09 0.457E-09
 ERR MATRIX NOT POS-DEF

 PARAMETER  CORRELATION COEFFICIENTS
       NO.  GLOBAL     1     2     3
        1  0.98858  1.000 0.986 0.978
        2  0.98787  0.986 1.000 0.977
        3  0.98096  0.978 0.977 1.000
 ERR MATRIX NOT POS-DEF
 MINUIT WARNING IN HESSE   
 ============== Negative diagonal element  2 in Error Matrix
 MINUIT WARNING IN HESSE   
 ==============     0.19E+11 added to diagonal of error matrix
 EIGENVALUES OF SECOND-DERIVATIVE MATRIX:
        -0.1602E+07  0.1086E+01  0.1602E+07
 MINUIT WARNING IN HESSE   
 ============== MATRIX FORCED POS-DEF BY ADDING  0.16041E+07 TO DIAGONAL.
 MINUIT WARNING IN MIGRAD  
 ============== Negative diagonal element  1 in Error Matrix
 MINUIT WARNING IN MIGRAD  
 ==============     0.10E+01 added to diagonal of error matrix
 MIGRAD FAILS WITH STRATEGY=0.   WILL TRY WITH STRATEGY=1.
                         POSITIVE MINOS ERROR NOT CALCULATED FOR PARAMETER   1

 MIGRAD FAILS WITH STRATEGY=0.   WILL TRY WITH STRATEGY=1.
 MINUIT WARNING IN HESSE   
 ============== Negative diagonal element  1 in Error Matrix
 MINUIT WARNING IN HESSE   
 ============== Negative diagonal element  2 in Error Matrix
 MINUIT WARNING IN HESSE   
 ==============     0.56E+12 added to diagonal of error matrix
 EIGENVALUES OF SECOND-DERIVATIVE MATRIX:
        -0.2384E+07  0.2384E+07
 MINUIT WARNING IN HESSE   
 ============== MATRIX FORCED POS-DEF BY ADDING  0.23866E+07 TO DIAGONAL.
                         NEGATIVE MINOS ERROR NOT CALCULATED FOR PARAMETER   1

 MINUIT WARNING IN MIGRAD
 ============== STARTING MATRIX NOT POS-DEFINITE.
                         POSITIVE MINOS ERROR NOT CALCULATED FOR PARAMETER   2

 MIGRAD FAILS WITH STRATEGY=0.   WILL TRY WITH STRATEGY=1.
                         NEGATIVE MINOS ERROR NOT CALCULATED FOR PARAMETER   2

 MIGRAD FAILS WITH STRATEGY=0.   WILL TRY WITH STRATEGY=1.
 MINUIT WARNING IN HESSE   
 ============== Negative diagonal element  1 in Error Matrix
 MINUIT WARNING IN HESSE   
 ==============     0.14E+12 added to diagonal of error matrix
 EIGENVALUES OF SECOND-DERIVATIVE MATRIX:
        -0.2583E+06  0.2583E+06
 MINUIT WARNING IN HESSE   
 ============== MATRIX FORCED POS-DEF BY ADDING  0.25858E+06 TO DIAGONAL.
                         POSITIVE MINOS ERROR NOT CALCULATED FOR PARAMETER   3

 MIGRAD FAILS WITH STRATEGY=0.   WILL TRY WITH STRATEGY=1.
 MINUIT WARNING IN HESSE   
 ============== Negative diagonal element  2 in Error Matrix
 MINUIT WARNING IN HESSE   
 ==============     0.97E+11 added to diagonal of error matrix
 EIGENVALUES OF SECOND-DERIVATIVE MATRIX:
        -0.5020E+06  0.5020E+06
 MINUIT WARNING IN HESSE   
 ============== MATRIX FORCED POS-DEF BY ADDING  0.50245E+06 TO DIAGONAL.
                         NEGATIVE MINOS ERROR NOT CALCULATED FOR PARAMETER   3


 MINUIT TASK: fit crystal ball function                         

 FCN=   13.69318     FROM MINOS     STATUS=FAILURE      359 CALLS     2242 TOTAL
                     EDM=  0.88E+07    STRATEGY= 1      ERR MATRIX NOT POS-DEF

  EXT PARAMETER                  PARABOLIC         MINOS ERRORS        
  NO.   NAME        VALUE          ERROR      NEGATIVE      POSITIVE   
   1    kapa       0.17052       0.13739E-06                            
   2    lambda      1.0508       0.76616E-01                            
   3    <pt>        4.8100       0.21149E-07                            
   4    n           2.0000       constant   
 **********
 **    4 **CALL FCN   3.000    
 **********
 **********
 **    5 **STOP
 **********

 CALL TO USER FUNCTION WITH IFLAG = 3

