  MINUIT RELEASE 96.03  INITIALIZED.   DIMENSIONS 100/100  EPSMAC=  0.89E-15

 PARAMETER DEFINITIONS:
    NO.   NAME         VALUE      STEP SIZE      LIMITS
     1 'kapa      '   0.13339      0.10000E-01     0.0000       10.000    
     2 'lambda    '   0.37505      0.10000E-01     0.0000       10.000    
     3 '<pt>      '    4.5000      constant
     4 'n         '    2.0000      constant
 **********
 **    1 **CALL FCN   1.000    
 **********

 FCN=   53767.70     FROM CALl fcn  STATUS=RESET          1 CALLS        1 TOTAL
                     EDM= unknown      STRATEGY= 1      NO ERROR MATRIX       

  EXT PARAMETER               CURRENT GUESS      PHYSICAL LIMITS       
  NO.   NAME        VALUE          ERROR       NEGATIVE      POSITIVE  
   1    kapa       0.13339       0.10000E-01    0.0000        10.000    
   2    lambda     0.37505       0.10000E-01    0.0000        10.000    
   3    <pt>        4.5000       constant   
   4    n           2.0000       constant   
 **********
 **    2 **MIGRAD
 **********
 START MIGRAD MINIMIZATION.  STRATEGY 1.  CONVERGENCE WHEN EDM .LT. 0.10E-03

 FCN=   53767.70     FROM MIGRAD    STATUS=INITIATE      12 CALLS       13 TOTAL
                     EDM= unknown      STRATEGY= 1      NO ERROR MATRIX       

  EXT PARAMETER               CURRENT GUESS       STEP         FIRST   
  NO.   NAME        VALUE          ERROR          SIZE      DERIVATIVE 
   1    kapa       0.13339       0.10000E-01   0.87229E-02  -0.22285E+07
   2    lambda     0.37505       0.10000E-01   0.52637E-02   0.49875E+07
   3    <pt>        4.5000       constant   
   4    n           2.0000       constant   
 MIGRAD FAILS TO FIND IMPROVEMENT
 COVARIANCE MATRIX CALCULATED SUCCESSFULLY

 FCN=   53735.58     FROM HESSE     STATUS=OK            14 CALLS       42 TOTAL
                     EDM=  0.95E+02    STRATEGY= 1      ERROR MATRIX ACCURATE 

  EXT PARAMETER                                   STEP         FIRST   
  NO.   NAME        VALUE          ERROR          SIZE      DERIVATIVE 
   1    kapa       0.13339       0.13649E-06   0.63862E-06   0.10230E+09
   2    lambda     0.37504       0.19769E-06   0.59597E-06   0.15596E+09
   3    <pt>        4.5000       constant   
   4    n           2.0000       constant   
 MIGRAD FAILS TO FIND IMPROVEMENT
 MIGRAD TERMINATED WITHOUT CONVERGENCE.

 FCN=   53627.98     FROM MIGRAD    STATUS=FAILED        52 CALLS       53 TOTAL
                     EDM=  0.92E+02  STRATEGY=1  ERROR MATRIX UNCERTAINTY=  6.9%

  EXT PARAMETER                APPROXIMATE        STEP         FIRST   
  NO.   NAME        VALUE          ERROR          SIZE      DERIVATIVE 
   1    kapa       0.13339       0.15940E-06    0.0000      -0.17392E+08
   2    lambda     0.37504       0.18876E-06    0.0000      -0.18516E+09
   3    <pt>        4.5000       constant   
   4    n           2.0000       constant   

 EXTERNAL ERROR MATRIX.    NDIM= 100    NPAR=  2    ERR DEF=  1.00    
  0.254E-13 0.389E-14
  0.389E-14 0.356E-13
 ERR MATRIX APPROXIMATE

 PARAMETER  CORRELATION COEFFICIENTS
       NO.  GLOBAL     1     2
        1  0.12922  1.000 0.129
        2  0.12922  0.129 1.000
 ERR MATRIX APPROXIMATE
 **********
 **    3 **MINOS
 **********

 FUNCTION MUST BE MINIMIZED BEFORE CALLING MINOs   
 START MIGRAD MINIMIZATION.  STRATEGY 1.  CONVERGENCE WHEN EDM .LT. 0.10E-03

 FCN=   53627.98     FROM MIGRAD    STATUS=INITIATE       4 CALLS       57 TOTAL
                     EDM=  0.77E+01  STRATEGY=1  ERROR MATRIX UNCERTAINTY=  6.9%

  EXT PARAMETER                APPROXIMATE        STEP         FIRST   
  NO.   NAME        VALUE          ERROR          SIZE      DERIVATIVE 
   1    kapa       0.13339       0.15940E-06    0.0000      -0.50240E+07
   2    lambda     0.37504       0.18876E-06    0.0000       0.51299E+08
   3    <pt>        4.5000       constant   
   4    n           2.0000       constant   
 MIGRAD FAILS TO FIND IMPROVEMENT
 COVARIANCE MATRIX CALCULATED SUCCESSFULLY

 FCN=   53637.83     FROM HESSE     STATUS=OK            14 CALLS       72 TOTAL
                     EDM=  0.17E+04    STRATEGY= 1      ERROR MATRIX ACCURATE 

  EXT PARAMETER                                   STEP         FIRST   
  NO.   NAME        VALUE          ERROR          SIZE      DERIVATIVE 
   1    kapa       0.13339       0.11154E-06   0.63862E-06  -0.16622E+09
   2    lambda     0.37504       0.13522E-06   0.56315E-06   0.99127E+09
   3    <pt>        4.5000       constant   
   4    n           2.0000       constant   
 MIGRAD FAILS TO FIND IMPROVEMENT
 MIGRAD TERMINATED WITHOUT CONVERGENCE.

 FCN=   53637.83     FROM MIGRAD    STATUS=FAILED        24 CALLS       77 TOTAL
                     EDM=  0.17E+04    STRATEGY= 1      ERR MATRIX APPROXIMATE

  EXT PARAMETER                APPROXIMATE        STEP         FIRST   
  NO.   NAME        VALUE          ERROR          SIZE      DERIVATIVE 
   1    kapa       0.13339       0.11154E-06    0.0000      -0.16622E+09
   2    lambda     0.37504       0.13522E-06   -0.0000       0.99127E+09
   3    <pt>        4.5000       constant   
   4    n           2.0000       constant   

 EXTERNAL ERROR MATRIX.    NDIM= 100    NPAR=  2    ERR DEF=  1.00    
  0.124E-13-0.983E-14
 -0.983E-14 0.183E-13
 ERR MATRIX APPROXIMATE

 PARAMETER  CORRELATION COEFFICIENTS
       NO.  GLOBAL     1     2
        1  0.65199  1.000-0.652
        2  0.65199 -0.652 1.000
 ERR MATRIX APPROXIMATE
 MINUIT WARNING IN HESSE   
 ============== Negative diagonal element  1 in Error Matrix
 MINUIT WARNING IN HESSE   
 ==============     0.39E+15 added to diagonal of error matrix
 EIGENVALUES OF SECOND-DERIVATIVE MATRIX:
        -0.2207E+08  0.2207E+08
 MINUIT WARNING IN HESSE   
 ============== MATRIX FORCED POS-DEF BY ADDING  0.22092E+08 TO DIAGONAL.
 MINUIT WARNING IN MNCROS    
 ============== Cannot find slope of the right sign

 MINUIT TASK: fit crystal ball function                         

 FCN=   22185.29     FROM MINOS     STATUS=NEW MINIMU    56 CALLS      151 TOTAL
                     EDM= unknown      STRATEGY= 1      NO ERROR MATRIX       

  EXT PARAMETER                  PARABOLIC         MINOS ERRORS        
  NO.   NAME        VALUE          ERROR      NEGATIVE      POSITIVE   
   1    kapa       0.25079       0.77240E-02                            
   2    lambda     0.37504       0.29336E-10                            
   3    <pt>        4.5000       constant   
   4    n           2.0000       constant   

 NEW MINIMUM FOUND.  GO BACK TO MINIMIZATION STEP.
 ============================================================
                                                            V
                                                            V
                                                            V
                                                         VVVVVVV
                                                          VVVVV
                                                           VVV
                                                            V


 START MIGRAD MINIMIZATION.  STRATEGY 1.  CONVERGENCE WHEN EDM .LT. 0.50E-04

 FCN=   22185.29     FROM MIGRAD    STATUS=INITIATE       4 CALLS      155 TOTAL
                     EDM= unknown      STRATEGY= 1      NO ERROR MATRIX       

  EXT PARAMETER               CURRENT GUESS       STEP         FIRST   
  NO.   NAME        VALUE          ERROR          SIZE      DERIVATIVE 
   1    kapa       0.25079       0.77240E-02   0.77240E-02  -0.11478E+08
   2    lambda     0.37504       0.29336E-10    0.0000       0.75358E+07
   3    <pt>        4.5000       constant   
   4    n           2.0000       constant   
 MIGRAD FAILS TO FIND IMPROVEMENT
 COVARIANCE MATRIX CALCULATED SUCCESSFULLY

 FCN=   22170.88     FROM HESSE     STATUS=OK            14 CALLS      170 TOTAL
                     EDM=  0.12E+03    STRATEGY= 1      ERROR MATRIX ACCURATE 

  EXT PARAMETER                                   STEP         FIRST   
  NO.   NAME        VALUE          ERROR          SIZE      DERIVATIVE 
   1    kapa       0.25079       0.24714E-06   0.59735E-06  -0.13761E+09
   2    lambda     0.37504       0.16947E-06   0.56315E-06  -0.70590E+08
   3    <pt>        4.5000       constant   
   4    n           2.0000       constant   
 MIGRAD FAILS TO FIND IMPROVEMENT
 MIGRAD TERMINATED WITHOUT CONVERGENCE.

 FCN=   22170.88     FROM MIGRAD    STATUS=FAILED        22 CALLS      173 TOTAL
                     EDM=  0.12E+03    STRATEGY= 1      ERR MATRIX APPROXIMATE

  EXT PARAMETER                APPROXIMATE        STEP         FIRST   
  NO.   NAME        VALUE          ERROR          SIZE      DERIVATIVE 
   1    kapa       0.25079       0.24714E-06    0.0000      -0.13761E+09
   2    lambda     0.37504       0.16947E-06    0.0000      -0.70590E+08
   3    <pt>        4.5000       constant   
   4    n           2.0000       constant   

 EXTERNAL ERROR MATRIX.    NDIM= 100    NPAR=  2    ERR DEF=  1.00    
  0.611E-13-0.529E-14
 -0.529E-14 0.287E-13
 ERR MATRIX APPROXIMATE

 PARAMETER  CORRELATION COEFFICIENTS
       NO.  GLOBAL     1     2
        1  0.12641  1.000-0.126
        2  0.12641 -0.126 1.000
 ERR MATRIX APPROXIMATE

 FUNCTION MUST BE MINIMIZED BEFORE CALLING MIGRAD  
 START MIGRAD MINIMIZATION.  STRATEGY 1.  CONVERGENCE WHEN EDM .LT. 0.10E-03

 FCN=   22170.88     FROM MIGRAD    STATUS=INITIATE       4 CALLS      177 TOTAL
                     EDM=  0.60E+01    STRATEGY= 1      ERR MATRIX APPROXIMATE

  EXT PARAMETER                APPROXIMATE        STEP         FIRST   
  NO.   NAME        VALUE          ERROR          SIZE      DERIVATIVE 
   1    kapa       0.25079       0.24714E-06    0.0000       0.33946E+07
   2    lambda     0.37504       0.16947E-06    0.0000      -0.53745E+08
   3    <pt>        4.5000       constant   
   4    n           2.0000       constant   
 MIGRAD FAILS TO FIND IMPROVEMENT
 MINUIT WARNING IN HESSE   
 ============== Negative diagonal element  1 in Error Matrix
 MINUIT WARNING IN HESSE   
 ==============     0.15E+15 added to diagonal of error matrix
 EIGENVALUES OF SECOND-DERIVATIVE MATRIX:
        -0.1862E+08  0.1862E+08
 MINUIT WARNING IN HESSE   
 ============== MATRIX FORCED POS-DEF BY ADDING  0.18636E+08 TO DIAGONAL.

 FCN=   22221.70     FROM HESSE     STATUS=NOT POSDEF    14 CALLS      192 TOTAL
                     EDM=  0.46E+11    STRATEGY= 1      ERR MATRIX NOT POS-DEF

  EXT PARAMETER                APPROXIMATE        STEP         FIRST   
  NO.   NAME        VALUE          ERROR          SIZE      DERIVATIVE 
   1    kapa       0.25079       0.11463E-01   0.59735E-06  -0.58295E+08
   2    lambda     0.37504       0.98483E-09   0.56315E-06  -0.40795E+09
   3    <pt>        4.5000       constant   
   4    n           2.0000       constant   
 MIGRAD FAILS TO FIND IMPROVEMENT
 MIGRAD TERMINATED WITHOUT CONVERGENCE.

 FCN=   183.4158     FROM MIGRAD    STATUS=FAILED        48 CALLS      221 TOTAL
                     EDM=  0.11E+02    STRATEGY= 1      ERR MATRIX NOT POS-DEF

  EXT PARAMETER                APPROXIMATE        STEP         FIRST   
  NO.   NAME        VALUE          ERROR          SIZE      DERIVATIVE 
   1    kapa       0.82563       0.22365E-02    0.0000       -572.45    
   2    lambda     0.37488       0.11758E-09   -0.0000      -0.40663E+06
   3    <pt>        4.5000       constant   
   4    n           2.0000       constant   

 EXTERNAL ERROR MATRIX.    NDIM= 100    NPAR=  2    ERR DEF=  1.00    
  0.500E-05-0.244E-12
 -0.244E-12 0.138E-19
 ERR MATRIX NOT POS-DEF

 PARAMETER  CORRELATION COEFFICIENTS
       NO.  GLOBAL     1     2
        1  0.92734  1.000-0.927
        2  0.92734 -0.927 1.000
 ERR MATRIX NOT POS-DEF
 EIGENVALUES OF SECOND-DERIVATIVE MATRIX:
        -0.2278E+00  0.2228E+01
 MINUIT WARNING IN HESSE   
 ============== MATRIX FORCED POS-DEF BY ADDING  0.23001     TO DIAGONAL.
 MINUIT WARNING IN MIGRAD  
 ============== Negative diagonal element  1 in Error Matrix
 MINUIT WARNING IN MIGRAD  
 ==============     0.10E+01 added to diagonal of error matrix
 MIGRAD FAILS WITH STRATEGY=0.   WILL TRY WITH STRATEGY=1.
 MINUIT WARNING IN HESSE   
 ============== Negative diagonal element  1 in Error Matrix
 MINUIT WARNING IN HESSE   
 ==============     0.34E+13 added to diagonal of error matrix
                         POSITIVE MINOS ERROR NOT CALCULATED FOR PARAMETER   1

 MIGRAD FAILS WITH STRATEGY=0.   WILL TRY WITH STRATEGY=1.
                         NEGATIVE MINOS ERROR NOT CALCULATED FOR PARAMETER   1

 MIGRAD FAILS WITH STRATEGY=0.   WILL TRY WITH STRATEGY=1.

 MINUIT TASK: fit crystal ball function                         

 FCN=   182.3289     FROM MINOS     STATUS=NEW MINIMU    92 CALLS      327 TOTAL
                     EDM= unknown      STRATEGY= 1      NO ERROR MATRIX       

  EXT PARAMETER                  PARABOLIC         MINOS ERRORS        
  NO.   NAME        VALUE          ERROR      NEGATIVE      POSITIVE   
   1    kapa       0.81791       0.62735E-03                            
   2    lambda     0.37491       0.27934E-04                            
   3    <pt>        4.5000       constant   
   4    n           2.0000       constant   

 NEW MINIMUM FOUND.  GO BACK TO MINIMIZATION STEP.
 ============================================================
                                                            V
                                                            V
                                                            V
                                                         VVVVVVV
                                                          VVVVV
                                                           VVV
                                                            V


 START MIGRAD MINIMIZATION.  STRATEGY 1.  CONVERGENCE WHEN EDM .LT. 0.50E-04

 FCN=   182.3289     FROM MIGRAD    STATUS=INITIATE       8 CALLS      335 TOTAL
                     EDM= unknown      STRATEGY= 1      NO ERROR MATRIX       

  EXT PARAMETER               CURRENT GUESS       STEP         FIRST   
  NO.   NAME        VALUE          ERROR          SIZE      DERIVATIVE 
   1    kapa       0.81791       0.62735E-03    0.0000      -0.71175E+06
   2    lambda     0.37491       0.27934E-04   0.27934E-04   0.21763E+06
   3    <pt>        4.5000       constant   
   4    n           2.0000       constant   
 MIGRAD FAILS TO FIND IMPROVEMENT
 MINUIT WARNING IN HESSE   
 ============== Negative diagonal element  1 in Error Matrix
 MINUIT WARNING IN HESSE   
 ============== Negative diagonal element  2 in Error Matrix
 MINUIT WARNING IN HESSE   
 ==============     0.26E+13 added to diagonal of error matrix
 EIGENVALUES OF SECOND-DERIVATIVE MATRIX:
        -0.1571E+07  0.1571E+07
 MINUIT WARNING IN HESSE   
 ============== MATRIX FORCED POS-DEF BY ADDING  0.15724E+07 TO DIAGONAL.

 FCN=   183.3905     FROM HESSE     STATUS=NOT POSDEF    14 CALLS      350 TOTAL
                     EDM=  0.45E+08    STRATEGY= 1      ERR MATRIX NOT POS-DEF

  EXT PARAMETER                APPROXIMATE        STEP         FIRST   
  NO.   NAME        VALUE          ERROR          SIZE      DERIVATIVE 
   1    kapa       0.81791       0.69155E-01   0.56223E-06   0.53100E+06
   2    lambda     0.37491       0.68607E-07   0.56319E-06   0.51494E+07
   3    <pt>        4.5000       constant   
   4    n           2.0000       constant   
 MIGRAD FAILS TO FIND IMPROVEMENT
 MIGRAD TERMINATED WITHOUT CONVERGENCE.

 FCN=   183.3905     FROM MIGRAD    STATUS=FAILED        34 CALLS      361 TOTAL
                     EDM=  0.45E+08    STRATEGY= 1      ERR MATRIX NOT POS-DEF

  EXT PARAMETER                APPROXIMATE        STEP         FIRST   
  NO.   NAME        VALUE          ERROR          SIZE      DERIVATIVE 
   1    kapa       0.81791       0.69155E-01   -0.0000       0.53100E+06
   2    lambda     0.37491       0.68607E-07    0.0000       0.51494E+07
   3    <pt>        4.5000       constant   
   4    n           2.0000       constant   

 EXTERNAL ERROR MATRIX.    NDIM= 100    NPAR=  2    ERR DEF=  1.00    
  0.478E-02-0.474E-08
 -0.474E-08 0.471E-14
 ERR MATRIX NOT POS-DEF

 PARAMETER  CORRELATION COEFFICIENTS
       NO.  GLOBAL     1     2
        1  0.99900  1.000-0.999
        2  0.99900 -0.999 1.000
 ERR MATRIX NOT POS-DEF

 FUNCTION MUST BE MINIMIZED BEFORE CALLING MIGRAD  
 START MIGRAD MINIMIZATION.  STRATEGY 1.  CONVERGENCE WHEN EDM .LT. 0.10E-03

 FCN=   183.3905     FROM MIGRAD    STATUS=INITIATE       4 CALLS      365 TOTAL
                     EDM=  0.10E+08    STRATEGY= 1      ERR MATRIX NOT POS-DEF

  EXT PARAMETER                APPROXIMATE        STEP         FIRST   
  NO.   NAME        VALUE          ERROR          SIZE      DERIVATIVE 
   1    kapa       0.81791       0.69155E-01   -0.0000       0.25136E+06
   2    lambda     0.37491       0.68607E-07    0.0000      -0.52279E+06
   3    <pt>        4.5000       constant   
   4    n           2.0000       constant   
 MIGRAD FAILS TO FIND IMPROVEMENT
 MINUIT WARNING IN HESSE   
 ============== Negative diagonal element  1 in Error Matrix
 MINUIT WARNING IN HESSE   
 ============== Negative diagonal element  2 in Error Matrix
 MINUIT WARNING IN HESSE   
 ==============     0.59E+13 added to diagonal of error matrix
 EIGENVALUES OF SECOND-DERIVATIVE MATRIX:
        -0.6050E+06  0.6050E+06
 MINUIT WARNING IN HESSE   
 ============== MATRIX FORCED POS-DEF BY ADDING  0.60563E+06 TO DIAGONAL.

 FCN=   183.4074     FROM HESSE     STATUS=NOT POSDEF    14 CALLS      390 TOTAL
                     EDM=  0.14E+10    STRATEGY= 1      ERR MATRIX NOT POS-DEF

  EXT PARAMETER                APPROXIMATE        STEP         FIRST   
  NO.   NAME        VALUE          ERROR          SIZE      DERIVATIVE 
   1    kapa       0.81791       0.11141       0.47241E-06  -0.18668E+07
   2    lambda     0.37491       0.39014E-07   0.56319E-06   0.34906E+07
   3    <pt>        4.5000       constant   
   4    n           2.0000       constant   
 MIGRAD FAILS TO FIND IMPROVEMENT
 MIGRAD TERMINATED WITHOUT CONVERGENCE.

 FCN=   183.4074     FROM MIGRAD    STATUS=FAILED        40 CALLS      401 TOTAL
                     EDM=  0.14E+10    STRATEGY= 1      ERR MATRIX NOT POS-DEF

  EXT PARAMETER                APPROXIMATE        STEP         FIRST   
  NO.   NAME        VALUE          ERROR          SIZE      DERIVATIVE 
   1    kapa       0.81791       0.11141        0.0000      -0.18668E+07
   2    lambda     0.37491       0.39014E-07    0.0000       0.34906E+07
   3    <pt>        4.5000       constant   
   4    n           2.0000       constant   

 EXTERNAL ERROR MATRIX.    NDIM= 100    NPAR=  2    ERR DEF=  1.00    
  0.124E-01 0.434E-08
  0.434E-08 0.152E-14
 ERR MATRIX NOT POS-DEF

 PARAMETER  CORRELATION COEFFICIENTS
       NO.  GLOBAL     1     2
        1  0.99900  1.000 0.999
        2  0.99900  0.999 1.000
 ERR MATRIX NOT POS-DEF
 MINUIT WARNING IN HESSE   
 ============== Negative diagonal element  2 in Error Matrix
 MINUIT WARNING IN HESSE   
 ==============     0.16E+13 added to diagonal of error matrix
 EIGENVALUES OF SECOND-DERIVATIVE MATRIX:
        -0.1677E+07  0.1677E+07
 MINUIT WARNING IN HESSE   
 ============== MATRIX FORCED POS-DEF BY ADDING  0.16785E+07 TO DIAGONAL.
 MINUIT WARNING IN MIGRAD  
 ============== Negative diagonal element  1 in Error Matrix
 MINUIT WARNING IN MIGRAD  
 ==============     0.10E+01 added to diagonal of error matrix
 MIGRAD FAILS WITH STRATEGY=0.   WILL TRY WITH STRATEGY=1.
 MINUIT WARNING IN HESSE   
 ============== Negative diagonal element  1 in Error Matrix
 MINUIT WARNING IN HESSE   
 ==============     0.34E+07 added to diagonal of error matrix

 MINUIT TASK: fit crystal ball function                         

 FCN=   74.73785     FROM MINOS     STATUS=NEW MINIMU    56 CALLS      475 TOTAL
                     EDM= unknown      STRATEGY= 1      NO ERROR MATRIX       

  EXT PARAMETER                  PARABOLIC         MINOS ERRORS        
  NO.   NAME        VALUE          ERROR      NEGATIVE      POSITIVE   
   1    kapa       0.81791       0.39481E-07                            
   2    lambda     0.34157        6.0689                                
   3    <pt>        4.5000       constant   
   4    n           2.0000       constant   

 NEW MINIMUM FOUND.  GO BACK TO MINIMIZATION STEP.
 ============================================================
                                                            V
                                                            V
                                                            V
                                                         VVVVVVV
                                                          VVVVV
                                                           VVV
                                                            V


 START MIGRAD MINIMIZATION.  STRATEGY 1.  CONVERGENCE WHEN EDM .LT. 0.50E-04

 FCN=   74.73785     FROM MIGRAD    STATUS=INITIATE       6 CALLS      481 TOTAL
                     EDM= unknown      STRATEGY= 1      NO ERROR MATRIX       

  EXT PARAMETER               CURRENT GUESS       STEP         FIRST   
  NO.   NAME        VALUE          ERROR          SIZE      DERIVATIVE 
   1    kapa       0.81791       0.39481E-07   0.39481E-07   0.15828E+06
   2    lambda     0.34157        6.0689       -0.0000        68810.    
   3    <pt>        4.5000       constant   
   4    n           2.0000       constant   
 MIGRAD FAILS TO FIND IMPROVEMENT
 MINUIT WARNING IN HESSE   
 ============== Negative diagonal element  1 in Error Matrix
 MINUIT WARNING IN HESSE   
 ==============     0.42E+12 added to diagonal of error matrix
 EIGENVALUES OF SECOND-DERIVATIVE MATRIX:
        -0.7180E+06  0.7180E+06
 MINUIT WARNING IN HESSE   
 ============== MATRIX FORCED POS-DEF BY ADDING  0.71874E+06 TO DIAGONAL.

 FCN=   74.71021     FROM HESSE     STATUS=NOT POSDEF    14 CALLS      498 TOTAL
                     EDM=  0.21E+09    STRATEGY= 1      ERR MATRIX NOT POS-DEF

  EXT PARAMETER                APPROXIMATE        STEP         FIRST   
  NO.   NAME        VALUE          ERROR          SIZE      DERIVATIVE 
   1    kapa       0.81791       0.10227       0.47241E-06  -0.78484E+06
   2    lambda     0.34157       0.50739E-07   0.57174E-06  -0.31551E+07
   3    <pt>        4.5000       constant   
   4    n           2.0000       constant   
 MIGRAD FAILS TO FIND IMPROVEMENT
 MIGRAD TERMINATED WITHOUT CONVERGENCE.

 FCN=   74.71021     FROM MIGRAD    STATUS=FAILED        34 CALLS      509 TOTAL
                     EDM=  0.21E+09    STRATEGY= 1      ERR MATRIX NOT POS-DEF

  EXT PARAMETER                APPROXIMATE        STEP         FIRST   
  NO.   NAME        VALUE          ERROR          SIZE      DERIVATIVE 
   1    kapa       0.81791       0.10227        0.0000      -0.78484E+06
   2    lambda     0.34157       0.50739E-07    0.0000      -0.31551E+07
   3    <pt>        4.5000       constant   
   4    n           2.0000       constant   

 EXTERNAL ERROR MATRIX.    NDIM= 100    NPAR=  2    ERR DEF=  1.00    
  0.105E-01 0.519E-08
  0.519E-08 0.257E-14
 ERR MATRIX NOT POS-DEF

 PARAMETER  CORRELATION COEFFICIENTS
       NO.  GLOBAL     1     2
        1  0.99900  1.000 0.999
        2  0.99900  0.999 1.000
 ERR MATRIX NOT POS-DEF

 FUNCTION MUST BE MINIMIZED BEFORE CALLING MIGRAD  
 START MIGRAD MINIMIZATION.  STRATEGY 1.  CONVERGENCE WHEN EDM .LT. 0.10E-03

 FCN=   74.71021     FROM MIGRAD    STATUS=INITIATE       4 CALLS      513 TOTAL
                     EDM=  0.43E+07    STRATEGY= 1      ERR MATRIX NOT POS-DEF

  EXT PARAMETER                APPROXIMATE        STEP         FIRST   
  NO.   NAME        VALUE          ERROR          SIZE      DERIVATIVE 
   1    kapa       0.81791       0.10227        0.0000       0.11093E+06
   2    lambda     0.34157       0.50739E-07    0.0000      -0.41744E+06
   3    <pt>        4.5000       constant   
   4    n           2.0000       constant   
 MIGRAD FAILS TO FIND IMPROVEMENT
 COVARIANCE MATRIX CALCULATED SUCCESSFULLY

 FCN=   71.19847     FROM HESSE     STATUS=OK            14 CALLS      553 TOTAL
                     EDM=  0.91E-02    STRATEGY= 1      ERROR MATRIX ACCURATE 

  EXT PARAMETER                                   STEP         FIRST   
  NO.   NAME        VALUE          ERROR          SIZE      DERIVATIVE 
   1    kapa       0.81429       0.80864E-05   0.10250E-05   -36432.    
   2    lambda     0.34157       0.27622E-05   0.57174E-06   0.17849E+06
   3    <pt>        4.5000       constant   
   4    n           2.0000       constant   
 MIGRAD FAILS TO FIND IMPROVEMENT
 MIGRAD TERMINATED WITHOUT CONVERGENCE.

 FCN=   71.16343     FROM MIGRAD    STATUS=FAILED        57 CALLS      566 TOTAL
                     EDM=  0.40E-01  STRATEGY=1  ERROR MATRIX UNCERTAINTY= 39.2%

  EXT PARAMETER                APPROXIMATE        STEP         FIRST   
  NO.   NAME        VALUE          ERROR          SIZE      DERIVATIVE 
   1    kapa       0.81429       0.55415E-05    0.0000       -19177.    
   2    lambda     0.34157       0.14951E-05    0.0000      -0.23104E+06
   3    <pt>        4.5000       constant   
   4    n           2.0000       constant   

 EXTERNAL ERROR MATRIX.    NDIM= 100    NPAR=  2    ERR DEF=  1.00    
  0.307E-10 0.492E-11
  0.492E-11 0.224E-11
 ERR MATRIX APPROXIMATE

 PARAMETER  CORRELATION COEFFICIENTS
       NO.  GLOBAL     1     2
        1  0.59346  1.000 0.593
        2  0.59346  0.593 1.000
 ERR MATRIX APPROXIMATE
 MINUIT WARNING IN HESSE   
 ============== Negative diagonal element  1 in Error Matrix
 MINUIT WARNING IN HESSE   
 ============== Negative diagonal element  2 in Error Matrix
 MINUIT WARNING IN HESSE   
 ==============     0.15E+13 added to diagonal of error matrix
 EIGENVALUES OF SECOND-DERIVATIVE MATRIX:
        -0.6376E+06  0.6376E+06
 MINUIT WARNING IN HESSE   
 ============== MATRIX FORCED POS-DEF BY ADDING  0.63825E+06 TO DIAGONAL.
 MIGRAD FAILS WITH STRATEGY=0.   WILL TRY WITH STRATEGY=1.
                         POSITIVE MINOS ERROR NOT CALCULATED FOR PARAMETER   1

 MIGRAD FAILS WITH STRATEGY=0.   WILL TRY WITH STRATEGY=1.
                         NEGATIVE MINOS ERROR NOT CALCULATED FOR PARAMETER   1

 MINUIT WARNING IN MIGRAD
 ============== STARTING MATRIX NOT POS-DEFINITE.
                         POSITIVE MINOS ERROR NOT CALCULATED FOR PARAMETER   2

 MIGRAD FAILS WITH STRATEGY=0.   WILL TRY WITH STRATEGY=1.
 MINUIT WARNING IN HESSE   
 ============== Negative diagonal element  1 in Error Matrix
 MINUIT WARNING IN HESSE   
 ==============     0.22E+12 added to diagonal of error matrix
                         NEGATIVE MINOS ERROR NOT CALCULATED FOR PARAMETER   2


 MINUIT TASK: fit crystal ball function                         

 FCN=   71.56866     FROM MINOS     STATUS=FAILURE      120 CALLS      700 TOTAL
                     EDM=  0.44E+09    STRATEGY= 1      ERR MATRIX NOT POS-DEF

  EXT PARAMETER                  PARABOLIC         MINOS ERRORS        
  NO.   NAME        VALUE          ERROR      NEGATIVE      POSITIVE   
   1    kapa       0.81429       0.92919E-07                            
   2    lambda     0.34157       0.71930E-01                            
   3    <pt>        4.5000       constant   
   4    n           2.0000       constant   
 **********
 **    4 **CALL FCN   3.000    
 **********

 FCN=   71.51845     FROM CALl fcn  STATUS=FAILURE        1 CALLS      701 TOTAL
                     EDM=  0.44E+09    STRATEGY= 1      ERR MATRIX NOT POS-DEF

  EXT PARAMETER                APPROXIMATE        STEP         FIRST   
  NO.   NAME        VALUE          ERROR          SIZE      DERIVATIVE 
   1    kapa       0.81429       0.92919E-07   -0.0000        11620.    
   2    lambda     0.34157       0.71930E-01   0.71930E-01   0.62080E+07
   3    <pt>        4.5000       constant   
   4    n           2.0000       constant   
 **********
 **    5 **STOP
 **********
