  MINUIT RELEASE 96.03  INITIALIZED.   DIMENSIONS 100/100  EPSMAC=  0.89E-15

 PARAMETER DEFINITIONS:
    NO.   NAME         VALUE      STEP SIZE      LIMITS
     1 'kapa      '   0.68068      0.10000         0.0000       1.0000    
     2 'lambda    '   0.44775E-01  0.10000E-01     0.0000       1.0000    
     3 '<pt>      '    13.500      constant
     4 'n         '    2.0000      constant
 **********
 **    1 **CALL FCN   1.000    
 **********

 FCN=   2424.653     FROM CALl fcn  STATUS=RESET          1 CALLS        1 TOTAL
                     EDM= unknown      STRATEGY= 1      NO ERROR MATRIX       

  EXT PARAMETER               CURRENT GUESS      PHYSICAL LIMITS       
  NO.   NAME        VALUE          ERROR       NEGATIVE      POSITIVE  
   1    kapa       0.68068       0.10000        0.0000        1.0000    
   2    lambda     0.44775E-01   0.10000E-01    0.0000        1.0000    
   3    <pt>        13.500       constant   
   4    n           2.0000       constant   
 **********
 **    2 **MIGRAD
 **********
 START MIGRAD MINIMIZATION.  STRATEGY 1.  CONVERGENCE WHEN EDM .LT. 0.10E-03

 FCN=   2419.739     FROM MIGRAD    STATUS=INITIATE      31 CALLS       32 TOTAL
                     EDM= unknown      STRATEGY= 1      NO ERROR MATRIX       

  EXT PARAMETER               CURRENT GUESS       STEP         FIRST   
  NO.   NAME        VALUE          ERROR          SIZE      DERIVATIVE 
   1    kapa       0.68073       0.10000       0.11672E-03  -0.37074E+07
   2    lambda     0.44775E-01   0.10000E-01    0.0000      -0.19780E+07
   3    <pt>        13.500       constant   
   4    n           2.0000       constant   
 MIGRAD FAILS TO FIND IMPROVEMENT
 MINUIT WARNING IN HESSE   
 ============== Negative diagonal element  1 in Error Matrix
 MINUIT WARNING IN HESSE   
 ==============     0.14E+15 added to diagonal of error matrix
 EIGENVALUES OF SECOND-DERIVATIVE MATRIX:
        -0.1085E+07  0.1085E+07
 MINUIT WARNING IN HESSE   
 ============== MATRIX FORCED POS-DEF BY ADDING  0.10857E+07 TO DIAGONAL.

 FCN=   2429.252     FROM HESSE     STATUS=NOT POSDEF    20 CALLS       53 TOTAL
                     EDM=  0.48E+12    STRATEGY= 1      ERR MATRIX NOT POS-DEF

  EXT PARAMETER                APPROXIMATE        STEP         FIRST   
  NO.   NAME        VALUE          ERROR          SIZE      DERIVATIVE 
   1    kapa       0.68073       0.14157E-01   0.17635E-06   0.45811E+08
   2    lambda     0.44775E-01   0.51919E-09   0.54568E-06   0.14826E+08
   3    <pt>        13.500       constant   
   4    n           2.0000       constant   
 MIGRAD FAILS TO FIND IMPROVEMENT
 MIGRAD TERMINATED WITHOUT CONVERGENCE.

 FCN=   1002.601     FROM MIGRAD    STATUS=FAILED        85 CALLS       86 TOTAL
                     EDM=  0.26E+03    STRATEGY= 1      ERR MATRIX NOT POS-DEF

  EXT PARAMETER                APPROXIMATE        STEP         FIRST   
  NO.   NAME        VALUE          ERROR          SIZE      DERIVATIVE 
   1    kapa       0.45892       0.10121E-02   -0.0000        1014.3    
   2    lambda     0.44763E-01   0.41727E-10   -0.0000      -0.76398E+06
   3    <pt>        13.500       constant   
   4    n           2.0000       constant   

 EXTERNAL ERROR MATRIX.    NDIM= 100    NPAR=  2    ERR DEF=  1.00    
  0.102E-05 0.351E-13
  0.351E-13 0.174E-20
 ERR MATRIX NOT POS-DEF

 PARAMETER  CORRELATION COEFFICIENTS
       NO.  GLOBAL     1     2
        1  0.83121  1.000 0.831
        2  0.83121  0.831 1.000
 ERR MATRIX NOT POS-DEF
 **********
 **    3 **MINOS
 **********

 FUNCTION MUST BE MINIMIZED BEFORE CALLING MINOs   
 START MIGRAD MINIMIZATION.  STRATEGY 1.  CONVERGENCE WHEN EDM .LT. 0.10E-03

 FCN=   1002.601     FROM MIGRAD    STATUS=INITIATE       4 CALLS       90 TOTAL
                     EDM=  0.99E+01    STRATEGY= 1      ERR MATRIX NOT POS-DEF

  EXT PARAMETER                APPROXIMATE        STEP         FIRST   
  NO.   NAME        VALUE          ERROR          SIZE      DERIVATIVE 
   1    kapa       0.45892       0.10121E-02   -0.0000        687.55    
   2    lambda     0.44763E-01   0.41727E-10   -0.0000       0.73401E+06
   3    <pt>        13.500       constant   
   4    n           2.0000       constant   
 MIGRAD FAILS TO FIND IMPROVEMENT
 EIGENVALUES OF SECOND-DERIVATIVE MATRIX:
        -0.1292E+01  0.3292E+01
 MINUIT WARNING IN HESSE   
 ============== MATRIX FORCED POS-DEF BY ADDING   1.2951     TO DIAGONAL.

 FCN=   1004.287     FROM HESSE     STATUS=NOT POSDEF    14 CALLS      106 TOTAL
                     EDM=  0.51E+04    STRATEGY= 1      ERR MATRIX NOT POS-DEF

  EXT PARAMETER                APPROXIMATE        STEP         FIRST   
  NO.   NAME        VALUE          ERROR          SIZE      DERIVATIVE 
   1    kapa       0.45892       0.32009E-02   0.31463E-03    5279.1    
   2    lambda     0.44763E-01   0.19668E-05   0.54571E-06   0.11455E+08
   3    <pt>        13.500       constant   
   4    n           2.0000       constant   
 MINUIT WARNING IN MIGRAD  
 ============== Negative diagonal element  1 in Error Matrix
 MINUIT WARNING IN MIGRAD  
 ============== Negative diagonal element  2 in Error Matrix
 MINUIT WARNING IN MIGRAD  
 ==============     0.10E+01 added to diagonal of error matrix
 MINUIT WARNING IN MIGRAD  
 ============== Negative diagonal element  1 in Error Matrix
 MINUIT WARNING IN MIGRAD  
 ============== Negative diagonal element  2 in Error Matrix
 MINUIT WARNING IN MIGRAD  
 ==============     0.11E+01 added to diagonal of error matrix
 MIGRAD FAILS TO FIND IMPROVEMENT
 MIGRAD TERMINATED WITHOUT CONVERGENCE.

 FCN=   887.4351     FROM MIGRAD    STATUS=FAILED        83 CALLS      169 TOTAL
                     EDM=  0.35E+08    STRATEGY= 1      ERR MATRIX NOT POS-DEF

  EXT PARAMETER                APPROXIMATE        STEP         FIRST   
  NO.   NAME        VALUE          ERROR          SIZE      DERIVATIVE 
   1    kapa       0.59124       0.72781        0.0000       -3121.9    
   2    lambda     0.41052E-01   0.52683        0.0000      -0.74420E+06
   3    <pt>        13.500       constant   
   4    n           2.0000       constant   

 EXTERNAL ERROR MATRIX.    NDIM= 100    NPAR=  2    ERR DEF=  1.00    
  0.242E+00 0.715E-05
  0.715E-05 0.421E-01
 ERR MATRIX NOT POS-DEF

 PARAMETER  CORRELATION COEFFICIENTS
       NO.  GLOBAL     1     2
        1  0.00007  1.000 0.000
        2  0.00007  0.000 1.000
 ERR MATRIX NOT POS-DEF
 MINUIT WARNING IN HESSE   
 ============== Negative diagonal element  2 in Error Matrix
 MINUIT WARNING IN HESSE   
 ==============     0.32E+12 added to diagonal of error matrix
 EIGENVALUES OF SECOND-DERIVATIVE MATRIX:
        -0.1020E+05  0.1020E+05
 MINUIT WARNING IN HESSE   
 ============== MATRIX FORCED POS-DEF BY ADDING   10212.     TO DIAGONAL.
 MINUIT WARNING IN MIGRAD  
 ============== Negative diagonal element  1 in Error Matrix
 MINUIT WARNING IN MIGRAD  
 ==============     0.10E+01 added to diagonal of error matrix
 MIGRAD FAILS WITH STRATEGY=0.   WILL TRY WITH STRATEGY=1.
                         POSITIVE MINOS ERROR NOT CALCULATED FOR PARAMETER   1

 MIGRAD FAILS WITH STRATEGY=0.   WILL TRY WITH STRATEGY=1.
                         NEGATIVE MINOS ERROR NOT CALCULATED FOR PARAMETER   1

 MINUIT WARNING IN MIGRAD
 ============== STARTING MATRIX NOT POS-DEFINITE.
                         POSITIVE MINOS ERROR NOT CALCULATED FOR PARAMETER   2

 MINUIT WARNING IN MIGRAD  
 ============== Negative diagonal element  1 in Error Matrix
 MINUIT WARNING IN MIGRAD  
 ==============     0.10E+01 added to diagonal of error matrix
 MIGRAD FAILS WITH STRATEGY=0.   WILL TRY WITH STRATEGY=1.
                         NEGATIVE MINOS ERROR NOT CALCULATED FOR PARAMETER   2


 MINUIT TASK: fit crystal ball function                         

 FCN=   886.3325     FROM MINOS     STATUS=FAILURE      151 CALLS      336 TOTAL
                     EDM=  0.12E+12    STRATEGY= 1      ERR MATRIX NOT POS-DEF

  EXT PARAMETER                  PARABOLIC         MINOS ERRORS        
  NO.   NAME        VALUE          ERROR      NEGATIVE      POSITIVE   
   1    kapa       0.59124       0.27338E-06                            
   2    lambda     0.41052E-01   0.61118E-01                            
   3    <pt>        13.500       constant   
   4    n           2.0000       constant   
 **********
 **    4 **CALL FCN   3.000    
 **********

 FCN=   886.1506     FROM CALl fcn  STATUS=FAILURE        1 CALLS      337 TOTAL
                     EDM=  0.12E+12    STRATEGY= 1      ERR MATRIX NOT POS-DEF

  EXT PARAMETER                APPROXIMATE        STEP         FIRST   
  NO.   NAME        VALUE          ERROR          SIZE      DERIVATIVE 
   1    kapa       0.59124       0.27338E-06    0.0000       -20173.    
   2    lambda     0.41052E-01   0.61118E-01   0.61118E-01  -0.48525E+09
   3    <pt>        13.500       constant   
   4    n           2.0000       constant   
 **********
 **    5 **STOP
 **********
