  MINUIT RELEASE 96.03  INITIALIZED.   DIMENSIONS 100/100  EPSMAC=  0.89E-15

 PARAMETER DEFINITIONS:
    NO.   NAME         VALUE      STEP SIZE      LIMITS
     1 'kapa      '   0.79254      0.10000E-01     0.0000       10.000    
     2 'lambda    '    1.4061      0.10000E-01     0.0000       10.000    
     3 '<pt>      '   0.11377      0.10000         0.0000       6.0000    
     4 'n         '    2.0000      constant
 **********
 **    1 **CALL FCN   1.000    
 **********

 FCN=   132.7961     FROM CALl fcn  STATUS=RESET          1 CALLS        1 TOTAL
                     EDM= unknown      STRATEGY= 1      NO ERROR MATRIX       

  EXT PARAMETER               CURRENT GUESS      PHYSICAL LIMITS       
  NO.   NAME        VALUE          ERROR       NEGATIVE      POSITIVE  
   1    kapa       0.79254       0.10000E-01    0.0000        10.000    
   2    lambda      1.4061       0.10000E-01    0.0000        10.000    
   3    <pt>       0.11377       0.10000        0.0000        6.0000    
   4    n           2.0000       constant   
 **********
 **    2 **MIGRAD
 **********
 START MIGRAD MINIMIZATION.  STRATEGY 1.  CONVERGENCE WHEN EDM .LT. 0.10E-03

 FCN=   132.2437     FROM MIGRAD    STATUS=INITIATE      37 CALLS       38 TOTAL
                     EDM= unknown      STRATEGY= 1      NO ERROR MATRIX       

  EXT PARAMETER               CURRENT GUESS       STEP         FIRST   
  NO.   NAME        VALUE          ERROR          SIZE      DERIVATIVE 
   1    kapa       0.79254       0.10000E-01    0.0000      -0.38853E+06
   2    lambda      1.4061       0.10000E-01  -0.38244E-06   0.12231E+06
   3    <pt>       0.11377       0.10000        0.0000        59981.    
   4    n           2.0000       constant   
 MIGRAD FAILS TO FIND IMPROVEMENT
 EIGENVALUES OF SECOND-DERIVATIVE MATRIX:
        -0.2720E+01  0.5237E+00  0.5197E+01
 MINUIT WARNING IN HESSE   
 ============== MATRIX FORCED POS-DEF BY ADDING   2.7256     TO DIAGONAL.

 FCN=   132.3473     FROM HESSE     STATUS=NOT POSDEF    22 CALLS       61 TOTAL
                     EDM=  0.69E+02    STRATEGY= 1      ERR MATRIX NOT POS-DEF

  EXT PARAMETER                APPROXIMATE        STEP         FIRST   
  NO.   NAME        VALUE          ERROR          SIZE      DERIVATIVE 
   1    kapa       0.79254       0.72842E-05   0.47686E-06   0.51176E+07
   2    lambda      1.4061       0.17329E-04   0.38244E-06   0.38863E+07
   3    <pt>       0.11377       0.22676E-04   0.61727E-06  -0.79772E+06
   4    n           2.0000       constant   
 MIGRAD FAILS TO FIND IMPROVEMENT
 MIGRAD TERMINATED WITHOUT CONVERGENCE.

 FCN=   132.1066     FROM MIGRAD    STATUS=FAILED        94 CALLS       95 TOTAL
                     EDM=  0.16E+01    STRATEGY= 1      ERR MATRIX NOT POS-DEF

  EXT PARAMETER                APPROXIMATE        STEP         FIRST   
  NO.   NAME        VALUE          ERROR          SIZE      DERIVATIVE 
   1    kapa       0.79254       0.65792E-06   -0.0000      -0.57896E+06
   2    lambda      1.4061       0.11833E-05   -0.0000      -0.84373E+06
   3    <pt>       0.11378       0.11844E-05   -0.0000       0.14512E+06
   4    n           2.0000       constant   

 EXTERNAL ERROR MATRIX.    NDIM= 100    NPAR=  3    ERR DEF=  1.00    
  0.433E-12-0.756E-12-0.419E-12
 -0.756E-12 0.140E-11 0.101E-11
 -0.419E-12 0.101E-11 0.140E-11
 ERR MATRIX NOT POS-DEF

 PARAMETER  CORRELATION COEFFICIENTS
       NO.  GLOBAL     1     2     3
        1  0.99888  1.000-0.971-0.538
        2  0.99924 -0.971 1.000 0.721
        3  0.99058 -0.538 0.721 1.000
 ERR MATRIX NOT POS-DEF
 **********
 **    3 **MINOS
 **********

 FUNCTION MUST BE MINIMIZED BEFORE CALLING MINOs   
 START MIGRAD MINIMIZATION.  STRATEGY 1.  CONVERGENCE WHEN EDM .LT. 0.10E-03

 FCN=   132.1066     FROM MIGRAD    STATUS=INITIATE       6 CALLS      101 TOTAL
                     EDM=  0.10E+02    STRATEGY= 1      ERR MATRIX NOT POS-DEF

  EXT PARAMETER                APPROXIMATE        STEP         FIRST   
  NO.   NAME        VALUE          ERROR          SIZE      DERIVATIVE 
   1    kapa       0.79254       0.65792E-06   -0.0000      -0.16745E+06
   2    lambda      1.4061       0.11833E-05   -0.0000      -0.32824E+06
   3    <pt>       0.11378       0.11844E-05   -0.0000       0.21924E+06
   4    n           2.0000       constant   
 MIGRAD FAILS TO FIND IMPROVEMENT
 MINUIT WARNING IN HESSE   
 ============== Negative diagonal element  1 in Error Matrix
 MINUIT WARNING IN HESSE   
 ============== Negative diagonal element  3 in Error Matrix
 MINUIT WARNING IN HESSE   
 ==============     0.15E+13 added to diagonal of error matrix
 EIGENVALUES OF SECOND-DERIVATIVE MATRIX:
        -0.1723E+07 -0.2884E+01  0.1723E+07
 MINUIT WARNING IN HESSE   
 ============== MATRIX FORCED POS-DEF BY ADDING  0.17250E+07 TO DIAGONAL.

 FCN=   132.7360     FROM HESSE     STATUS=NOT POSDEF    22 CALLS      124 TOTAL
                     EDM=  0.61E+09    STRATEGY= 1      ERR MATRIX NOT POS-DEF

  EXT PARAMETER                APPROXIMATE        STEP         FIRST   
  NO.   NAME        VALUE          ERROR          SIZE      DERIVATIVE 
   1    kapa       0.79254       0.65276E-07   0.47686E-06   0.15844E+07
   2    lambda      1.4061       0.32582E-07   0.38244E-06  -0.17107E+07
   3    <pt>       0.11378       0.19717E-01   0.61727E-06  -0.20541E+07
   4    n           2.0000       constant   
 MIGRAD FAILS TO FIND IMPROVEMENT
 MIGRAD TERMINATED WITHOUT CONVERGENCE.

 FCN=   95.89531     FROM MIGRAD    STATUS=FAILED        68 CALLS      163 TOTAL
                     EDM=  0.17E+01    STRATEGY= 1      ERR MATRIX NOT POS-DEF

  EXT PARAMETER                APPROXIMATE        STEP         FIRST   
  NO.   NAME        VALUE          ERROR          SIZE      DERIVATIVE 
   1    kapa       0.79335       0.50414E-08   -0.0000      -0.11420E+06
   2    lambda      1.4057       0.25962E-08    0.0000        47840.    
   3    <pt>        5.9947       0.19920E-03   -0.0000        80.427    
   4    n           2.0000       constant   

 EXTERNAL ERROR MATRIX.    NDIM= 100    NPAR=  3    ERR DEF=  1.00    
  0.254E-16-0.459E-17 0.604E-12
 -0.459E-17 0.674E-17-0.302E-12
  0.604E-12-0.302E-12 0.397E-07
 ERR MATRIX NOT POS-DEF

 PARAMETER  CORRELATION COEFFICIENTS
       NO.  GLOBAL     1     2     3
        1  0.60183  1.000-0.351 0.602
        2  0.58324 -0.351 1.000-0.583
        3  0.72113  0.602-0.583 1.000
 ERR MATRIX NOT POS-DEF
 EIGENVALUES OF SECOND-DERIVATIVE MATRIX:
        -0.4140E+00  0.1674E+01  0.1740E+01
 MINUIT WARNING IN HESSE   
 ============== MATRIX FORCED POS-DEF BY ADDING  0.41579     TO DIAGONAL.
 EIGENVALUES OF SECOND-DERIVATIVE MATRIX:
        -0.1355E+01  0.3355E+01
 MINUIT WARNING IN MIGRAD  
 ============== MATRIX FORCED POS-DEF BY ADDING   1.3588     TO DIAGONAL.
 MIGRAD FAILS WITH STRATEGY=0.   WILL TRY WITH STRATEGY=1.
 MINUIT WARNING IN HESSE   
 ============== Negative diagonal element  1 in Error Matrix
 MINUIT WARNING IN HESSE   
 ============== Negative diagonal element  2 in Error Matrix
 MINUIT WARNING IN HESSE   
 ==============     0.10E+13 added to diagonal of error matrix
 EIGENVALUES OF SECOND-DERIVATIVE MATRIX:
        -0.1095E+04  0.1097E+04
 MINUIT WARNING IN HESSE   
 ============== MATRIX FORCED POS-DEF BY ADDING   1096.0     TO DIAGONAL.
                         POSITIVE MINOS ERROR NOT CALCULATED FOR PARAMETER   1

 MIGRAD FAILS WITH STRATEGY=0.   WILL TRY WITH STRATEGY=1.
 MINUIT WARNING IN HESSE   
 ============== Negative diagonal element  1 in Error Matrix
 MINUIT WARNING IN HESSE   
 ============== Negative diagonal element  2 in Error Matrix
 MINUIT WARNING IN HESSE   
 ==============     0.17E+10 added to diagonal of error matrix
 EIGENVALUES OF SECOND-DERIVATIVE MATRIX:
        -0.8891E+03  0.8911E+03
 MINUIT WARNING IN HESSE   
 ============== MATRIX FORCED POS-DEF BY ADDING   889.98     TO DIAGONAL.

 MINUIT TASK: fit crystal ball function                         

 FCN=   6.178212     FROM MINOS     STATUS=NEW MINIMU   110 CALLS      295 TOTAL
                     EDM= unknown      STRATEGY= 1      NO ERROR MATRIX       

  EXT PARAMETER                  PARABOLIC         MINOS ERRORS        
  NO.   NAME        VALUE          ERROR      NEGATIVE      POSITIVE   
   1    kapa       0.79327       0.71951E-04                            
   2    lambda     0.97532       0.50278E-01                            
   3    <pt>       0.77993E-01   0.84069E-06                            
   4    n           2.0000       constant   

 NEW MINIMUM FOUND.  GO BACK TO MINIMIZATION STEP.
 ============================================================
                                                            V
                                                            V
                                                            V
                                                         VVVVVVV
                                                          VVVVV
                                                           VVV
                                                            V


 START MIGRAD MINIMIZATION.  STRATEGY 1.  CONVERGENCE WHEN EDM .LT. 0.50E-04

 FCN=   6.109748     FROM MIGRAD    STATUS=INITIATE      33 CALLS      328 TOTAL
                     EDM= unknown      STRATEGY= 1      NO ERROR MATRIX       

  EXT PARAMETER               CURRENT GUESS       STEP         FIRST   
  NO.   NAME        VALUE          ERROR          SIZE      DERIVATIVE 
   1    kapa       0.79329       0.71951E-04   0.57207E-05   -11154.    
   2    lambda     0.97532       0.50278E-01   -0.0000       -43150.    
   3    <pt>       0.77993E-01   0.84069E-06   -0.0000        11015.    
   4    n           2.0000       constant   
 MIGRAD FAILS TO FIND IMPROVEMENT
 MINUIT WARNING IN HESSE   
 ============== Negative diagonal element  1 in Error Matrix
 MINUIT WARNING IN HESSE   
 ============== Negative diagonal element  2 in Error Matrix
 MINUIT WARNING IN HESSE   
 ============== Negative diagonal element  3 in Error Matrix
 MINUIT WARNING IN HESSE   
 ==============     0.43E+12 added to diagonal of error matrix
 EIGENVALUES OF SECOND-DERIVATIVE MATRIX:
        -0.5310E+06  0.7009E+00  0.5310E+06
 MINUIT WARNING IN HESSE   
 ============== MATRIX FORCED POS-DEF BY ADDING  0.53151E+06 TO DIAGONAL.

 FCN=   6.170556     FROM HESSE     STATUS=NOT POSDEF    20 CALLS      349 TOTAL
                     EDM=  0.31E+07    STRATEGY= 1      ERR MATRIX NOT POS-DEF

  EXT PARAMETER                APPROXIMATE        STEP         FIRST   
  NO.   NAME        VALUE          ERROR          SIZE      DERIVATIVE 
   1    kapa       0.79329       0.11727       0.47672E-06   -81611.    
   2    lambda     0.97532       0.14964E-06   0.57521E-06   -38178.    
   3    <pt>       0.77993E-01   0.31134E-07   0.64005E-06   -65912.    
   4    n           2.0000       constant   
 MIGRAD FAILS TO FIND IMPROVEMENT
 MIGRAD TERMINATED WITHOUT CONVERGENCE.

 FCN=   6.170556     FROM MIGRAD    STATUS=FAILED        65 CALLS      360 TOTAL
                     EDM=  0.31E+07    STRATEGY= 1      ERR MATRIX NOT POS-DEF

  EXT PARAMETER                APPROXIMATE        STEP         FIRST   
  NO.   NAME        VALUE          ERROR          SIZE      DERIVATIVE 
   1    kapa       0.79329       0.11727        0.0000       -81611.    
   2    lambda     0.97532       0.14964E-06   -0.0000       -38178.    
   3    <pt>       0.77993E-01   0.31134E-07   -0.0000       -65912.    
   4    n           2.0000       constant   

 EXTERNAL ERROR MATRIX.    NDIM= 100    NPAR=  3    ERR DEF=  1.00    
  0.138E-01-0.175E-07-0.364E-08
 -0.175E-07 0.224E-13 0.464E-14
 -0.364E-08 0.464E-14 0.969E-15
 ERR MATRIX NOT POS-DEF

 PARAMETER  CORRELATION COEFFICIENTS
       NO.  GLOBAL     1     2     3
        1  0.99900  1.000-0.998-0.998
        2  0.99817 -0.998 1.000 0.996
        3  0.99781 -0.998 0.996 1.000
 ERR MATRIX NOT POS-DEF

 FUNCTION MUST BE MINIMIZED BEFORE CALLING MIGRAD  
 START MIGRAD MINIMIZATION.  STRATEGY 1.  CONVERGENCE WHEN EDM .LT. 0.10E-03

 FCN=   6.170556     FROM MIGRAD    STATUS=INITIATE       6 CALLS      366 TOTAL
                     EDM=  0.27E+06    STRATEGY= 1      ERR MATRIX NOT POS-DEF

  EXT PARAMETER                APPROXIMATE        STEP         FIRST   
  NO.   NAME        VALUE          ERROR          SIZE      DERIVATIVE 
   1    kapa       0.79329       0.11727        0.0000        24068.    
   2    lambda     0.97532       0.14964E-06   -0.0000       -58692.    
   3    <pt>       0.77993E-01   0.31134E-07   -0.0000        17866.    
   4    n           2.0000       constant   
 MINUIT WARNING IN MIGRAD  
 ============== Negative diagonal element  1 in Error Matrix
 MINUIT WARNING IN MIGRAD  
 ==============     0.10E+01 added to diagonal of error matrix
 MIGRAD FAILS TO FIND IMPROVEMENT
 MINUIT WARNING IN HESSE   
 ============== Negative diagonal element  1 in Error Matrix
 MINUIT WARNING IN HESSE   
 ============== Negative diagonal element  2 in Error Matrix
 MINUIT WARNING IN HESSE   
 ============== Negative diagonal element  3 in Error Matrix
 MINUIT WARNING IN HESSE   
 ==============     0.41E+12 added to diagonal of error matrix
 EIGENVALUES OF SECOND-DERIVATIVE MATRIX:
        -0.5035E+06  0.8209E+00  0.5035E+06
 MINUIT WARNING IN HESSE   
 ============== MATRIX FORCED POS-DEF BY ADDING  0.50402E+06 TO DIAGONAL.

 FCN=   5.533962     FROM HESSE     STATUS=NOT POSDEF    22 CALLS      447 TOTAL
                     EDM=  0.36E+09    STRATEGY= 1      ERR MATRIX NOT POS-DEF

  EXT PARAMETER                APPROXIMATE        STEP         FIRST   
  NO.   NAME        VALUE          ERROR          SIZE      DERIVATIVE 
   1    kapa       0.70100       0.11377       0.49347E-06  -0.85058E+06
   2    lambda     0.97532       0.23558E-06   0.44611E-06  -0.38529E+06
   3    <pt>       0.77993E-01   0.25933E-07   0.64005E-06   -70982.    
   4    n           2.0000       constant   
 MIGRAD FAILS TO FIND IMPROVEMENT
 MIGRAD TERMINATED WITHOUT CONVERGENCE.

 FCN=   5.533962     FROM MIGRAD    STATUS=FAILED        98 CALLS      458 TOTAL
                     EDM=  0.36E+09    STRATEGY= 1      ERR MATRIX NOT POS-DEF

  EXT PARAMETER                APPROXIMATE        STEP         FIRST   
  NO.   NAME        VALUE          ERROR          SIZE      DERIVATIVE 
   1    kapa       0.70100       0.11377        0.0000      -0.85058E+06
   2    lambda     0.97532       0.23558E-06   -0.0000      -0.38529E+06
   3    <pt>       0.77993E-01   0.25933E-07   -0.0000       -70982.    
   4    n           2.0000       constant   

 EXTERNAL ERROR MATRIX.    NDIM= 100    NPAR=  3    ERR DEF=  1.00    
  0.130E-01-0.268E-07-0.294E-08
 -0.268E-07 0.555E-13 0.608E-14
 -0.294E-08 0.608E-14 0.673E-15
 ERR MATRIX NOT POS-DEF

 PARAMETER  CORRELATION COEFFICIENTS
       NO.  GLOBAL     1     2     3
        1  0.99900  1.000-0.999-0.996
        2  0.99868 -0.999 1.000 0.995
        3  0.99596 -0.996 0.995 1.000
 ERR MATRIX NOT POS-DEF
 MINUIT WARNING IN HESSE   
 ============== Negative diagonal element  2 in Error Matrix
 MINUIT WARNING IN HESSE   
 ============== Negative diagonal element  3 in Error Matrix
 MINUIT WARNING IN HESSE   
 ==============     0.19E+12 added to diagonal of error matrix
 EIGENVALUES OF SECOND-DERIVATIVE MATRIX:
        -0.2542E+06  0.1006E+01  0.2542E+06
 MINUIT WARNING IN HESSE   
 ============== MATRIX FORCED POS-DEF BY ADDING  0.25447E+06 TO DIAGONAL.
 MIGRAD FAILS WITH STRATEGY=0.   WILL TRY WITH STRATEGY=1.
 MINUIT WARNING IN HESSE   
 ============== Negative diagonal element  2 in Error Matrix
 MINUIT WARNING IN HESSE   
 ==============     0.17E+12 added to diagonal of error matrix
 EIGENVALUES OF SECOND-DERIVATIVE MATRIX:
        -0.1765E+06  0.1765E+06
 MINUIT WARNING IN HESSE   
 ============== MATRIX FORCED POS-DEF BY ADDING  0.17663E+06 TO DIAGONAL.
                         POSITIVE MINOS ERROR NOT CALCULATED FOR PARAMETER   1

 MINUIT WARNING IN MIGRAD  
 ============== Negative diagonal element  2 in Error Matrix
 MINUIT WARNING IN MIGRAD  
 ==============     0.10E+01 added to diagonal of error matrix
 MIGRAD FAILS WITH STRATEGY=0.   WILL TRY WITH STRATEGY=1.
 MINUIT WARNING IN HESSE   
 ============== Negative diagonal element  2 in Error Matrix
 MINUIT WARNING IN HESSE   
 ==============     0.89E+11 added to diagonal of error matrix
 EIGENVALUES OF SECOND-DERIVATIVE MATRIX:
        -0.2752E+06  0.2752E+06
 MINUIT WARNING IN HESSE   
 ============== MATRIX FORCED POS-DEF BY ADDING  0.27548E+06 TO DIAGONAL.
                         NEGATIVE MINOS ERROR NOT CALCULATED FOR PARAMETER   1

                         POSITIVE MINOS ERROR NOT CALCULATED FOR PARAMETER   2

 MINUIT WARNING IN MIGRAD
 ============== STARTING MATRIX NOT POS-DEFINITE.
                         NEGATIVE MINOS ERROR NOT CALCULATED FOR PARAMETER   2

 MIGRAD FAILS WITH STRATEGY=0.   WILL TRY WITH STRATEGY=1.
 MINUIT WARNING IN HESSE   
 ============== Negative diagonal element  1 in Error Matrix
 MINUIT WARNING IN HESSE   
 ============== Negative diagonal element  2 in Error Matrix
 MINUIT WARNING IN HESSE   
 ==============     0.37E+12 added to diagonal of error matrix
 EIGENVALUES OF SECOND-DERIVATIVE MATRIX:
        -0.8591E+06  0.8591E+06
 MINUIT WARNING IN HESSE   
 ============== MATRIX FORCED POS-DEF BY ADDING  0.85993E+06 TO DIAGONAL.
                         POSITIVE MINOS ERROR NOT CALCULATED FOR PARAMETER   3

 MIGRAD FAILS WITH STRATEGY=0.   WILL TRY WITH STRATEGY=1.
 MINUIT WARNING IN HESSE   
 ============== Negative diagonal element  1 in Error Matrix
 MINUIT WARNING IN HESSE   
 ============== Negative diagonal element  2 in Error Matrix
 MINUIT WARNING IN HESSE   
 ==============     0.18E+12 added to diagonal of error matrix
 EIGENVALUES OF SECOND-DERIVATIVE MATRIX:
        -0.2137E+06  0.2137E+06
 MINUIT WARNING IN HESSE   
 ============== MATRIX FORCED POS-DEF BY ADDING  0.21390E+06 TO DIAGONAL.

 MINUIT TASK: fit crystal ball function                         

 FCN=   5.306755     FROM MINOS     STATUS=NEW MINIMU   322 CALLS      812 TOTAL
                     EDM= unknown      STRATEGY= 1      NO ERROR MATRIX       

  EXT PARAMETER                  PARABOLIC         MINOS ERRORS        
  NO.   NAME        VALUE          ERROR      NEGATIVE      POSITIVE   
   1    kapa       0.70100       0.51262E-06                            
   2    lambda     0.95959       0.20138                                
   3    <pt>       0.77993E-01   0.54892E-08                            
   4    n           2.0000       constant   

 NEW MINIMUM FOUND.  GO BACK TO MINIMIZATION STEP.
 ============================================================
                                                            V
                                                            V
                                                            V
                                                         VVVVVVV
                                                          VVVVV
                                                           VVV
                                                            V


 START MIGRAD MINIMIZATION.  STRATEGY 1.  CONVERGENCE WHEN EDM .LT. 0.50E-04

 FCN=   5.240840     FROM MIGRAD    STATUS=INITIATE      20 CALLS      832 TOTAL
                     EDM= unknown      STRATEGY= 1      NO ERROR MATRIX       

  EXT PARAMETER               CURRENT GUESS       STEP         FIRST   
  NO.   NAME        VALUE          ERROR          SIZE      DERIVATIVE 
   1    kapa       0.70100       0.51262E-06   0.67195E-06   -21075.    
   2    lambda     0.95959       0.20138        0.0000        3060.2    
   3    <pt>       0.77993E-01   0.54892E-08    0.0000       -27071.    
   4    n           2.0000       constant   
 MIGRAD FAILS TO FIND IMPROVEMENT
 MINUIT WARNING IN HESSE   
 ============== Negative diagonal element  1 in Error Matrix
 MINUIT WARNING IN HESSE   
 ============== Negative diagonal element  2 in Error Matrix
 MINUIT WARNING IN HESSE   
 ============== Negative diagonal element  3 in Error Matrix
 MINUIT WARNING IN HESSE   
 ==============     0.30E+12 added to diagonal of error matrix
 EIGENVALUES OF SECOND-DERIVATIVE MATRIX:
        -0.8723E+06  0.7275E+00  0.8723E+06
 MINUIT WARNING IN HESSE   
 ============== MATRIX FORCED POS-DEF BY ADDING  0.87320E+06 TO DIAGONAL.

 FCN=   5.318743     FROM HESSE     STATUS=NOT POSDEF    22 CALLS      855 TOTAL
                     EDM=  0.52E+06    STRATEGY= 1      ERR MATRIX NOT POS-DEF

  EXT PARAMETER                APPROXIMATE        STEP         FIRST   
  NO.   NAME        VALUE          ERROR          SIZE      DERIVATIVE 
   1    kapa       0.70100       0.86449E-01   0.49347E-06    42684.    
   2    lambda     0.95959       0.40691E-06   0.44865E-06   -16960.    
   3    <pt>       0.77993E-01   0.50782E-08   0.64005E-06   -37205.    
   4    n           2.0000       constant   
 MINUIT WARNING IN MIGRAD  
 ============== Negative diagonal element  1 in Error Matrix
 MINUIT WARNING IN MIGRAD  
 ==============     0.10E+01 added to diagonal of error matrix
 MIGRAD FAILS TO FIND IMPROVEMENT
 MIGRAD TERMINATED WITHOUT CONVERGENCE.

 FCN=   5.096205     FROM MIGRAD    STATUS=FAILED        71 CALLS      883 TOTAL
                     EDM=  0.14E+07    STRATEGY= 1      ERR MATRIX NOT POS-DEF

  EXT PARAMETER                APPROXIMATE        STEP         FIRST   
  NO.   NAME        VALUE          ERROR          SIZE      DERIVATIVE 
   1    kapa       0.64200        5.0296       -0.0000        70763.    
   2    lambda     0.95959        5.3105       -0.0000        370.52    
   3    <pt>       0.77993E-01    3.3857        0.0000       -19855.    
   4    n           2.0000       constant   

 EXTERNAL ERROR MATRIX.    NDIM= 100    NPAR=  3    ERR DEF=  1.00    
  0.601E+01 0.494E-10 0.520E-12
  0.494E-10 0.868E+01-0.255E-17
  0.520E-12-0.255E-17 0.462E+00
 ERR MATRIX NOT POS-DEF

 PARAMETER  CORRELATION COEFFICIENTS
       NO.  GLOBAL     1     2     3
        1  0.00000  1.000 0.000 0.000
        2  0.00000  0.000 1.000-0.000
        3  0.00000  0.000-0.000 1.000
 ERR MATRIX NOT POS-DEF

 FUNCTION MUST BE MINIMIZED BEFORE CALLING MIGRAD  
 START MIGRAD MINIMIZATION.  STRATEGY 1.  CONVERGENCE WHEN EDM .LT. 0.10E-03

 FCN=   5.096205     FROM MIGRAD    STATUS=INITIATE       6 CALLS      889 TOTAL
                     EDM=  0.36E+12    STRATEGY= 1      ERR MATRIX NOT POS-DEF

  EXT PARAMETER                APPROXIMATE        STEP         FIRST   
  NO.   NAME        VALUE          ERROR          SIZE      DERIVATIVE 
   1    kapa       0.64200        5.0296       -0.0000        50133.    
   2    lambda     0.95959        5.3105       -0.0000       -16206.    
   3    <pt>       0.77993E-01    3.3857        0.0000       -2451.4    
   4    n           2.0000       constant   
 MIGRAD FAILS TO FIND IMPROVEMENT
 MINUIT WARNING IN HESSE   
 ============== Negative diagonal element  1 in Error Matrix
 MINUIT WARNING IN HESSE   
 ============== Negative diagonal element  2 in Error Matrix
 MINUIT WARNING IN HESSE   
 ============== Negative diagonal element  3 in Error Matrix
 MINUIT WARNING IN HESSE   
 ==============     0.37E+12 added to diagonal of error matrix
 EIGENVALUES OF SECOND-DERIVATIVE MATRIX:
        -0.7065E+06 -0.8960E-02  0.7065E+06
 MINUIT WARNING IN HESSE   
 ============== MATRIX FORCED POS-DEF BY ADDING  0.70720E+06 TO DIAGONAL.

 FCN=   5.148884     FROM HESSE     STATUS=NOT POSDEF    22 CALLS      922 TOTAL
                     EDM=  0.26E+07    STRATEGY= 1      ERR MATRIX NOT POS-DEF

  EXT PARAMETER                APPROXIMATE        STEP         FIRST   
  NO.   NAME        VALUE          ERROR          SIZE      DERIVATIVE 
   1    kapa       0.64200       0.28517E-06   0.50471E-06   -14710.    
   2    lambda     0.95959       0.11081       0.44865E-06    86135.    
   3    <pt>       0.77993E-01   0.20856E-07   0.64005E-06   -44454.    
   4    n           2.0000       constant   
 MINUIT WARNING IN MIGRAD  
 ============== Negative diagonal element  2 in Error Matrix
 MINUIT WARNING IN MIGRAD  
 ==============     0.10E+01 added to diagonal of error matrix
 MIGRAD FAILS TO FIND IMPROVEMENT
 MIGRAD TERMINATED WITHOUT CONVERGENCE.

 FCN=   4.779460     FROM MIGRAD    STATUS=FAILED        81 CALLS      964 TOTAL
                     EDM=  0.31E+06    STRATEGY= 1      ERR MATRIX NOT POS-DEF

  EXT PARAMETER                APPROXIMATE        STEP         FIRST   
  NO.   NAME        VALUE          ERROR          SIZE      DERIVATIVE 
   1    kapa       0.64200        5.0296        0.0000       -11447.    
   2    lambda     0.92951        5.2861       -0.0000        34289.    
   3    <pt>       0.77993E-01    3.3857       -0.0000        8415.9    
   4    n           2.0000       constant   

 EXTERNAL ERROR MATRIX.    NDIM= 100    NPAR=  3    ERR DEF=  1.00    
  0.601E+01 0.231E-12-0.436E-19
  0.231E-12 0.843E+01 0.167E-13
 -0.436E-19 0.167E-13 0.462E+00
 ERR MATRIX NOT POS-DEF

 PARAMETER  CORRELATION COEFFICIENTS
       NO.  GLOBAL     1     2     3
        1  0.00000  1.000 0.000-0.000
        2  0.00000  0.000 1.000 0.000
        3  0.00000 -0.000 0.000 1.000
 ERR MATRIX NOT POS-DEF
 MINUIT WARNING IN HESSE   
 ============== Negative diagonal element  2 in Error Matrix
 MINUIT WARNING IN HESSE   
 ============== Negative diagonal element  3 in Error Matrix
 MINUIT WARNING IN HESSE   
 ==============     0.74E+11 added to diagonal of error matrix
 EIGENVALUES OF SECOND-DERIVATIVE MATRIX:
        -0.4245E+06 -0.1107E+00  0.4245E+06
 MINUIT WARNING IN HESSE   
 ============== MATRIX FORCED POS-DEF BY ADDING  0.42493E+06 TO DIAGONAL.
 MIGRAD FAILS WITH STRATEGY=0.   WILL TRY WITH STRATEGY=1.

 MINUIT TASK: fit crystal ball function                         

 FCN=   4.775608     FROM MINOS     STATUS=NEW MINIMU    43 CALLS     1029 TOTAL
                     EDM= unknown      STRATEGY= 1      NO ERROR MATRIX       

  EXT PARAMETER                  PARABOLIC         MINOS ERRORS        
  NO.   NAME        VALUE          ERROR      NEGATIVE      POSITIVE   
   1    kapa       0.64200       0.18649E-06                            
   2    lambda     0.93387       0.82444E-05                            
   3    <pt>       0.77993E-01   0.43283E-05                            
   4    n           2.0000       constant   

 NEW MINIMUM FOUND.  GO BACK TO MINIMIZATION STEP.
 ============================================================
                                                            V
                                                            V
                                                            V
                                                         VVVVVVV
                                                          VVVVV
                                                           VVV
                                                            V


 START MIGRAD MINIMIZATION.  STRATEGY 1.  CONVERGENCE WHEN EDM .LT. 0.50E-04

 FCN=   4.775608     FROM MIGRAD    STATUS=INITIATE       6 CALLS     1035 TOTAL
                     EDM= unknown      STRATEGY= 1      NO ERROR MATRIX       

  EXT PARAMETER               CURRENT GUESS       STEP         FIRST   
  NO.   NAME        VALUE          ERROR          SIZE      DERIVATIVE 
   1    kapa       0.64200       0.18649E-06   0.18649E-06    55507.    
   2    lambda     0.93387       0.82444E-05    0.0000        12307.    
   3    <pt>       0.77993E-01   0.43283E-05    0.0000       -17354.    
   4    n           2.0000       constant   
 MIGRAD FAILS TO FIND IMPROVEMENT
 MINUIT WARNING IN HESSE   
 ============== Negative diagonal element  1 in Error Matrix
 MINUIT WARNING IN HESSE   
 ============== Negative diagonal element  2 in Error Matrix
 MINUIT WARNING IN HESSE   
 ============== Negative diagonal element  3 in Error Matrix
 MINUIT WARNING IN HESSE   
 ==============     0.19E+12 added to diagonal of error matrix
 EIGENVALUES OF SECOND-DERIVATIVE MATRIX:
        -0.9401E+06  0.1123E+00  0.9401E+06
 MINUIT WARNING IN HESSE   
 ============== MATRIX FORCED POS-DEF BY ADDING  0.94105E+06 TO DIAGONAL.

 FCN=   4.814835     FROM HESSE     STATUS=NOT POSDEF    22 CALLS     1059 TOTAL
                     EDM=  0.86E+05    STRATEGY= 1      ERR MATRIX NOT POS-DEF

  EXT PARAMETER                APPROXIMATE        STEP         FIRST   
  NO.   NAME        VALUE          ERROR          SIZE      DERIVATIVE 
   1    kapa       0.64200       0.10248E-06   0.50471E-06    62039.    
   2    lambda     0.93387       0.37490E-06   0.45284E-06   -58732.    
   3    <pt>       0.77993E-01   0.22167E-01   0.64005E-06   -18013.    
   4    n           2.0000       constant   
 MIGRAD FAILS TO FIND IMPROVEMENT
 MIGRAD TERMINATED WITHOUT CONVERGENCE.

 FCN=   4.777307     FROM MIGRAD    STATUS=FAILED        58 CALLS     1087 TOTAL
                     EDM=  0.39E+03    STRATEGY= 1      ERR MATRIX NOT POS-DEF

  EXT PARAMETER                APPROXIMATE        STEP         FIRST   
  NO.   NAME        VALUE          ERROR          SIZE      DERIVATIVE 
   1    kapa       0.64200       0.16225E-07    0.0000       -1779.0    
   2    lambda     0.93387       0.47749E-07    0.0000       -29738.    
   3    <pt>       0.20315       0.41647E-02   -0.0000        1214.4    
   4    n           2.0000       constant   

 EXTERNAL ERROR MATRIX.    NDIM= 100    NPAR=  3    ERR DEF=  1.00    
  0.263E-15 0.528E-15-0.499E-10
  0.528E-15 0.228E-14-0.183E-09
 -0.499E-10-0.183E-09 0.173E-04
 ERR MATRIX NOT POS-DEF

 PARAMETER  CORRELATION COEFFICIENTS
       NO.  GLOBAL     1     2     3
        1  0.73883  1.000 0.682-0.739
        2  0.92253  0.682 1.000-0.923
        3  0.93471 -0.739-0.923 1.000
 ERR MATRIX NOT POS-DEF

 FUNCTION MUST BE MINIMIZED BEFORE CALLING MIGRAD  
 START MIGRAD MINIMIZATION.  STRATEGY 1.  CONVERGENCE WHEN EDM .LT. 0.10E-03

 FCN=   4.777307     FROM MIGRAD    STATUS=INITIATE       6 CALLS     1093 TOTAL
                     EDM=  0.32E+05    STRATEGY= 1      ERR MATRIX NOT POS-DEF

  EXT PARAMETER                APPROXIMATE        STEP         FIRST   
  NO.   NAME        VALUE          ERROR          SIZE      DERIVATIVE 
   1    kapa       0.64200       0.16225E-07    0.0000        7101.1    
   2    lambda     0.93387       0.47749E-07    0.0000       -8382.9    
   3    <pt>       0.20315       0.41647E-02   -0.0000       -12613.    
   4    n           2.0000       constant   
 MIGRAD FAILS TO FIND IMPROVEMENT
 MINUIT WARNING IN HESSE   
 ============== Negative diagonal element  1 in Error Matrix
 MINUIT WARNING IN HESSE   
 ============== Negative diagonal element  2 in Error Matrix
 MINUIT WARNING IN HESSE   
 ============== Negative diagonal element  3 in Error Matrix
 MINUIT WARNING IN HESSE   
 ==============     0.94E+11 added to diagonal of error matrix
 EIGENVALUES OF SECOND-DERIVATIVE MATRIX:
        -0.7533E+06  0.1410E+01  0.7533E+06
 MINUIT WARNING IN HESSE   
 ============== MATRIX FORCED POS-DEF BY ADDING  0.75409E+06 TO DIAGONAL.

 FCN=   4.824723     FROM HESSE     STATUS=NOT POSDEF    22 CALLS     1126 TOTAL
                     EDM=  0.13E+08    STRATEGY= 1      ERR MATRIX NOT POS-DEF

  EXT PARAMETER                APPROXIMATE        STEP         FIRST   
  NO.   NAME        VALUE          ERROR          SIZE      DERIVATIVE 
   1    kapa       0.64200       0.89305E-01   0.50471E-06  -0.19864E+06
   2    lambda     0.93387       0.39499E-06   0.45284E-06   0.20570E+06
   3    <pt>       0.20315       0.16029E-06   0.57253E-06    75742.    
   4    n           2.0000       constant   
 MIGRAD FAILS TO FIND IMPROVEMENT
 MIGRAD TERMINATED WITHOUT CONVERGENCE.

 FCN=   4.824723     FROM MIGRAD    STATUS=FAILED        50 CALLS     1137 TOTAL
                     EDM=  0.13E+08    STRATEGY= 1      ERR MATRIX NOT POS-DEF

  EXT PARAMETER                APPROXIMATE        STEP         FIRST   
  NO.   NAME        VALUE          ERROR          SIZE      DERIVATIVE 
   1    kapa       0.64200       0.89305E-01    0.0000      -0.19864E+06
   2    lambda     0.93387       0.39499E-06    0.0000       0.20570E+06
   3    <pt>       0.20315       0.16029E-06   -0.0000        75742.    
   4    n           2.0000       constant   

 EXTERNAL ERROR MATRIX.    NDIM= 100    NPAR=  3    ERR DEF=  1.00    
  0.798E-02 0.352E-07-0.143E-07
  0.352E-07 0.156E-12-0.630E-13
 -0.143E-07-0.630E-13 0.257E-13
 ERR MATRIX NOT POS-DEF

 PARAMETER  CORRELATION COEFFICIENTS
       NO.  GLOBAL     1     2     3
        1  0.99900  1.000 0.999-0.997
        2  0.99856  0.999 1.000-0.995
        3  0.99678 -0.997-0.995 1.000
 ERR MATRIX NOT POS-DEF
 MINUIT WARNING IN HESSE   
 ============== Negative diagonal element  1 in Error Matrix
 MINUIT WARNING IN HESSE   
 ============== Negative diagonal element  2 in Error Matrix
 MINUIT WARNING IN HESSE   
 ============== Negative diagonal element  3 in Error Matrix
 MINUIT WARNING IN HESSE   
 ==============     0.37E+12 added to diagonal of error matrix
 EIGENVALUES OF SECOND-DERIVATIVE MATRIX:
        -0.3389E+06  0.8952E+00  0.3389E+06
 MINUIT WARNING IN HESSE   
 ============== MATRIX FORCED POS-DEF BY ADDING  0.33921E+06 TO DIAGONAL.
 MIGRAD FAILS WITH STRATEGY=0.   WILL TRY WITH STRATEGY=1.
 MINUIT WARNING IN HESSE   
 ============== Negative diagonal element  1 in Error Matrix
 MINUIT WARNING IN HESSE   
 ============== Negative diagonal element  2 in Error Matrix
 MINUIT WARNING IN HESSE   
 ==============     0.43E+12 added to diagonal of error matrix
 EIGENVALUES OF SECOND-DERIVATIVE MATRIX:
        -0.5184E+06  0.5184E+06
 MINUIT WARNING IN HESSE   
 ============== MATRIX FORCED POS-DEF BY ADDING  0.51888E+06 TO DIAGONAL.
 MINUIT WARNING IN MIGRAD  
 ============== Negative diagonal element  1 in Error Matrix
 MINUIT WARNING IN MIGRAD  
 ==============     0.10E+01 added to diagonal of error matrix

 MINUIT TASK: fit crystal ball function                         

 FCN=   4.780536     FROM MINOS     STATUS=NEW MINIMU    93 CALLS     1258 TOTAL
                     EDM= unknown      STRATEGY= 1      NO ERROR MATRIX       

  EXT PARAMETER                  PARABOLIC         MINOS ERRORS        
  NO.   NAME        VALUE          ERROR      NEGATIVE      POSITIVE   
   1    kapa       0.64200       0.59062E-07                            
   2    lambda     0.94187        5.2962                                
   3    <pt>       0.20315        3.1863                                
   4    n           2.0000       constant   

 NEW MINIMUM FOUND.  GO BACK TO MINIMIZATION STEP.
 ============================================================
                                                            V
                                                            V
                                                            V
                                                         VVVVVVV
                                                          VVVVV
                                                           VVV
                                                            V


 START MIGRAD MINIMIZATION.  STRATEGY 1.  CONVERGENCE WHEN EDM .LT. 0.50E-04

 FCN=   4.780536     FROM MIGRAD    STATUS=INITIATE       6 CALLS     1264 TOTAL
                     EDM= unknown      STRATEGY= 1      NO ERROR MATRIX       

  EXT PARAMETER               CURRENT GUESS       STEP         FIRST   
  NO.   NAME        VALUE          ERROR          SIZE      DERIVATIVE 
   1    kapa       0.64200       0.59062E-07   0.59062E-07   -72600.    
   2    lambda     0.94187        5.2962       -0.0000        24112.    
   3    <pt>       0.20315        3.1863        0.0000       -22920.    
   4    n           2.0000       constant   
 MIGRAD FAILS TO FIND IMPROVEMENT
 MINUIT WARNING IN HESSE   
 ============== Negative diagonal element  1 in Error Matrix
 MINUIT WARNING IN HESSE   
 ============== Negative diagonal element  3 in Error Matrix
 MINUIT WARNING IN HESSE   
 ==============     0.17E+12 added to diagonal of error matrix
 EIGENVALUES OF SECOND-DERIVATIVE MATRIX:
        -0.4659E+06  0.9945E+00  0.4659E+06
 MINUIT WARNING IN HESSE   
 ============== MATRIX FORCED POS-DEF BY ADDING  0.46639E+06 TO DIAGONAL.

 FCN=   4.826997     FROM HESSE     STATUS=NOT POSDEF    22 CALLS     1288 TOTAL
                     EDM=  0.12E+09    STRATEGY= 1      ERR MATRIX NOT POS-DEF

  EXT PARAMETER                APPROXIMATE        STEP         FIRST   
  NO.   NAME        VALUE          ERROR          SIZE      DERIVATIVE 
   1    kapa       0.64200       0.39876E-06   0.50471E-06   0.22383E+06
   2    lambda     0.94187       0.20059E-07   0.45153E-06  -0.53404E+06
   3    <pt>       0.20315       0.50268E-01   0.57253E-06  -0.46434E+06
   4    n           2.0000       constant   
 MIGRAD FAILS TO FIND IMPROVEMENT
 MIGRAD TERMINATED WITHOUT CONVERGENCE.

 FCN=   4.786356     FROM MIGRAD    STATUS=FAILED        56 CALLS     1314 TOTAL
                     EDM=  0.13E+03    STRATEGY= 1      ERR MATRIX NOT POS-DEF

  EXT PARAMETER                APPROXIMATE        STEP         FIRST   
  NO.   NAME        VALUE          ERROR          SIZE      DERIVATIVE 
   1    kapa       0.64147       0.14199E-06   -0.0000       -35661.    
   2    lambda     0.94185       0.15041E-07   -0.0000       -28446.    
   3    <pt>       0.30845E-01   0.70335E-02    0.0000       -494.48    
   4    n           2.0000       constant   

 EXTERNAL ERROR MATRIX.    NDIM= 100    NPAR=  3    ERR DEF=  1.00    
  0.202E-13 0.707E-15-0.991E-09
  0.707E-15 0.226E-15-0.353E-10
 -0.991E-09-0.353E-10 0.495E-04
 ERR MATRIX NOT POS-DEF

 PARAMETER  CORRELATION COEFFICIENTS
       NO.  GLOBAL     1     2     3
        1  0.99208  1.000 0.331-0.992
        2  0.33369  0.331 1.000-0.334
        3  0.99210 -0.992-0.334 1.000
 ERR MATRIX NOT POS-DEF

 FUNCTION MUST BE MINIMIZED BEFORE CALLING MIGRAD  
 START MIGRAD MINIMIZATION.  STRATEGY 1.  CONVERGENCE WHEN EDM .LT. 0.10E-03

 FCN=   4.786356     FROM MIGRAD    STATUS=INITIATE       6 CALLS     1320 TOTAL
                     EDM=  0.24E+03    STRATEGY= 1      ERR MATRIX NOT POS-DEF

  EXT PARAMETER                APPROXIMATE        STEP         FIRST   
  NO.   NAME        VALUE          ERROR          SIZE      DERIVATIVE 
   1    kapa       0.64147       0.14199E-06   -0.0000        21146.    
   2    lambda     0.94185       0.15041E-07   -0.0000        33105.    
   3    <pt>       0.30845E-01   0.70335E-02    0.0000       -762.63    
   4    n           2.0000       constant   
 MIGRAD FAILS TO FIND IMPROVEMENT
 MINUIT WARNING IN HESSE   
 ============== Negative diagonal element  1 in Error Matrix
 MINUIT WARNING IN HESSE   
 ============== Negative diagonal element  2 in Error Matrix
 MINUIT WARNING IN HESSE   
 ============== Negative diagonal element  3 in Error Matrix
 MINUIT WARNING IN HESSE   
 ==============     0.75E+12 added to diagonal of error matrix
 EIGENVALUES OF SECOND-DERIVATIVE MATRIX:
        -0.7812E+06  0.9999E+00  0.7812E+06
 MINUIT WARNING IN HESSE   
 ============== MATRIX FORCED POS-DEF BY ADDING  0.78196E+06 TO DIAGONAL.

 FCN=   4.862257     FROM HESSE     STATUS=NOT POSDEF    22 CALLS     1360 TOTAL
                     EDM=  0.17E+09    STRATEGY= 1      ERR MATRIX NOT POS-DEF

  EXT PARAMETER                APPROXIMATE        STEP         FIRST   
  NO.   NAME        VALUE          ERROR          SIZE      DERIVATIVE 
   1    kapa       0.64147       0.15532E-06   0.50482E-06   -59264.    
   2    lambda     0.94185       0.10451       0.45153E-06  -0.71841E+06
   3    <pt>       0.30684E-01   0.80311E-09   0.29143E-04    4618.0    
   4    n           2.0000       constant   
 MIGRAD FAILS TO FIND IMPROVEMENT
 MIGRAD TERMINATED WITHOUT CONVERGENCE.

 FCN=   4.862257     FROM MIGRAD    STATUS=FAILED        57 CALLS     1371 TOTAL
                     EDM=  0.17E+09    STRATEGY= 1      ERR MATRIX NOT POS-DEF

  EXT PARAMETER                APPROXIMATE        STEP         FIRST   
  NO.   NAME        VALUE          ERROR          SIZE      DERIVATIVE 
   1    kapa       0.64147       0.15532E-06   -0.0000       -59264.    
   2    lambda     0.94185       0.10451        0.0000      -0.71841E+06
   3    <pt>       0.30684E-01   0.80311E-09   -0.0000        4618.0    
   4    n           2.0000       constant   

 EXTERNAL ERROR MATRIX.    NDIM= 100    NPAR=  3    ERR DEF=  1.00    
  0.241E-13-0.162E-07 0.240E-16
 -0.162E-07 0.109E-01-0.162E-10
  0.240E-16-0.162E-10 0.645E-18
 ERR MATRIX NOT POS-DEF

 PARAMETER  CORRELATION COEFFICIENTS
       NO.  GLOBAL     1     2     3
        1  0.99900  1.000-0.999 0.193
        2  0.99900 -0.999 1.000-0.193
        3  0.19288  0.193-0.193 1.000
 ERR MATRIX NOT POS-DEF
 EIGENVALUES OF SECOND-DERIVATIVE MATRIX:
        -0.6486E+00  0.1663E+01  0.1986E+01
 MINUIT WARNING IN HESSE   
 ============== MATRIX FORCED POS-DEF BY ADDING  0.65060     TO DIAGONAL.
 MIGRAD FAILS WITH STRATEGY=0.   WILL TRY WITH STRATEGY=1.
 MINUIT WARNING IN HESSE   
 ============== Negative diagonal element  1 in Error Matrix
 MINUIT WARNING IN HESSE   
 ==============     0.71E+11 added to diagonal of error matrix
 EIGENVALUES OF SECOND-DERIVATIVE MATRIX:
        -0.5736E+04  0.5738E+04
 MINUIT WARNING IN HESSE   
 ============== MATRIX FORCED POS-DEF BY ADDING   5742.2     TO DIAGONAL.
                         POSITIVE MINOS ERROR NOT CALCULATED FOR PARAMETER   1

 MIGRAD FAILS WITH STRATEGY=0.   WILL TRY WITH STRATEGY=1.
 EIGENVALUES OF SECOND-DERIVATIVE MATRIX:
        -0.1054E+01  0.3054E+01
 MINUIT WARNING IN HESSE   
 ============== MATRIX FORCED POS-DEF BY ADDING   1.0573     TO DIAGONAL.
                         NEGATIVE MINOS ERROR NOT CALCULATED FOR PARAMETER   1

 MINUIT WARNING IN MIGRAD  
 ============== Negative diagonal element  1 in Error Matrix
 MINUIT WARNING IN MIGRAD  
 ==============     0.10E+01 added to diagonal of error matrix
 MIGRAD FAILS WITH STRATEGY=0.   WILL TRY WITH STRATEGY=1.
 MINUIT WARNING IN HESSE   
 ============== Negative diagonal element  2 in Error Matrix
 MINUIT WARNING IN HESSE   
 ==============     0.38E+07 added to diagonal of error matrix
 EIGENVALUES OF SECOND-DERIVATIVE MATRIX:
        -0.4631E+03  0.4651E+03
 MINUIT WARNING IN HESSE   
 ============== MATRIX FORCED POS-DEF BY ADDING   463.54     TO DIAGONAL.

 MINUIT TASK: fit crystal ball function                         

 FCN=   4.436559     FROM MINOS     STATUS=NEW MINIMU   170 CALLS     1569 TOTAL
                     EDM= unknown      STRATEGY= 1      NO ERROR MATRIX       

  EXT PARAMETER                  PARABOLIC         MINOS ERRORS        
  NO.   NAME        VALUE          ERROR      NEGATIVE      POSITIVE   
   1    kapa       0.37453       0.76932E-03                            
   2    lambda     0.94203       0.87805E-04                            
   3    <pt>        1.5522        4.9553                                
   4    n           2.0000       constant   

 NEW MINIMUM FOUND.  GO BACK TO MINIMIZATION STEP.
 ============================================================
                                                            V
                                                            V
                                                            V
                                                         VVVVVVV
                                                          VVVVV
                                                           VVV
                                                            V


 START MIGRAD MINIMIZATION.  STRATEGY 1.  CONVERGENCE WHEN EDM .LT. 0.50E-04

 FCN=   4.407618     FROM MIGRAD    STATUS=INITIATE      25 CALLS     1594 TOTAL
                     EDM= unknown      STRATEGY= 1      NO ERROR MATRIX       

  EXT PARAMETER               CURRENT GUESS       STEP         FIRST   
  NO.   NAME        VALUE          ERROR          SIZE      DERIVATIVE 
   1    kapa       0.37453       0.76932E-03   -0.0000        13030.    
   2    lambda     0.94201       0.87805E-04  -0.65263E-05    51145.    
   3    <pt>        1.5522        4.9553       -0.0000        23208.    
   4    n           2.0000       constant   
 MIGRAD FAILS TO FIND IMPROVEMENT
 MINUIT WARNING IN HESSE   
 ============== Negative diagonal element  1 in Error Matrix
 MINUIT WARNING IN HESSE   
 ============== Negative diagonal element  2 in Error Matrix
 MINUIT WARNING IN HESSE   
 ============== Negative diagonal element  3 in Error Matrix
 MINUIT WARNING IN HESSE   
 ==============     0.76E+12 added to diagonal of error matrix
 EIGENVALUES OF SECOND-DERIVATIVE MATRIX:
        -0.4319E+06  0.8453E+00  0.4319E+06
 MINUIT WARNING IN HESSE   
 ============== MATRIX FORCED POS-DEF BY ADDING  0.43236E+06 TO DIAGONAL.

 FCN=   4.449577     FROM HESSE     STATUS=NOT POSDEF    22 CALLS     1637 TOTAL
                     EDM=  0.70E+08    STRATEGY= 1      ERR MATRIX NOT POS-DEF

  EXT PARAMETER                APPROXIMATE        STEP         FIRST   
  NO.   NAME        VALUE          ERROR          SIZE      DERIVATIVE 
   1    kapa       0.37453       0.34218E-07   0.56328E-06    6409.3    
   2    lambda     0.94201       0.17867E-06   0.45151E-06   0.14580E+06
   3    <pt>        1.5522       0.12641       0.24014E-06  -0.34657E+06
   4    n           2.0000       constant   
 MIGRAD FAILS TO FIND IMPROVEMENT
 MIGRAD TERMINATED WITHOUT CONVERGENCE.

 FCN=   4.449577     FROM MIGRAD    STATUS=FAILED        79 CALLS     1648 TOTAL
                     EDM=  0.70E+08    STRATEGY= 1      ERR MATRIX NOT POS-DEF

  EXT PARAMETER                APPROXIMATE        STEP         FIRST   
  NO.   NAME        VALUE          ERROR          SIZE      DERIVATIVE 
   1    kapa       0.37453       0.34218E-07   -0.0000        6409.3    
   2    lambda     0.94201       0.17867E-06   -0.0000       0.14580E+06
   3    <pt>        1.5522       0.12641        0.0000      -0.34657E+06
   4    n           2.0000       constant   

 EXTERNAL ERROR MATRIX.    NDIM= 100    NPAR=  3    ERR DEF=  1.00    
  0.117E-14 0.603E-14-0.427E-08
  0.603E-14 0.319E-13-0.226E-07
 -0.427E-08-0.226E-07 0.160E-01
 ERR MATRIX NOT POS-DEF

 PARAMETER  CORRELATION COEFFICIENTS
       NO.  GLOBAL     1     2     3
        1  0.98759  1.000 0.987-0.988
        2  0.99892  0.987 1.000-0.999
        3  0.99900 -0.988-0.999 1.000
 ERR MATRIX NOT POS-DEF

 FUNCTION MUST BE MINIMIZED BEFORE CALLING MIGRAD  
 START MIGRAD MINIMIZATION.  STRATEGY 1.  CONVERGENCE WHEN EDM .LT. 0.10E-03

 FCN=   4.449577     FROM MIGRAD    STATUS=INITIATE       6 CALLS     1654 TOTAL
                     EDM=  0.23E+07    STRATEGY= 1      ERR MATRIX NOT POS-DEF

  EXT PARAMETER                APPROXIMATE        STEP         FIRST   
  NO.   NAME        VALUE          ERROR          SIZE      DERIVATIVE 
   1    kapa       0.37453       0.34218E-07   -0.0000       -2109.6    
   2    lambda     0.94201       0.17867E-06   -0.0000       -26669.    
   3    <pt>        1.5522       0.12641        0.0000       -63670.    
   4    n           2.0000       constant   
 MIGRAD FAILS TO FIND IMPROVEMENT
 MINUIT WARNING IN HESSE   
 ============== Negative diagonal element  2 in Error Matrix
 MINUIT WARNING IN HESSE   
 ============== Negative diagonal element  3 in Error Matrix
 MINUIT WARNING IN HESSE   
 ==============     0.32E+12 added to diagonal of error matrix
 EIGENVALUES OF SECOND-DERIVATIVE MATRIX:
        -0.2209E+06  0.6683E+00  0.2209E+06
 MINUIT WARNING IN HESSE   
 ============== MATRIX FORCED POS-DEF BY ADDING  0.22116E+06 TO DIAGONAL.

 FCN=   4.013499     FROM HESSE     STATUS=NOT POSDEF    22 CALLS     1704 TOTAL
                     EDM=  0.47E+08    STRATEGY= 1      ERR MATRIX NOT POS-DEF

  EXT PARAMETER                APPROXIMATE        STEP         FIRST   
  NO.   NAME        VALUE          ERROR          SIZE      DERIVATIVE 
   1    kapa       0.37453       0.11367E-06   0.56328E-06   -82990.    
   2    lambda     0.94201       0.31663E-06   0.45151E-06   -69274.    
   3    <pt>        1.7896       0.18458       0.19803E-06   0.20436E+06
   4    n           2.0000       constant   
 MIGRAD FAILS TO FIND IMPROVEMENT
 MIGRAD TERMINATED WITHOUT CONVERGENCE.

 FCN=   4.013499     FROM MIGRAD    STATUS=FAILED        67 CALLS     1715 TOTAL
                     EDM=  0.47E+08    STRATEGY= 1      ERR MATRIX NOT POS-DEF

  EXT PARAMETER                APPROXIMATE        STEP         FIRST   
  NO.   NAME        VALUE          ERROR          SIZE      DERIVATIVE 
   1    kapa       0.37453       0.11367E-06    0.0000       -82990.    
   2    lambda     0.94201       0.31663E-06    0.0000       -69274.    
   3    <pt>        1.7896       0.18458       -0.0000       0.20436E+06
   4    n           2.0000       constant   

 EXTERNAL ERROR MATRIX.    NDIM= 100    NPAR=  3    ERR DEF=  1.00    
  0.129E-13 0.358E-13-0.209E-07
  0.358E-13 0.100E-12-0.584E-07
 -0.209E-07-0.584E-07 0.341E-01
 ERR MATRIX NOT POS-DEF

 PARAMETER  CORRELATION COEFFICIENTS
       NO.  GLOBAL     1     2     3
        1  0.99654  1.000 0.995-0.997
        2  0.99860  0.995 1.000-0.999
        3  0.99900 -0.997-0.999 1.000
 ERR MATRIX NOT POS-DEF
 MINUIT WARNING IN HESSE   
 ============== Negative diagonal element  1 in Error Matrix
 MINUIT WARNING IN HESSE   
 ============== Negative diagonal element  2 in Error Matrix
 MINUIT WARNING IN HESSE   
 ============== Negative diagonal element  3 in Error Matrix
 MINUIT WARNING IN HESSE   
 ==============     0.65E+12 added to diagonal of error matrix
 EIGENVALUES OF SECOND-DERIVATIVE MATRIX:
        -0.5364E+06  0.1106E+01  0.5364E+06
 MINUIT WARNING IN HESSE   
 ============== MATRIX FORCED POS-DEF BY ADDING  0.53690E+06 TO DIAGONAL.
 MINUIT WARNING IN MIGRAD  
 ============== Negative diagonal element  1 in Error Matrix
 MINUIT WARNING IN MIGRAD  
 ============== Negative diagonal element  2 in Error Matrix
 MINUIT WARNING IN MIGRAD  
 ==============     0.10E+01 added to diagonal of error matrix
 MIGRAD FAILS WITH STRATEGY=0.   WILL TRY WITH STRATEGY=1.

 MINUIT TASK: fit crystal ball function                         

 FCN=   3.995160     FROM MINOS     STATUS=NEW MINIMU    42 CALLS     1785 TOTAL
                     EDM= unknown      STRATEGY= 1      NO ERROR MATRIX       

  EXT PARAMETER                  PARABOLIC         MINOS ERRORS        
  NO.   NAME        VALUE          ERROR      NEGATIVE      POSITIVE   
   1    kapa       0.37453       0.14094E-07                            
   2    lambda     0.94201       0.91048E-05                            
   3    <pt>        1.7886       0.98464E-05                            
   4    n           2.0000       constant   

 NEW MINIMUM FOUND.  GO BACK TO MINIMIZATION STEP.
 ============================================================
                                                            V
                                                            V
                                                            V
                                                         VVVVVVV
                                                          VVVVV
                                                           VVV
                                                            V


 START MIGRAD MINIMIZATION.  STRATEGY 1.  CONVERGENCE WHEN EDM .LT. 0.50E-04

 FCN=   3.995160     FROM MIGRAD    STATUS=INITIATE       6 CALLS     1791 TOTAL
                     EDM= unknown      STRATEGY= 1      NO ERROR MATRIX       

  EXT PARAMETER               CURRENT GUESS       STEP         FIRST   
  NO.   NAME        VALUE          ERROR          SIZE      DERIVATIVE 
   1    kapa       0.37453       0.14094E-07   0.14094E-07    34574.    
   2    lambda     0.94201       0.91048E-05   -0.0000       -8965.6    
   3    <pt>        1.7886       0.98464E-05   -0.0000       -17598.    
   4    n           2.0000       constant   
 MIGRAD FAILS TO FIND IMPROVEMENT
 MINUIT WARNING IN HESSE   
 ============== Negative diagonal element  1 in Error Matrix
 MINUIT WARNING IN HESSE   
 ============== Negative diagonal element  2 in Error Matrix
 MINUIT WARNING IN HESSE   
 ============== Negative diagonal element  3 in Error Matrix
 MINUIT WARNING IN HESSE   
 ==============     0.13E+13 added to diagonal of error matrix
 EIGENVALUES OF SECOND-DERIVATIVE MATRIX:
        -0.3107E+06  0.1007E+01  0.3107E+06
 MINUIT WARNING IN HESSE   
 ============== MATRIX FORCED POS-DEF BY ADDING  0.31102E+06 TO DIAGONAL.

 FCN=   4.042685     FROM HESSE     STATUS=NOT POSDEF    22 CALLS     1814 TOTAL
                     EDM=  0.42E+08    STRATEGY= 1      ERR MATRIX NOT POS-DEF

  EXT PARAMETER                APPROXIMATE        STEP         FIRST   
  NO.   NAME        VALUE          ERROR          SIZE      DERIVATIVE 
   1    kapa       0.37453       0.74733E-08   0.56328E-06    24363.    
   2    lambda     0.94201       0.17083E-06   0.45151E-06   -81759.    
   3    <pt>        1.7886       0.15566       0.19820E-06   0.22804E+06
   4    n           2.0000       constant   
 MIGRAD FAILS TO FIND IMPROVEMENT
 MIGRAD TERMINATED WITHOUT CONVERGENCE.

 FCN=   4.042685     FROM MIGRAD    STATUS=FAILED        40 CALLS     1825 TOTAL
                     EDM=  0.42E+08    STRATEGY= 1      ERR MATRIX NOT POS-DEF

  EXT PARAMETER                APPROXIMATE        STEP         FIRST   
  NO.   NAME        VALUE          ERROR          SIZE      DERIVATIVE 
   1    kapa       0.37453       0.74733E-08    0.0000        24363.    
   2    lambda     0.94201       0.17083E-06    0.0000       -81759.    
   3    <pt>        1.7886       0.15566       -0.0000       0.22804E+06
   4    n           2.0000       constant   

 EXTERNAL ERROR MATRIX.    NDIM= 100    NPAR=  3    ERR DEF=  1.00    
  0.559E-16 0.102E-14-0.928E-09
  0.102E-14 0.292E-13-0.266E-07
 -0.928E-09-0.266E-07 0.243E-01
 ERR MATRIX NOT POS-DEF

 PARAMETER  CORRELATION COEFFICIENTS
       NO.  GLOBAL     1     2     3
        1  0.79722  1.000 0.796-0.797
        2  0.99900  0.796 1.000-0.999
        3  0.99900 -0.797-0.999 1.000
 ERR MATRIX NOT POS-DEF

 FUNCTION MUST BE MINIMIZED BEFORE CALLING MIGRAD  
 START MIGRAD MINIMIZATION.  STRATEGY 1.  CONVERGENCE WHEN EDM .LT. 0.10E-03

 FCN=   4.042685     FROM MIGRAD    STATUS=INITIATE       6 CALLS     1831 TOTAL
                     EDM=  0.18E+06    STRATEGY= 1      ERR MATRIX NOT POS-DEF

  EXT PARAMETER                APPROXIMATE        STEP         FIRST   
  NO.   NAME        VALUE          ERROR          SIZE      DERIVATIVE 
   1    kapa       0.37453       0.74733E-08    0.0000       -8800.8    
   2    lambda     0.94201       0.17083E-06    0.0000        12331.    
   3    <pt>        1.7886       0.15566       -0.0000        15008.    
   4    n           2.0000       constant   
 MIGRAD FAILS TO FIND IMPROVEMENT
 MINUIT WARNING IN HESSE   
 ============== Negative diagonal element  3 in Error Matrix
 MINUIT WARNING IN HESSE   
 ==============     0.41E+11 added to diagonal of error matrix
 EIGENVALUES OF SECOND-DERIVATIVE MATRIX:
        -0.1052E+07  0.1081E+01  0.1052E+07
 MINUIT WARNING IN HESSE   
 ============== MATRIX FORCED POS-DEF BY ADDING  0.10534E+07 TO DIAGONAL.

 FCN=   4.009160     FROM HESSE     STATUS=NOT POSDEF    22 CALLS     1864 TOTAL
                     EDM=  0.55E+07    STRATEGY= 1      ERR MATRIX NOT POS-DEF

  EXT PARAMETER                APPROXIMATE        STEP         FIRST   
  NO.   NAME        VALUE          ERROR          SIZE      DERIVATIVE 
   1    kapa       0.37453       0.17926E-06   0.56328E-06    21805.    
   2    lambda     0.94201       0.43826E-07   0.45151E-06  -0.10721E+06
   3    <pt>        1.7886       0.84610E-01   0.19820E-06  -0.15273E+06
   4    n           2.0000       constant   
 MIGRAD FAILS TO FIND IMPROVEMENT
 MIGRAD TERMINATED WITHOUT CONVERGENCE.

 FCN=   4.009160     FROM MIGRAD    STATUS=FAILED        50 CALLS     1875 TOTAL
                     EDM=  0.55E+07    STRATEGY= 1      ERR MATRIX NOT POS-DEF

  EXT PARAMETER                APPROXIMATE        STEP         FIRST   
  NO.   NAME        VALUE          ERROR          SIZE      DERIVATIVE 
   1    kapa       0.37453       0.17926E-06    0.0000        21805.    
   2    lambda     0.94201       0.43826E-07   -0.0000      -0.10721E+06
   3    <pt>        1.7886       0.84610E-01    0.0000      -0.15273E+06
   4    n           2.0000       constant   

 EXTERNAL ERROR MATRIX.    NDIM= 100    NPAR=  3    ERR DEF=  1.00    
  0.321E-13-0.763E-14 0.152E-07
 -0.763E-14 0.192E-14-0.361E-08
  0.152E-07-0.361E-08 0.716E-02
 ERR MATRIX NOT POS-DEF

 PARAMETER  CORRELATION COEFFICIENTS
       NO.  GLOBAL     1     2     3
        1  0.99897  1.000-0.971 0.999
        2  0.97230 -0.971 1.000-0.972
        3  0.99900  0.999-0.972 1.000
 ERR MATRIX NOT POS-DEF
 MINUIT WARNING IN HESSE   
 ============== Negative diagonal element  3 in Error Matrix
 MINUIT WARNING IN HESSE   
 ==============     0.21E+12 added to diagonal of error matrix
 EIGENVALUES OF SECOND-DERIVATIVE MATRIX:
        -0.2966E+06  0.7926E+00  0.2966E+06
 MINUIT WARNING IN HESSE   
 ============== MATRIX FORCED POS-DEF BY ADDING  0.29687E+06 TO DIAGONAL.
 MIGRAD FAILS WITH STRATEGY=0.   WILL TRY WITH STRATEGY=1.
                         POSITIVE MINOS ERROR NOT CALCULATED FOR PARAMETER   1

 MIGRAD FAILS WITH STRATEGY=0.   WILL TRY WITH STRATEGY=1.
 MINUIT WARNING IN HESSE   
 ============== Negative diagonal element  1 in Error Matrix
 MINUIT WARNING IN HESSE   
 ============== Negative diagonal element  2 in Error Matrix
 MINUIT WARNING IN HESSE   
 ==============     0.16E+13 added to diagonal of error matrix
 EIGENVALUES OF SECOND-DERIVATIVE MATRIX:
        -0.7755E+06  0.7755E+06
 MINUIT WARNING IN HESSE   
 ============== MATRIX FORCED POS-DEF BY ADDING  0.77623E+06 TO DIAGONAL.
                         NEGATIVE MINOS ERROR NOT CALCULATED FOR PARAMETER   1

 MINUIT WARNING IN MIGRAD  
 ============== Negative diagonal element  2 in Error Matrix
 MINUIT WARNING IN MIGRAD  
 ==============     0.10E+01 added to diagonal of error matrix
 MIGRAD FAILS WITH STRATEGY=0.   WILL TRY WITH STRATEGY=1.
 MINUIT WARNING IN HESSE   
 ============== Negative diagonal element  2 in Error Matrix
 MINUIT WARNING IN HESSE   
 ==============     0.95E+12 added to diagonal of error matrix
 EIGENVALUES OF SECOND-DERIVATIVE MATRIX:
        -0.1240E+06  0.1240E+06
 MINUIT WARNING IN HESSE   
 ============== MATRIX FORCED POS-DEF BY ADDING  0.12414E+06 TO DIAGONAL.
                         POSITIVE MINOS ERROR NOT CALCULATED FOR PARAMETER   2

 MIGRAD FAILS WITH STRATEGY=0.   WILL TRY WITH STRATEGY=1.
 MINUIT WARNING IN HESSE   
 ============== Negative diagonal element  1 in Error Matrix
 MINUIT WARNING IN HESSE   
 ============== Negative diagonal element  2 in Error Matrix
 MINUIT WARNING IN HESSE   
 ==============     0.29E+12 added to diagonal of error matrix
 EIGENVALUES OF SECOND-DERIVATIVE MATRIX:
        -0.4145E+06  0.4145E+06
 MINUIT WARNING IN HESSE   
 ============== MATRIX FORCED POS-DEF BY ADDING  0.41494E+06 TO DIAGONAL.
                         NEGATIVE MINOS ERROR NOT CALCULATED FOR PARAMETER   2

 MINUIT WARNING IN MIGRAD
 ============== STARTING MATRIX NOT POS-DEFINITE.
                         POSITIVE MINOS ERROR NOT CALCULATED FOR PARAMETER   3

 MIGRAD FAILS WITH STRATEGY=0.   WILL TRY WITH STRATEGY=1.
 MINUIT WARNING IN HESSE   
 ============== Negative diagonal element  1 in Error Matrix
 MINUIT WARNING IN HESSE   
 ============== Negative diagonal element  2 in Error Matrix
 MINUIT WARNING IN HESSE   
 ==============     0.30E+12 added to diagonal of error matrix
 EIGENVALUES OF SECOND-DERIVATIVE MATRIX:
        -0.3953E+06  0.3953E+06
 MINUIT WARNING IN HESSE   
 ============== MATRIX FORCED POS-DEF BY ADDING  0.39566E+06 TO DIAGONAL.
                         NEGATIVE MINOS ERROR NOT CALCULATED FOR PARAMETER   3


 MINUIT TASK: fit crystal ball function                         

 FCN=   4.006378     FROM MINOS     STATUS=FAILURE      332 CALLS     2239 TOTAL
                     EDM=  0.22E+08    STRATEGY= 1      ERR MATRIX NOT POS-DEF

  EXT PARAMETER                  PARABOLIC         MINOS ERRORS        
  NO.   NAME        VALUE          ERROR      NEGATIVE      POSITIVE   
   1    kapa       0.37453       0.46933E-07                            
   2    lambda     0.94201       0.35227E-06                            
   3    <pt>        1.7886       0.15932                                
   4    n           2.0000       constant   
 **********
 **    4 **CALL FCN   3.000    
 **********

 FCN=   4.004786     FROM CALl fcn  STATUS=FAILURE        1 CALLS     2240 TOTAL
                     EDM=  0.22E+08    STRATEGY= 1      ERR MATRIX NOT POS-DEF

  EXT PARAMETER                APPROXIMATE        STEP         FIRST   
  NO.   NAME        VALUE          ERROR          SIZE      DERIVATIVE 
   1    kapa       0.37453       0.46933E-07   -0.0000       -12930.    
   2    lambda     0.94201       0.35227E-06    0.0000      -0.13412E+06
   3    <pt>        1.7886       0.15932       0.15932        119.22    
   4    n           2.0000       constant   
 **********
 **    5 **STOP
 **********
