  MINUIT RELEASE 96.03  INITIALIZED.   DIMENSIONS 100/100  EPSMAC=  0.89E-15

 PARAMETER DEFINITIONS:
    NO.   NAME         VALUE      STEP SIZE      LIMITS
     1 'kapa      '   0.13846      0.10000E-01     0.0000       10.000    
     2 'lambda    '   0.34548      0.10000E-01     0.0000       10.000    
     3 '<pt>      '    3.0000      0.10000         0.0000       3.0000    
 MINUIT WARNING IN PARAM DEF
 ============== STARTING VALUE IS AT LIMIT.
 MINUIT WARNING IN PARAMETR
 ============== VARIABLE   3 IS AT ITS UPPER ALLOWED LIMIT
 MINUIT WARNING IN PARAMETR
 ============== VARIABLE   3 BROUGHT BACK INSIDE LIMITS.  
     4 'n         '    2.0000      constant
 **********
 **    1 **CALL FCN   1.000    
 **********

 FCN=   68.18347     FROM CALl fcn  STATUS=RESET          1 CALLS        1 TOTAL
                     EDM= unknown      STRATEGY= 1      NO ERROR MATRIX       

  EXT PARAMETER               CURRENT GUESS      PHYSICAL LIMITS       
  NO.   NAME        VALUE          ERROR       NEGATIVE      POSITIVE  
   1    kapa       0.13846       0.10000E-01    0.0000        10.000    
   2    lambda     0.34548       0.10000E-01    0.0000        10.000    
   3    <pt>        3.0000       0.10000        0.0000        3.0000    
   4    n           2.0000       constant   
 **********
 **    2 **MIGRAD
 **********
 START MIGRAD MINIMIZATION.  STRATEGY 1.  CONVERGENCE WHEN EDM .LT. 0.10E-03

 FCN=   68.18070     FROM MIGRAD    STATUS=INITIATE      47 CALLS       48 TOTAL
                     EDM= unknown      STRATEGY= 1      NO ERROR MATRIX       

  EXT PARAMETER               CURRENT GUESS       STEP         FIRST   
  NO.   NAME        VALUE          ERROR          SIZE      DERIVATIVE 
   1    kapa       0.13846       0.10000E-01  -0.63654E-06    846.40    
   2    lambda     0.34548       0.10000E-01    0.0000       -657.44    
   3    <pt>        3.0000       0.10000        0.0000        944.96    
   4    n           2.0000       constant   
 MIGRAD FAILS TO FIND IMPROVEMENT
 MINUIT WARNING IN HESSE   
 ============== Negative diagonal element  1 in Error Matrix
 MINUIT WARNING IN HESSE   
 ============== Negative diagonal element  2 in Error Matrix
 MINUIT WARNING IN HESSE   
 ============== Negative diagonal element  3 in Error Matrix
 MINUIT WARNING IN HESSE   
 ==============     0.15E+05 added to diagonal of error matrix
 EIGENVALUES OF SECOND-DERIVATIVE MATRIX:
        -0.5117E+02  0.1046E+01  0.5312E+02
 MINUIT WARNING IN HESSE   
 ============== MATRIX FORCED POS-DEF BY ADDING   51.222     TO DIAGONAL.

 FCN=   68.18446     FROM HESSE     STATUS=NOT POSDEF    46 CALLS       95 TOTAL
                     EDM=  0.27E+05    STRATEGY= 1      ERR MATRIX NOT POS-DEF

  EXT PARAMETER                APPROXIMATE        STEP         FIRST   
  NO.   NAME        VALUE          ERROR          SIZE      DERIVATIVE 
   1    kapa       0.13846       0.91691E-02   0.76736E-03    11.389    
   2    lambda     0.34548        9.0267       0.40574E-03   -75.475    
   3    <pt>        3.0000       0.10855E-02   0.10356E-02    36.887    
   4    n           2.0000       constant   
 MIGRAD FAILS TO FIND IMPROVEMENT
 MIGRAD TERMINATED WITHOUT CONVERGENCE.

 FCN=   43.09906     FROM MIGRAD    STATUS=FAILED       126 CALLS      127 TOTAL
                     EDM=  0.11E+06    STRATEGY= 1      ERR MATRIX NOT POS-DEF

  EXT PARAMETER                APPROXIMATE        STEP         FIRST   
  NO.   NAME        VALUE          ERROR          SIZE      DERIVATIVE 
   1    kapa       0.19616       0.24931E-02   -0.0000        270.13    
   2    lambda      1.3168        1.5302       -0.0000        135.93    
   3    <pt>        2.9621       0.14793E-02    0.0000       -2214.3    
   4    n           2.0000       constant   

 EXTERNAL ERROR MATRIX.    NDIM= 100    NPAR=  3    ERR DEF=  1.00    
  0.622E-05 0.182E-02-0.156E-05
  0.182E-02 0.252E+01-0.216E-02
 -0.156E-05-0.216E-02 0.219E-05
 ERR MATRIX NOT POS-DEF

 PARAMETER  CORRELATION COEFFICIENTS
       NO.  GLOBAL     1     2     3
        1  0.45909  1.000 0.459-0.422
        2  0.92090  0.459 1.000-0.917
        3  0.91747 -0.422-0.917 1.000
 ERR MATRIX NOT POS-DEF
 **********
 **    3 **MINOS
 **********

 FUNCTION MUST BE MINIMIZED BEFORE CALLING MINOs   
 START MIGRAD MINIMIZATION.  STRATEGY 1.  CONVERGENCE WHEN EDM .LT. 0.10E-03

 FCN=   43.09906     FROM MIGRAD    STATUS=INITIATE       6 CALLS      133 TOTAL
                     EDM=  0.38E+05    STRATEGY= 1      ERR MATRIX NOT POS-DEF

  EXT PARAMETER                APPROXIMATE        STEP         FIRST   
  NO.   NAME        VALUE          ERROR          SIZE      DERIVATIVE 
   1    kapa       0.19616       0.24931E-02   -0.0000        6602.1    
   2    lambda      1.3168        1.5302       -0.0000       -135.04    
   3    <pt>        2.9621       0.14793E-02    0.0000       -2664.1    
   4    n           2.0000       constant   
 MIGRAD FAILS TO FIND IMPROVEMENT
 MINUIT WARNING IN HESSE   
 ============== Negative diagonal element  3 in Error Matrix
 MINUIT WARNING IN HESSE   
 ==============     0.58E+11 added to diagonal of error matrix
 EIGENVALUES OF SECOND-DERIVATIVE MATRIX:
        -0.1006E+06  0.1005E+01  0.1006E+06
 MINUIT WARNING IN HESSE   
 ============== MATRIX FORCED POS-DEF BY ADDING  0.10067E+06 TO DIAGONAL.

 FCN=   28.90233     FROM HESSE     STATUS=NOT POSDEF    22 CALLS      199 TOTAL
                     EDM=  0.40E+07    STRATEGY= 1      ERR MATRIX NOT POS-DEF

  EXT PARAMETER                APPROXIMATE        STEP         FIRST   
  NO.   NAME        VALUE          ERROR          SIZE      DERIVATIVE 
   1    kapa       0.20967       0.31752E-06   0.61043E-06   0.12151E+06
   2    lambda      2.1417       0.27607E-06   0.16768E-04    3881.9    
   3    <pt>        2.9263       0.46228E-01   0.59897E-06    39983.    
   4    n           2.0000       constant   
 MIGRAD FAILS TO FIND IMPROVEMENT
 MIGRAD TERMINATED WITHOUT CONVERGENCE.

 FCN=   28.44951     FROM MIGRAD    STATUS=FAILED        94 CALLS      221 TOTAL
                     EDM=  0.22E+02    STRATEGY= 1      ERR MATRIX NOT POS-DEF

  EXT PARAMETER                APPROXIMATE        STEP         FIRST   
  NO.   NAME        VALUE          ERROR          SIZE      DERIVATIVE 
   1    kapa       0.20983       0.15912E-06   -0.0000        18009.    
   2    lambda      2.1416       0.15261E-06   -0.0000       -1754.8    
   3    <pt>        2.9599       0.17154E-01    0.0000       -94.792    
   4    n           2.0000       constant   

 EXTERNAL ERROR MATRIX.    NDIM= 100    NPAR=  3    ERR DEF=  1.00    
  0.253E-13 0.210E-13-0.272E-08
  0.210E-13 0.233E-13-0.228E-08
 -0.272E-08-0.228E-08 0.295E-03
 ERR MATRIX NOT POS-DEF

 PARAMETER  CORRELATION COEFFICIENTS
       NO.  GLOBAL     1     2     3
        1  0.99591  1.000 0.865-0.996
        2  0.86892  0.865 1.000-0.869
        3  0.99601 -0.996-0.869 1.000
 ERR MATRIX NOT POS-DEF
 EIGENVALUES OF SECOND-DERIVATIVE MATRIX:
        -0.5442E+00  0.1143E+01  0.2401E+01
 MINUIT WARNING IN HESSE   
 ============== MATRIX FORCED POS-DEF BY ADDING  0.54661     TO DIAGONAL.
 MINUIT WARNING IN MIGRAD  
 ============== Negative diagonal element  1 in Error Matrix
 MINUIT WARNING IN MIGRAD  
 ============== Negative diagonal element  2 in Error Matrix
 MINUIT WARNING IN MIGRAD  
 ==============     0.10E+01 added to diagonal of error matrix
 MIGRAD FAILS WITH STRATEGY=0.   WILL TRY WITH STRATEGY=1.
 EIGENVALUES OF SECOND-DERIVATIVE MATRIX:
        -0.2926E+00  0.2293E+01
 MINUIT WARNING IN HESSE   
 ============== MATRIX FORCED POS-DEF BY ADDING  0.29489     TO DIAGONAL.
 MINUIT WARNING IN MIGRAD  
 ============== Negative diagonal element  1 in Error Matrix
 MINUIT WARNING IN MIGRAD  
 ============== Negative diagonal element  2 in Error Matrix
 MINUIT WARNING IN MIGRAD  
 ==============     0.10E+01 added to diagonal of error matrix

 MINUIT TASK: fit crystal ball function                         

 FCN=   27.94298     FROM MINOS     STATUS=NEW MINIMU    91 CALLS      334 TOTAL
                     EDM= unknown      STRATEGY= 1      NO ERROR MATRIX       

  EXT PARAMETER                  PARABOLIC         MINOS ERRORS        
  NO.   NAME        VALUE          ERROR      NEGATIVE      POSITIVE   
   1    kapa       0.20992       0.92611E-04                            
   2    lambda      2.0690        7.3780                                
   3    <pt>        2.9893        1.7670                                
   4    n           2.0000       constant   

 NEW MINIMUM FOUND.  GO BACK TO MINIMIZATION STEP.
 ============================================================
                                                            V
                                                            V
                                                            V
                                                         VVVVVVV
                                                          VVVVV
                                                           VVV
                                                            V


 START MIGRAD MINIMIZATION.  STRATEGY 1.  CONVERGENCE WHEN EDM .LT. 0.50E-04

 FCN=   27.94298     FROM MIGRAD    STATUS=INITIATE      10 CALLS      344 TOTAL
                     EDM= unknown      STRATEGY= 1      NO ERROR MATRIX       

  EXT PARAMETER               CURRENT GUESS       STEP         FIRST   
  NO.   NAME        VALUE          ERROR          SIZE      DERIVATIVE 
   1    kapa       0.20992       0.92611E-04   0.92611E-04    13021.    
   2    lambda      2.0690        7.3780        0.0000        64788.    
   3    <pt>        2.9893        1.7670        0.0000        6796.2    
   4    n           2.0000       constant   
 MIGRAD FAILS TO FIND IMPROVEMENT
 COVARIANCE MATRIX CALCULATED SUCCESSFULLY

 FCN=   27.94054     FROM HESSE     STATUS=OK            22 CALLS      367 TOTAL
                     EDM=  0.18E+02    STRATEGY= 1      ERROR MATRIX ACCURATE 

  EXT PARAMETER                                   STEP         FIRST   
  NO.   NAME        VALUE          ERROR          SIZE      DERIVATIVE 
   1    kapa       0.20992       0.45889E-04   0.61035E-06  -0.26863E+06
   2    lambda      2.0690       0.23886E-04   0.29868E-06   0.29078E+06
   3    <pt>        2.9893       0.41646E-05   0.69195E-06   -70125.    
   4    n           2.0000       constant   
 MIGRAD FAILS TO FIND IMPROVEMENT
 MIGRAD TERMINATED WITHOUT CONVERGENCE.

 FCN=   19.91721     FROM MIGRAD    STATUS=FAILED        65 CALLS      399 TOTAL
                     EDM=  0.36E-02  STRATEGY=1  ERROR MATRIX UNCERTAINTY=100.0%

  EXT PARAMETER                APPROXIMATE        STEP         FIRST   
  NO.   NAME        VALUE          ERROR          SIZE      DERIVATIVE 
   1    kapa       0.32899       0.22613E-03    0.0000        1125.6    
   2    lambda      2.1207       0.89215E-04    0.0000       -8594.7    
   3    <pt>        2.9967       0.90811E-05    0.0000        316.78    
   4    n           2.0000       constant   

 EXTERNAL ERROR MATRIX.    NDIM= 100    NPAR=  3    ERR DEF=  1.00    
  0.511E-07 0.201E-07 0.205E-08
  0.201E-07 0.796E-08 0.807E-09
  0.205E-08 0.807E-09 0.825E-10
 ERR MATRIX APPROXIMATE

 PARAMETER  CORRELATION COEFFICIENTS
       NO.  GLOBAL     1     2     3
        1  0.99902  1.000 0.996 0.999
        2  0.99679  0.996 1.000 0.997
        3  0.99912  0.999 0.997 1.000
 ERR MATRIX APPROXIMATE

 FUNCTION MUST BE MINIMIZED BEFORE CALLING MIGRAD  
 START MIGRAD MINIMIZATION.  STRATEGY 1.  CONVERGENCE WHEN EDM .LT. 0.10E-03

 FCN=   19.91721     FROM MIGRAD    STATUS=INITIATE       6 CALLS      405 TOTAL
                     EDM=  0.87E+01  STRATEGY=1  ERROR MATRIX UNCERTAINTY=100.0%

  EXT PARAMETER                APPROXIMATE        STEP         FIRST   
  NO.   NAME        VALUE          ERROR          SIZE      DERIVATIVE 
   1    kapa       0.32899       0.22613E-03    0.0000        11467.    
   2    lambda      2.1207       0.89215E-04    0.0000        15465.    
   3    <pt>        2.9967       0.90811E-05    0.0000       -6757.6    
   4    n           2.0000       constant   
 MIGRAD FAILS TO FIND IMPROVEMENT
 MINUIT WARNING IN HESSE   
 ============== Negative diagonal element  1 in Error Matrix
 MINUIT WARNING IN HESSE   
 ============== Negative diagonal element  2 in Error Matrix
 MINUIT WARNING IN HESSE   
 ============== Negative diagonal element  3 in Error Matrix
 MINUIT WARNING IN HESSE   
 ==============     0.27E+12 added to diagonal of error matrix
 EIGENVALUES OF SECOND-DERIVATIVE MATRIX:
        -0.6451E+06  0.4266E+00  0.6451E+06
 MINUIT WARNING IN HESSE   
 ============== MATRIX FORCED POS-DEF BY ADDING  0.64572E+06 TO DIAGONAL.

 FCN=   19.93943     FROM HESSE     STATUS=NOT POSDEF    22 CALLS      433 TOTAL
                     EDM=  0.66E+06    STRATEGY= 1      ERR MATRIX NOT POS-DEF

  EXT PARAMETER                APPROXIMATE        STEP         FIRST   
  NO.   NAME        VALUE          ERROR          SIZE      DERIVATIVE 
   1    kapa       0.32899       0.96023E-07   0.57507E-06    43018.    
   2    lambda      2.1207       0.16094       0.29262E-06   -41320.    
   3    <pt>        2.9967       0.72442E-08   0.71723E-06   -24894.    
   4    n           2.0000       constant   
 MIGRAD FAILS TO FIND IMPROVEMENT
 MIGRAD TERMINATED WITHOUT CONVERGENCE.

 FCN=   9.645218     FROM MIGRAD    STATUS=FAILED        60 CALLS      459 TOTAL
                     EDM=  0.72E+04    STRATEGY= 1      ERR MATRIX NOT POS-DEF

  EXT PARAMETER                APPROXIMATE        STEP         FIRST   
  NO.   NAME        VALUE          ERROR          SIZE      DERIVATIVE 
   1    kapa       0.32899       0.89936E-08    0.0000       -5676.9    
   2    lambda      2.6591       0.10401E-01   -0.0000        4306.8    
   3    <pt>        2.9967       0.59678E-09    0.0000       -19193.    
   4    n           2.0000       constant   

 EXTERNAL ERROR MATRIX.    NDIM= 100    NPAR=  3    ERR DEF=  1.00    
  0.809E-16-0.595E-10 0.247E-17
 -0.595E-10 0.108E-03-0.450E-11
  0.247E-17-0.450E-11 0.356E-18
 ERR MATRIX NOT POS-DEF

 PARAMETER  CORRELATION COEFFICIENTS
       NO.  GLOBAL     1     2     3
        1  0.63654  1.000-0.637 0.461
        2  0.80064 -0.637 1.000-0.724
        3  0.72444  0.461-0.724 1.000
 ERR MATRIX NOT POS-DEF
 MINUIT WARNING IN HESSE   
 ============== Negative diagonal element  1 in Error Matrix
 MINUIT WARNING IN HESSE   
 ============== Negative diagonal element  2 in Error Matrix
 MINUIT WARNING IN HESSE   
 ============== Negative diagonal element  3 in Error Matrix
 MINUIT WARNING IN HESSE   
 ==============     0.12E+13 added to diagonal of error matrix
 EIGENVALUES OF SECOND-DERIVATIVE MATRIX:
        -0.2156E+06  0.9506E+00  0.2156E+06
 MINUIT WARNING IN HESSE   
 ============== MATRIX FORCED POS-DEF BY ADDING  0.21581E+06 TO DIAGONAL.
 MIGRAD FAILS WITH STRATEGY=0.   WILL TRY WITH STRATEGY=1.
 MINUIT WARNING IN HESSE   
 ============== Negative diagonal element  1 in Error Matrix
 MINUIT WARNING IN HESSE   
 ============== Negative diagonal element  2 in Error Matrix
 MINUIT WARNING IN HESSE   
 ==============     0.72E+12 added to diagonal of error matrix
 EIGENVALUES OF SECOND-DERIVATIVE MATRIX:
        -0.2361E+06  0.2361E+06
 MINUIT WARNING IN HESSE   
 ============== MATRIX FORCED POS-DEF BY ADDING  0.23636E+06 TO DIAGONAL.

 MINUIT TASK: fit crystal ball function                         

 FCN=   9.237487     FROM MINOS     STATUS=NEW MINIMU    73 CALLS      554 TOTAL
                     EDM= unknown      STRATEGY= 1      NO ERROR MATRIX       

  EXT PARAMETER                  PARABOLIC         MINOS ERRORS        
  NO.   NAME        VALUE          ERROR      NEGATIVE      POSITIVE   
   1    kapa       0.32899       0.45363E-07                            
   2    lambda      2.7734       0.29121                                
   3    <pt>        2.9967       0.77184E-08                            
   4    n           2.0000       constant   

 NEW MINIMUM FOUND.  GO BACK TO MINIMIZATION STEP.
 ============================================================
                                                            V
                                                            V
                                                            V
                                                         VVVVVVV
                                                          VVVVV
                                                           VVV
                                                            V


 START MIGRAD MINIMIZATION.  STRATEGY 1.  CONVERGENCE WHEN EDM .LT. 0.50E-04

 FCN=   9.237487     FROM MIGRAD    STATUS=INITIATE       6 CALLS      560 TOTAL
                     EDM= unknown      STRATEGY= 1      NO ERROR MATRIX       

  EXT PARAMETER               CURRENT GUESS       STEP         FIRST   
  NO.   NAME        VALUE          ERROR          SIZE      DERIVATIVE 
   1    kapa       0.32899       0.45363E-07   0.45363E-07   -12588.    
   2    lambda      2.7734       0.29121        0.0000       0.10058E+06
   3    <pt>        2.9967       0.77184E-08   -0.0000        7549.0    
   4    n           2.0000       constant   
 MINUIT WARNING IN MIGRAD  
 ============== Negative diagonal element  1 in Error Matrix
 MINUIT WARNING IN MIGRAD  
 ============== Negative diagonal element  2 in Error Matrix
 MINUIT WARNING IN MIGRAD  
 ==============     0.10E+01 added to diagonal of error matrix
 MIGRAD FAILS TO FIND IMPROVEMENT
 EIGENVALUES OF SECOND-DERIVATIVE MATRIX:
        -0.3079E+01  0.1066E+01  0.5013E+01
 MINUIT WARNING IN HESSE   
 ============== MATRIX FORCED POS-DEF BY ADDING   3.0837     TO DIAGONAL.

 FCN=   9.228864     FROM HESSE     STATUS=NOT POSDEF    30 CALLS      613 TOTAL
                     EDM=  0.23E+00    STRATEGY= 1      ERR MATRIX NOT POS-DEF

  EXT PARAMETER                APPROXIMATE        STEP         FIRST   
  NO.   NAME        VALUE          ERROR          SIZE      DERIVATIVE 
   1    kapa       0.32899       0.26065E-03   0.85599E-06   -25304.    
   2    lambda      2.7734       0.23000E-04   0.22007E-06    35032.    
   3    <pt>        2.9967       0.10131E-04   0.71723E-06    25365.    
   4    n           2.0000       constant   
 MIGRAD FAILS TO FIND IMPROVEMENT
 MIGRAD TERMINATED WITHOUT CONVERGENCE.

 FCN=   6.403280     FROM MIGRAD    STATUS=FAILED        94 CALLS      648 TOTAL
                     EDM=  0.14E+02    STRATEGY= 1      ERR MATRIX NOT POS-DEF

  EXT PARAMETER                APPROXIMATE        STEP         FIRST   
  NO.   NAME        VALUE          ERROR          SIZE      DERIVATIVE 
   1    kapa       0.38804       0.47165E-03    0.0000       -4107.3    
   2    lambda      2.7781       0.36779E-04    0.0000        3575.1    
   3    <pt>        2.9985       0.11296E-04    0.0000        2241.3    
   4    n           2.0000       constant   

 EXTERNAL ERROR MATRIX.    NDIM= 100    NPAR=  3    ERR DEF=  1.00    
  0.222E-06 0.171E-07 0.533E-08
  0.171E-07 0.135E-08 0.410E-09
  0.533E-08 0.410E-09 0.128E-09
 ERR MATRIX NOT POS-DEF

 PARAMETER  CORRELATION COEFFICIENTS
       NO.  GLOBAL     1     2     3
        1  0.99954  1.000 0.986 1.000
        2  0.98583  0.986 1.000 0.986
        3  0.99954  1.000 0.986 1.000
 ERR MATRIX NOT POS-DEF

 FUNCTION MUST BE MINIMIZED BEFORE CALLING MIGRAD  
 START MIGRAD MINIMIZATION.  STRATEGY 1.  CONVERGENCE WHEN EDM .LT. 0.10E-03

 FCN=   6.403280     FROM MIGRAD    STATUS=INITIATE       6 CALLS      654 TOTAL
                     EDM=  0.11E+03    STRATEGY= 1      ERR MATRIX NOT POS-DEF

  EXT PARAMETER                APPROXIMATE        STEP         FIRST   
  NO.   NAME        VALUE          ERROR          SIZE      DERIVATIVE 
   1    kapa       0.38804       0.47165E-03    0.0000       -10568.    
   2    lambda      2.7781       0.36779E-04    0.0000        3844.0    
   3    <pt>        2.9985       0.11296E-04    0.0000        135.49    
   4    n           2.0000       constant   
 MIGRAD FAILS TO FIND IMPROVEMENT
 COVARIANCE MATRIX CALCULATED SUCCESSFULLY

 FCN=   6.407964     FROM HESSE     STATUS=OK            22 CALLS      685 TOTAL
                     EDM=  0.10E+01    STRATEGY= 1      ERROR MATRIX ACCURATE 

  EXT PARAMETER                                   STEP         FIRST   
  NO.   NAME        VALUE          ERROR          SIZE      DERIVATIVE 
   1    kapa       0.38804       0.22607E-04   0.55992E-06  -0.10352E+06
   2    lambda      2.7781       0.23537E-04   0.21957E-06   0.17964E+06
   3    <pt>        2.9985       0.68862E-06   0.72767E-06    11640.    
   4    n           2.0000       constant   
 MIGRAD FAILS TO FIND IMPROVEMENT
 MIGRAD TERMINATED WITHOUT CONVERGENCE.

 FCN=   6.394225     FROM MIGRAD    STATUS=FAILED        53 CALLS      701 TOTAL
                     EDM=  0.16E-02  STRATEGY=1  ERROR MATRIX UNCERTAINTY= 73.8%

  EXT PARAMETER                APPROXIMATE        STEP         FIRST   
  NO.   NAME        VALUE          ERROR          SIZE      DERIVATIVE 
   1    kapa       0.38804       0.11347E-04   -0.0000       -350.71    
   2    lambda      2.7781       0.13729E-04   -0.0000        13725.    
   3    <pt>        2.9985       0.46266E-06   -0.0000        475.36    
   4    n           2.0000       constant   

 EXTERNAL ERROR MATRIX.    NDIM= 100    NPAR=  3    ERR DEF=  1.00    
  0.129E-09 0.469E-10 0.512E-12
  0.469E-10 0.188E-09 0.339E-11
  0.512E-12 0.339E-11 0.214E-12
 ERR MATRIX APPROXIMATE

 PARAMETER  CORRELATION COEFFICIENTS
       NO.  GLOBAL     1     2     3
        1  0.31037  1.000 0.301 0.098
        2  0.58980  0.301 1.000 0.534
        3  0.53817  0.098 0.534 1.000
 ERR MATRIX APPROXIMATE
 MINUIT WARNING IN HESSE   
 ============== Negative diagonal element  1 in Error Matrix
 MINUIT WARNING IN HESSE   
 ============== Negative diagonal element  3 in Error Matrix
 MINUIT WARNING IN HESSE   
 ==============     0.21E+11 added to diagonal of error matrix
 EIGENVALUES OF SECOND-DERIVATIVE MATRIX:
        -0.1492E+07 -0.1229E+01  0.1492E+07
 MINUIT WARNING IN HESSE   
 ============== MATRIX FORCED POS-DEF BY ADDING  0.14934E+07 TO DIAGONAL.
 MIGRAD FAILS WITH STRATEGY=0.   WILL TRY WITH STRATEGY=1.
 MINUIT WARNING IN HESSE   
 ============== Negative diagonal element  1 in Error Matrix
 MINUIT WARNING IN HESSE   
 ============== Negative diagonal element  2 in Error Matrix
 MINUIT WARNING IN HESSE   
 ==============     0.17E+11 added to diagonal of error matrix
 EIGENVALUES OF SECOND-DERIVATIVE MATRIX:
        -0.2623E+05  0.2623E+05
 MINUIT WARNING IN HESSE   
 ============== MATRIX FORCED POS-DEF BY ADDING   26256.     TO DIAGONAL.

 MINUIT TASK: fit crystal ball function                         

 FCN=   6.331106     FROM MINOS     STATUS=NEW MINIMU    92 CALLS      815 TOTAL
                     EDM= unknown      STRATEGY= 1      NO ERROR MATRIX       

  EXT PARAMETER                  PARABOLIC         MINOS ERRORS        
  NO.   NAME        VALUE          ERROR      NEGATIVE      POSITIVE   
   1    kapa       0.38804       0.18757E-05                            
   2    lambda      2.7782       0.30843E-06                            
   3    <pt>        2.8574       0.91272E-04                            
   4    n           2.0000       constant   

 NEW MINIMUM FOUND.  GO BACK TO MINIMIZATION STEP.
 ============================================================
                                                            V
                                                            V
                                                            V
                                                         VVVVVVV
                                                          VVVVV
                                                           VVV
                                                            V


 START MIGRAD MINIMIZATION.  STRATEGY 1.  CONVERGENCE WHEN EDM .LT. 0.50E-04

 FCN=   6.331106     FROM MIGRAD    STATUS=INITIATE       6 CALLS      821 TOTAL
                     EDM= unknown      STRATEGY= 1      NO ERROR MATRIX       

  EXT PARAMETER               CURRENT GUESS       STEP         FIRST   
  NO.   NAME        VALUE          ERROR          SIZE      DERIVATIVE 
   1    kapa       0.38804       0.18757E-05   0.18757E-05   -5002.3    
   2    lambda      2.7782       0.30843E-06   -0.0000        11360.    
   3    <pt>        2.8574       0.91272E-04   -0.0000       -2484.0    
   4    n           2.0000       constant   
 MIGRAD FAILS TO FIND IMPROVEMENT
 EIGENVALUES OF SECOND-DERIVATIVE MATRIX:
        -0.7205E+00  0.1563E+01  0.2158E+01
 MINUIT WARNING IN HESSE   
 ============== MATRIX FORCED POS-DEF BY ADDING  0.72267     TO DIAGONAL.

 FCN=   6.329574     FROM HESSE     STATUS=NOT POSDEF    22 CALLS      857 TOTAL
                     EDM=  0.35E+01    STRATEGY= 1      ERR MATRIX NOT POS-DEF

  EXT PARAMETER                APPROXIMATE        STEP         FIRST   
  NO.   NAME        VALUE          ERROR          SIZE      DERIVATIVE 
   1    kapa       0.38804       0.92802E-04   0.55992E-06    8510.9    
   2    lambda      2.7782       0.89826E-04   0.21957E-06   -29139.    
   3    <pt>        2.8574       0.46943E-04   0.53944E-06   -48456.    
   4    n           2.0000       constant   
 MIGRAD FAILS TO FIND IMPROVEMENT
 MIGRAD TERMINATED WITHOUT CONVERGENCE.

 FCN=   6.329409     FROM MIGRAD    STATUS=FAILED        61 CALLS      876 TOTAL
                     EDM=  0.17E+00    STRATEGY= 1      ERR MATRIX NOT POS-DEF

  EXT PARAMETER                APPROXIMATE        STEP         FIRST   
  NO.   NAME        VALUE          ERROR          SIZE      DERIVATIVE 
   1    kapa       0.38808       0.42284E-04   -0.0000        498.50    
   2    lambda      2.7782       0.40947E-04   -0.0000        14846.    
   3    <pt>        2.8575       0.21225E-04   -0.0000        6798.9    
   4    n           2.0000       constant   

 EXTERNAL ERROR MATRIX.    NDIM= 100    NPAR=  3    ERR DEF=  1.00    
  0.179E-08 0.171E-08 0.888E-09
  0.171E-08 0.168E-08 0.856E-09
  0.888E-09 0.856E-09 0.451E-09
 ERR MATRIX NOT POS-DEF

 PARAMETER  CORRELATION COEFFICIENTS
       NO.  GLOBAL     1     2     3
        1  0.99245  1.000 0.988 0.989
        2  0.98913  0.988 1.000 0.985
        3  0.99055  0.989 0.985 1.000
 ERR MATRIX NOT POS-DEF

 FUNCTION MUST BE MINIMIZED BEFORE CALLING MIGRAD  
 START MIGRAD MINIMIZATION.  STRATEGY 1.  CONVERGENCE WHEN EDM .LT. 0.10E-03

 FCN=   6.329409     FROM MIGRAD    STATUS=INITIATE       6 CALLS      882 TOTAL
                     EDM=  0.78E-01    STRATEGY= 1      ERR MATRIX NOT POS-DEF

  EXT PARAMETER                APPROXIMATE        STEP         FIRST   
  NO.   NAME        VALUE          ERROR          SIZE      DERIVATIVE 
   1    kapa       0.38808       0.42284E-04   -0.0000       -4381.7    
   2    lambda      2.7782       0.40947E-04   -0.0000        8602.4    
   3    <pt>        2.8575       0.21225E-04   -0.0000        8997.8    
   4    n           2.0000       constant   
 MIGRAD FAILS TO FIND IMPROVEMENT
 MINUIT WARNING IN HESSE   
 ============== Negative diagonal element  1 in Error Matrix
 MINUIT WARNING IN HESSE   
 ============== Negative diagonal element  2 in Error Matrix
 MINUIT WARNING IN HESSE   
 ============== Negative diagonal element  3 in Error Matrix
 MINUIT WARNING IN HESSE   
 ==============     0.50E+11 added to diagonal of error matrix
 EIGENVALUES OF SECOND-DERIVATIVE MATRIX:
        -0.1018E+06  0.1063E+01  0.1019E+06
 MINUIT WARNING IN HESSE   
 ============== MATRIX FORCED POS-DEF BY ADDING  0.10195E+06 TO DIAGONAL.

 FCN=   6.351950     FROM HESSE     STATUS=NOT POSDEF    24 CALLS      909 TOTAL
                     EDM=  0.49E+07    STRATEGY= 1      ERR MATRIX NOT POS-DEF

  EXT PARAMETER                APPROXIMATE        STEP         FIRST   
  NO.   NAME        VALUE          ERROR          SIZE      DERIVATIVE 
   1    kapa       0.38808       0.19111       0.55990E-06   -44596.    
   2    lambda      2.7782       0.23646E-06   0.15645E-05  -0.31144E+06
   3    <pt>        2.8575       0.32937E-06   0.53946E-06  -0.13593E+06
   4    n           2.0000       constant   
 MIGRAD FAILS TO FIND IMPROVEMENT
 MIGRAD TERMINATED WITHOUT CONVERGENCE.

 FCN=   6.351950     FROM MIGRAD    STATUS=FAILED        44 CALLS      920 TOTAL
                     EDM=  0.49E+07    STRATEGY= 1      ERR MATRIX NOT POS-DEF

  EXT PARAMETER                APPROXIMATE        STEP         FIRST   
  NO.   NAME        VALUE          ERROR          SIZE      DERIVATIVE 
   1    kapa       0.38808       0.19111        0.0000       -44596.    
   2    lambda      2.7782       0.23646E-06   -0.0000      -0.31144E+06
   3    <pt>        2.8575       0.32937E-06   -0.0000      -0.13593E+06
   4    n           2.0000       constant   

 EXTERNAL ERROR MATRIX.    NDIM= 100    NPAR=  3    ERR DEF=  1.00    
  0.366E-01-0.419E-07-0.630E-07
 -0.419E-07 0.559E-13 0.720E-13
 -0.630E-07 0.720E-13 0.108E-12
 ERR MATRIX NOT POS-DEF

 PARAMETER  CORRELATION COEFFICIENTS
       NO.  GLOBAL     1     2     3
        1  0.99900  1.000-0.925-0.999
        2  0.92526 -0.925 1.000 0.924
        3  0.99899 -0.999 0.924 1.000
 ERR MATRIX NOT POS-DEF
 MINUIT WARNING IN HESSE   
 ============== Negative diagonal element  1 in Error Matrix
 MINUIT WARNING IN HESSE   
 ============== Negative diagonal element  2 in Error Matrix
 MINUIT WARNING IN HESSE   
 ==============     0.21E+12 added to diagonal of error matrix
 EIGENVALUES OF SECOND-DERIVATIVE MATRIX:
        -0.4312E+06  0.8616E+00  0.4312E+06
 MINUIT WARNING IN HESSE   
 ============== MATRIX FORCED POS-DEF BY ADDING  0.43161E+06 TO DIAGONAL.
 MINUIT WARNING IN MIGRAD  
 ============== Negative diagonal element  1 in Error Matrix
 MINUIT WARNING IN MIGRAD  
 ============== Negative diagonal element  2 in Error Matrix
 MINUIT WARNING IN MIGRAD  
 ==============     0.10E+01 added to diagonal of error matrix
 MIGRAD FAILS WITH STRATEGY=0.   WILL TRY WITH STRATEGY=1.

 MINUIT TASK: fit crystal ball function                         

 FCN=   5.713104     FROM MINOS     STATUS=NEW MINIMU    40 CALLS      986 TOTAL
                     EDM= unknown      STRATEGY= 1      NO ERROR MATRIX       

  EXT PARAMETER                  PARABOLIC         MINOS ERRORS        
  NO.   NAME        VALUE          ERROR      NEGATIVE      POSITIVE   
   1    kapa       0.38809       0.18729E-06                            
   2    lambda      2.9247       0.15564E-04                            
   3    <pt>        2.8575       0.29201E-05                            
   4    n           2.0000       constant   

 NEW MINIMUM FOUND.  GO BACK TO MINIMIZATION STEP.
 ============================================================
                                                            V
                                                            V
                                                            V
                                                         VVVVVVV
                                                          VVVVV
                                                           VVV
                                                            V


 START MIGRAD MINIMIZATION.  STRATEGY 1.  CONVERGENCE WHEN EDM .LT. 0.50E-04

 FCN=   5.713104     FROM MIGRAD    STATUS=INITIATE       6 CALLS      992 TOTAL
                     EDM= unknown      STRATEGY= 1      NO ERROR MATRIX       

  EXT PARAMETER               CURRENT GUESS       STEP         FIRST   
  NO.   NAME        VALUE          ERROR          SIZE      DERIVATIVE 
   1    kapa       0.38809       0.18729E-06   0.18729E-06   -11536.    
   2    lambda      2.9247       0.15564E-04    0.0000       -28481.    
   3    <pt>        2.8575       0.29201E-05    0.0000       -18870.    
   4    n           2.0000       constant   
 MIGRAD FAILS TO FIND IMPROVEMENT
 MINUIT WARNING IN HESSE   
 ============== Negative diagonal element  1 in Error Matrix
 MINUIT WARNING IN HESSE   
 ============== Negative diagonal element  2 in Error Matrix
 MINUIT WARNING IN HESSE   
 ============== Negative diagonal element  3 in Error Matrix
 MINUIT WARNING IN HESSE   
 ==============     0.89E+12 added to diagonal of error matrix
 EIGENVALUES OF SECOND-DERIVATIVE MATRIX:
        -0.4808E+06  0.9232E+00  0.4808E+06
 MINUIT WARNING IN HESSE   
 ============== MATRIX FORCED POS-DEF BY ADDING  0.48130E+06 TO DIAGONAL.

 FCN=   5.739300     FROM HESSE     STATUS=NOT POSDEF    22 CALLS     1015 TOTAL
                     EDM=  0.17E+07    STRATEGY= 1      ERR MATRIX NOT POS-DEF

  EXT PARAMETER                APPROXIMATE        STEP         FIRST   
  NO.   NAME        VALUE          ERROR          SIZE      DERIVATIVE 
   1    kapa       0.38809       0.99097E-07   0.55990E-06   -37099.    
   2    lambda      2.9247       0.20743       0.20409E-06    57963.    
   3    <pt>        2.8575       0.86279E-08   0.53946E-06  -0.33165E+06
   4    n           2.0000       constant   
 MIGRAD FAILS TO FIND IMPROVEMENT
 MIGRAD TERMINATED WITHOUT CONVERGENCE.

 FCN=   5.739300     FROM MIGRAD    STATUS=FAILED        40 CALLS     1026 TOTAL
                     EDM=  0.17E+07    STRATEGY= 1      ERR MATRIX NOT POS-DEF

  EXT PARAMETER                APPROXIMATE        STEP         FIRST   
  NO.   NAME        VALUE          ERROR          SIZE      DERIVATIVE 
   1    kapa       0.38809       0.99097E-07    0.0000       -37099.    
   2    lambda      2.9247       0.20743       -0.0000        57963.    
   3    <pt>        2.8575       0.86279E-08    0.0000      -0.33165E+06
   4    n           2.0000       constant   

 EXTERNAL ERROR MATRIX.    NDIM= 100    NPAR=  3    ERR DEF=  1.00    
  0.982E-14-0.205E-07 0.842E-15
 -0.205E-07 0.431E-01-0.177E-08
  0.842E-15-0.177E-08 0.744E-16
 ERR MATRIX NOT POS-DEF

 PARAMETER  CORRELATION COEFFICIENTS
       NO.  GLOBAL     1     2     3
        1  0.99893  1.000-0.999 0.985
        2  0.99900 -0.999 1.000-0.986
        3  0.98597  0.985-0.986 1.000
 ERR MATRIX NOT POS-DEF

 FUNCTION MUST BE MINIMIZED BEFORE CALLING MIGRAD  
 START MIGRAD MINIMIZATION.  STRATEGY 1.  CONVERGENCE WHEN EDM .LT. 0.10E-03

 FCN=   5.739300     FROM MIGRAD    STATUS=INITIATE       6 CALLS     1032 TOTAL
                     EDM=  0.21E+06    STRATEGY= 1      ERR MATRIX NOT POS-DEF

  EXT PARAMETER                APPROXIMATE        STEP         FIRST   
  NO.   NAME        VALUE          ERROR          SIZE      DERIVATIVE 
   1    kapa       0.38809       0.99097E-07    0.0000        3543.0    
   2    lambda      2.9247       0.20743       -0.0000        19951.    
   3    <pt>        2.8575       0.86279E-08    0.0000       -9351.1    
   4    n           2.0000       constant   
 MIGRAD FAILS TO FIND IMPROVEMENT
 EIGENVALUES OF SECOND-DERIVATIVE MATRIX:
        -0.2115E+00  0.1542E+01  0.1670E+01
 MINUIT WARNING IN HESSE   
 ============== MATRIX FORCED POS-DEF BY ADDING  0.21319     TO DIAGONAL.

 FCN=   5.719483     FROM HESSE     STATUS=NOT POSDEF    22 CALLS     1065 TOTAL
                     EDM=  0.14E+00    STRATEGY= 1      ERR MATRIX NOT POS-DEF

  EXT PARAMETER                APPROXIMATE        STEP         FIRST   
  NO.   NAME        VALUE          ERROR          SIZE      DERIVATIVE 
   1    kapa       0.38809       0.11973E-03   0.55990E-06    20579.    
   2    lambda      2.9247       0.10643E-03   0.20409E-06    35842.    
   3    <pt>        2.8575       0.63357E-04   0.53946E-06   -28607.    
   4    n           2.0000       constant   
 MIGRAD FAILS TO FIND IMPROVEMENT
 MIGRAD TERMINATED WITHOUT CONVERGENCE.

 FCN=   5.708827     FROM MIGRAD    STATUS=FAILED        55 CALLS     1081 TOTAL
                     EDM=  0.25E+00    STRATEGY= 1      ERR MATRIX NOT POS-DEF

  EXT PARAMETER                APPROXIMATE        STEP         FIRST   
  NO.   NAME        VALUE          ERROR          SIZE      DERIVATIVE 
   1    kapa       0.38809       0.38167E-04   -0.0000       -1780.0    
   2    lambda      2.9247       0.34170E-04   -0.0000       -26665.    
   3    <pt>        2.8575       0.18468E-04   -0.0000        17501.    
   4    n           2.0000       constant   

 EXTERNAL ERROR MATRIX.    NDIM= 100    NPAR=  3    ERR DEF=  1.00    
  0.146E-08 0.127E-08 0.687E-09
  0.127E-08 0.117E-08 0.614E-09
  0.687E-09 0.614E-09 0.341E-09
 ERR MATRIX NOT POS-DEF

 PARAMETER  CORRELATION COEFFICIENTS
       NO.  GLOBAL     1     2     3
        1  0.98123  1.000 0.974 0.975
        2  0.98019  0.974 1.000 0.974
        3  0.98071  0.975 0.974 1.000
 ERR MATRIX NOT POS-DEF
 MINUIT WARNING IN HESSE   
 ============== Negative diagonal element  1 in Error Matrix
 MINUIT WARNING IN HESSE   
 ============== Negative diagonal element  3 in Error Matrix
 MINUIT WARNING IN HESSE   
 ==============     0.22E+11 added to diagonal of error matrix
 EIGENVALUES OF SECOND-DERIVATIVE MATRIX:
        -0.1136E+07  0.7173E+00  0.1136E+07
 MINUIT WARNING IN HESSE   
 ============== MATRIX FORCED POS-DEF BY ADDING  0.11373E+07 TO DIAGONAL.
 MINUIT WARNING IN MIGRAD
 ============== STARTING MATRIX NOT POS-DEFINITE.
                         NEGATIVE MINOS ERROR NOT CALCULATED FOR PARAMETER   1

 MINUIT WARNING IN MIGRAD  
 ============== Negative diagonal element  1 in Error Matrix
 MINUIT WARNING IN MIGRAD  
 ==============     0.10E+01 added to diagonal of error matrix
 MIGRAD FAILS WITH STRATEGY=0.   WILL TRY WITH STRATEGY=1.
 MINUIT WARNING IN HESSE   
 ============== Negative diagonal element  1 in Error Matrix
 MINUIT WARNING IN HESSE   
 ============== Negative diagonal element  2 in Error Matrix
 MINUIT WARNING IN HESSE   
 ==============     0.50E+11 added to diagonal of error matrix
 EIGENVALUES OF SECOND-DERIVATIVE MATRIX:
        -0.2496E+06  0.2496E+06
 MINUIT WARNING IN HESSE   
 ============== MATRIX FORCED POS-DEF BY ADDING  0.24990E+06 TO DIAGONAL.

 MINUIT TASK: fit crystal ball function                         

 FCN=   4.774007     FROM MINOS     STATUS=NEW MINIMU   135 CALLS     1240 TOTAL
                     EDM= unknown      STRATEGY= 1      NO ERROR MATRIX       

  EXT PARAMETER                  PARABOLIC         MINOS ERRORS        
  NO.   NAME        VALUE          ERROR      NEGATIVE      POSITIVE   
   1    kapa       0.42464       0.12757                     0.11958    
   2    lambda      2.9247       0.43243E-06                            
   3    <pt>        2.8575       0.25893E-06                            
   4    n           2.0000       constant   

 NEW MINIMUM FOUND.  GO BACK TO MINIMIZATION STEP.
 ============================================================
                                                            V
                                                            V
                                                            V
                                                         VVVVVVV
                                                          VVVVV
                                                           VVV
                                                            V


 START MIGRAD MINIMIZATION.  STRATEGY 1.  CONVERGENCE WHEN EDM .LT. 0.50E-04

 FCN=   4.754941     FROM MIGRAD    STATUS=INITIATE      31 CALLS     1271 TOTAL
                     EDM= unknown      STRATEGY= 1      NO ERROR MATRIX       

  EXT PARAMETER               CURRENT GUESS       STEP         FIRST   
  NO.   NAME        VALUE          ERROR          SIZE      DERIVATIVE 
   1    kapa       0.42464       0.12757       0.55108E-06    293.33    
   2    lambda      2.9247       0.43243E-06    0.0000       -4660.1    
   3    <pt>        2.8575       0.25893E-06    0.0000       -4515.1    
   4    n           2.0000       constant   
 MIGRAD FAILS TO FIND IMPROVEMENT
 MINUIT WARNING IN HESSE   
 ============== Negative diagonal element  1 in Error Matrix
 MINUIT WARNING IN HESSE   
 ============== Negative diagonal element  2 in Error Matrix
 MINUIT WARNING IN HESSE   
 ============== Negative diagonal element  3 in Error Matrix
 MINUIT WARNING IN HESSE   
 ==============     0.47E+12 added to diagonal of error matrix
 EIGENVALUES OF SECOND-DERIVATIVE MATRIX:
        -0.2844E+06  0.8479E+00  0.2844E+06
 MINUIT WARNING IN HESSE   
 ============== MATRIX FORCED POS-DEF BY ADDING  0.28468E+06 TO DIAGONAL.

 FCN=   4.773584     FROM HESSE     STATUS=NOT POSDEF    22 CALLS     1294 TOTAL
                     EDM=  0.19E+08    STRATEGY= 1      ERR MATRIX NOT POS-DEF

  EXT PARAMETER                APPROXIMATE        STEP         FIRST   
  NO.   NAME        VALUE          ERROR          SIZE      DERIVATIVE 
   1    kapa       0.42464       0.90549E-07   0.55107E-06   -18511.    
   2    lambda      2.9247       0.26965       0.20409E-06   0.14540E+06
   3    <pt>        2.8575       0.52446E-07   0.53946E-06   -21635.    
   4    n           2.0000       constant   
 MIGRAD FAILS TO FIND IMPROVEMENT
 MIGRAD TERMINATED WITHOUT CONVERGENCE.

 FCN=   4.773584     FROM MIGRAD    STATUS=FAILED        65 CALLS     1305 TOTAL
                     EDM=  0.19E+08    STRATEGY= 1      ERR MATRIX NOT POS-DEF

  EXT PARAMETER                APPROXIMATE        STEP         FIRST   
  NO.   NAME        VALUE          ERROR          SIZE      DERIVATIVE 
   1    kapa       0.42464       0.90549E-07    0.0000       -18511.    
   2    lambda      2.9247       0.26965       -0.0000       0.14540E+06
   3    <pt>        2.8575       0.52446E-07    0.0000       -21635.    
   4    n           2.0000       constant   

 EXTERNAL ERROR MATRIX.    NDIM= 100    NPAR=  3    ERR DEF=  1.00    
  0.820E-14-0.243E-07 0.472E-14
 -0.243E-07 0.728E-01-0.141E-07
  0.472E-14-0.141E-07 0.275E-14
 ERR MATRIX NOT POS-DEF

 PARAMETER  CORRELATION COEFFICIENTS
       NO.  GLOBAL     1     2     3
        1  0.99535  1.000-0.995 0.994
        2  0.99900 -0.995 1.000-0.999
        3  0.99873  0.994-0.999 1.000
 ERR MATRIX NOT POS-DEF

 FUNCTION MUST BE MINIMIZED BEFORE CALLING MIGRAD  
 START MIGRAD MINIMIZATION.  STRATEGY 1.  CONVERGENCE WHEN EDM .LT. 0.10E-03

 FCN=   4.773584     FROM MIGRAD    STATUS=INITIATE       6 CALLS     1311 TOTAL
                     EDM=  0.30E+05    STRATEGY= 1      ERR MATRIX NOT POS-DEF

  EXT PARAMETER                APPROXIMATE        STEP         FIRST   
  NO.   NAME        VALUE          ERROR          SIZE      DERIVATIVE 
   1    kapa       0.42464       0.90549E-07    0.0000        2336.0    
   2    lambda      2.9247       0.26965       -0.0000       -5832.7    
   3    <pt>        2.8575       0.52446E-07    0.0000        5431.7    
   4    n           2.0000       constant   
 MINUIT WARNING IN MIGRAD  
 ============== Negative diagonal element  2 in Error Matrix
 MINUIT WARNING IN MIGRAD  
 ==============     0.10E+01 added to diagonal of error matrix
 MIGRAD FAILS TO FIND IMPROVEMENT
 EIGENVALUES OF SECOND-DERIVATIVE MATRIX:
        -0.7217E+00  0.1168E+01  0.2553E+01
 MINUIT WARNING IN HESSE   
 ============== MATRIX FORCED POS-DEF BY ADDING  0.72421     TO DIAGONAL.

 FCN=   4.517891     FROM HESSE     STATUS=NOT POSDEF    22 CALLS     1372 TOTAL
                     EDM=  0.24E+02    STRATEGY= 1      ERR MATRIX NOT POS-DEF

  EXT PARAMETER                APPROXIMATE        STEP         FIRST   
  NO.   NAME        VALUE          ERROR          SIZE      DERIVATIVE 
   1    kapa       0.42462       0.13582E-03   0.55108E-06   -34573.    
   2    lambda      3.0285       0.49413E-02   0.46874E-05    4055.5    
   3    <pt>        2.8575       0.21928E-04   0.53945E-06   -93412.    
   4    n           2.0000       constant   
 MIGRAD FAILS TO FIND IMPROVEMENT
 MIGRAD TERMINATED WITHOUT CONVERGENCE.

 FCN=   4.511173     FROM MIGRAD    STATUS=FAILED        79 CALLS     1384 TOTAL
                     EDM=  0.45E-02    STRATEGY= 1      ERR MATRIX NOT POS-DEF

  EXT PARAMETER                APPROXIMATE        STEP         FIRST   
  NO.   NAME        VALUE          ERROR          SIZE      DERIVATIVE 
   1    kapa       0.42473       0.54165E-04    0.0000        16011.    
   2    lambda      3.0323       0.19736E-02   -0.0000        928.00    
   3    <pt>        2.8575       0.88628E-05    0.0000       -5792.6    
   4    n           2.0000       constant   

 EXTERNAL ERROR MATRIX.    NDIM= 100    NPAR=  3    ERR DEF=  1.00    
  0.293E-08-0.106E-06 0.457E-09
 -0.106E-06 0.390E-05-0.166E-07
  0.457E-09-0.166E-07 0.785E-10
 ERR MATRIX NOT POS-DEF

 PARAMETER  CORRELATION COEFFICIENTS
       NO.  GLOBAL     1     2     3
        1  0.98999  1.000-0.989 0.953
        2  0.98930 -0.989 1.000-0.949
        3  0.95395  0.953-0.949 1.000
 ERR MATRIX NOT POS-DEF
 MINUIT WARNING IN HESSE   
 ============== Negative diagonal element  1 in Error Matrix
 MINUIT WARNING IN HESSE   
 ==============     0.15E+11 added to diagonal of error matrix
 EIGENVALUES OF SECOND-DERIVATIVE MATRIX:
        -0.4668E+05  0.1208E+01  0.4668E+05
 MINUIT WARNING IN HESSE   
 ============== MATRIX FORCED POS-DEF BY ADDING   46730.     TO DIAGONAL.
 MIGRAD FAILS WITH STRATEGY=0.   WILL TRY WITH STRATEGY=1.
 EIGENVALUES OF SECOND-DERIVATIVE MATRIX:
        -0.7136E+00  0.2714E+01
 MINUIT WARNING IN HESSE   
 ============== MATRIX FORCED POS-DEF BY ADDING  0.71628     TO DIAGONAL.
                         NEGATIVE MINOS ERROR NOT CALCULATED FOR PARAMETER   1

 MIGRAD FAILS WITH STRATEGY=0.   WILL TRY WITH STRATEGY=1.
                         POSITIVE MINOS ERROR NOT CALCULATED FOR PARAMETER   2

 MIGRAD FAILS WITH STRATEGY=0.   WILL TRY WITH STRATEGY=1.
 MINUIT WARNING IN HESSE   
 ============== Negative diagonal element  1 in Error Matrix
 MINUIT WARNING IN HESSE   
 ============== Negative diagonal element  2 in Error Matrix
 MINUIT WARNING IN HESSE   
 ==============     0.38E+12 added to diagonal of error matrix
 EIGENVALUES OF SECOND-DERIVATIVE MATRIX:
        -0.2257E+07  0.2257E+07
 MINUIT WARNING IN HESSE   
 ============== MATRIX FORCED POS-DEF BY ADDING  0.22593E+07 TO DIAGONAL.
                         NEGATIVE MINOS ERROR NOT CALCULATED FOR PARAMETER   2

 MIGRAD FAILS WITH STRATEGY=0.   WILL TRY WITH STRATEGY=1.
 MINUIT WARNING IN HESSE   
 ============== Negative diagonal element  1 in Error Matrix
 MINUIT WARNING IN HESSE   
 ============== Negative diagonal element  2 in Error Matrix
 MINUIT WARNING IN HESSE   
 ==============     0.25E+12 added to diagonal of error matrix
 EIGENVALUES OF SECOND-DERIVATIVE MATRIX:
        -0.2387E+05  0.2387E+05
 MINUIT WARNING IN HESSE   
 ============== MATRIX FORCED POS-DEF BY ADDING   23892.     TO DIAGONAL.
                         POSITIVE MINOS ERROR NOT CALCULATED FOR PARAMETER   3

 MIGRAD FAILS WITH STRATEGY=0.   WILL TRY WITH STRATEGY=1.
 MINUIT WARNING IN HESSE   
 ============== Negative diagonal element  2 in Error Matrix
 MINUIT WARNING IN HESSE   
 ==============     0.76E+08 added to diagonal of error matrix
 EIGENVALUES OF SECOND-DERIVATIVE MATRIX:
        -0.2238E+03  0.2258E+03
 MINUIT WARNING IN HESSE   
 ============== MATRIX FORCED POS-DEF BY ADDING   224.05     TO DIAGONAL.

 MINUIT TASK: fit crystal ball function                         

 FCN=   4.450467     FROM MINOS     STATUS=NEW MINIMU   261 CALLS     1667 TOTAL
                     EDM= unknown      STRATEGY= 1      NO ERROR MATRIX       

  EXT PARAMETER                  PARABOLIC         MINOS ERRORS        
  NO.   NAME        VALUE          ERROR      NEGATIVE      POSITIVE   
   1    kapa       0.43717       0.49413E-03                 0.72006E-01
   2    lambda      2.9998        8.4814                                
   3    <pt>        2.8575       0.61073E-06                            
   4    n           2.0000       constant   

 NEW MINIMUM FOUND.  GO BACK TO MINIMIZATION STEP.
 ============================================================
                                                            V
                                                            V
                                                            V
                                                         VVVVVVV
                                                          VVVVV
                                                           VVV
                                                            V


 START MIGRAD MINIMIZATION.  STRATEGY 1.  CONVERGENCE WHEN EDM .LT. 0.50E-04

 FCN=   4.442446     FROM MIGRAD    STATUS=INITIATE      19 CALLS     1686 TOTAL
                     EDM= unknown      STRATEGY= 1      NO ERROR MATRIX       

  EXT PARAMETER               CURRENT GUESS       STEP         FIRST   
  NO.   NAME        VALUE          ERROR          SIZE      DERIVATIVE 
   1    kapa       0.43717       0.49413E-03    0.0000       -4247.6    
   2    lambda      2.9998        8.4814       0.13923E-06    18977.    
   3    <pt>        2.8575       0.61073E-06    0.0000       -3503.5    
   4    n           2.0000       constant   
 MINUIT WARNING IN MIGRAD  
 ============== Negative diagonal element  2 in Error Matrix
 MINUIT WARNING IN MIGRAD  
 ==============     0.10E+01 added to diagonal of error matrix
 MIGRAD FAILS TO FIND IMPROVEMENT
 MINUIT WARNING IN HESSE   
 ============== Negative diagonal element  1 in Error Matrix
 MINUIT WARNING IN HESSE   
 ============== Negative diagonal element  3 in Error Matrix
 MINUIT WARNING IN HESSE   
 ==============     0.21E+11 added to diagonal of error matrix
 EIGENVALUES OF SECOND-DERIVATIVE MATRIX:
        -0.7526E+06 -0.8953E+01  0.7527E+06
 MINUIT WARNING IN HESSE   
 ============== MATRIX FORCED POS-DEF BY ADDING  0.75339E+06 TO DIAGONAL.

 FCN=   4.450259     FROM HESSE     STATUS=NOT POSDEF    22 CALLS     1728 TOTAL
                     EDM=  0.94E+05    STRATEGY= 1      ERR MATRIX NOT POS-DEF

  EXT PARAMETER                APPROXIMATE        STEP         FIRST   
  NO.   NAME        VALUE          ERROR          SIZE      DERIVATIVE 
   1    kapa       0.43717       0.74531E-01   0.54813E-06   -16818.    
   2    lambda      2.9998       0.93074E-07   0.19625E-06   0.33578E+06
   3    <pt>        2.8575       0.12216E-05   0.53947E-06    12374.    
   4    n           2.0000       constant   
 MIGRAD FAILS TO FIND IMPROVEMENT
 MIGRAD TERMINATED WITHOUT CONVERGENCE.

 FCN=   4.450259     FROM MIGRAD    STATUS=FAILED        72 CALLS     1739 TOTAL
                     EDM=  0.94E+05    STRATEGY= 1      ERR MATRIX NOT POS-DEF

  EXT PARAMETER                APPROXIMATE        STEP         FIRST   
  NO.   NAME        VALUE          ERROR          SIZE      DERIVATIVE 
   1    kapa       0.43717       0.74531E-01    0.0000       -16818.    
   2    lambda      2.9998       0.93074E-07    0.0000       0.33578E+06
   3    <pt>        2.8575       0.12216E-05   -0.0000        12374.    
   4    n           2.0000       constant   

 EXTERNAL ERROR MATRIX.    NDIM= 100    NPAR=  3    ERR DEF=  1.00    
  0.556E-02 0.676E-08-0.910E-07
  0.676E-08 0.866E-14-0.111E-12
 -0.910E-07-0.111E-12 0.149E-11
 ERR MATRIX NOT POS-DEF

 PARAMETER  CORRELATION COEFFICIENTS
       NO.  GLOBAL     1     2     3
        1  0.99900  1.000 0.974-0.999
        2  0.97390  0.974 1.000-0.973
        3  0.99896 -0.999-0.973 1.000
 ERR MATRIX NOT POS-DEF

 FUNCTION MUST BE MINIMIZED BEFORE CALLING MIGRAD  
 START MIGRAD MINIMIZATION.  STRATEGY 1.  CONVERGENCE WHEN EDM .LT. 0.10E-03

 FCN=   4.450259     FROM MIGRAD    STATUS=INITIATE       6 CALLS     1745 TOTAL
                     EDM=  0.74E+05    STRATEGY= 1      ERR MATRIX NOT POS-DEF

  EXT PARAMETER                APPROXIMATE        STEP         FIRST   
  NO.   NAME        VALUE          ERROR          SIZE      DERIVATIVE 
   1    kapa       0.43717       0.74531E-01    0.0000       -14951.    
   2    lambda      2.9998       0.93074E-07    0.0000        1987.7    
   3    <pt>        2.8575       0.12216E-05   -0.0000        12006.    
   4    n           2.0000       constant   
 MIGRAD FAILS TO FIND IMPROVEMENT
 MINUIT WARNING IN HESSE   
 ============== Negative diagonal element  1 in Error Matrix
 MINUIT WARNING IN HESSE   
 ==============     0.14E+11 added to diagonal of error matrix
 EIGENVALUES OF SECOND-DERIVATIVE MATRIX:
        -0.4198E+06  0.1062E+01  0.4198E+06
 MINUIT WARNING IN HESSE   
 ============== MATRIX FORCED POS-DEF BY ADDING  0.42021E+06 TO DIAGONAL.

 FCN=   4.440013     FROM HESSE     STATUS=NOT POSDEF    22 CALLS     1778 TOTAL
                     EDM=  0.14E+08    STRATEGY= 1      ERR MATRIX NOT POS-DEF

  EXT PARAMETER                APPROXIMATE        STEP         FIRST   
  NO.   NAME        VALUE          ERROR          SIZE      DERIVATIVE 
   1    kapa       0.43717       0.99779E-01   0.54813E-06   0.15094E+06
   2    lambda      2.9998       0.12263E-06   0.19625E-06    67309.    
   3    <pt>        2.8575       0.17334E-06   0.53947E-06   -11618.    
   4    n           2.0000       constant   
 MIGRAD FAILS TO FIND IMPROVEMENT
 MIGRAD TERMINATED WITHOUT CONVERGENCE.

 FCN=   4.440013     FROM MIGRAD    STATUS=FAILED        50 CALLS     1789 TOTAL
                     EDM=  0.14E+08    STRATEGY= 1      ERR MATRIX NOT POS-DEF

  EXT PARAMETER                APPROXIMATE        STEP         FIRST   
  NO.   NAME        VALUE          ERROR          SIZE      DERIVATIVE 
   1    kapa       0.43717       0.99779E-01   -0.0000       0.15094E+06
   2    lambda      2.9998       0.12263E-06    0.0000        67309.    
   3    <pt>        2.8575       0.17334E-06    0.0000       -11618.    
   4    n           2.0000       constant   

 EXTERNAL ERROR MATRIX.    NDIM= 100    NPAR=  3    ERR DEF=  1.00    
  0.996E-02-0.122E-07-0.173E-07
 -0.122E-07 0.150E-13 0.211E-13
 -0.173E-07 0.211E-13 0.300E-13
 ERR MATRIX NOT POS-DEF

 PARAMETER  CORRELATION COEFFICIENTS
       NO.  GLOBAL     1     2     3
        1  0.99900  1.000-0.993-0.999
        2  0.99299 -0.993 1.000 0.992
        3  0.99884 -0.999 0.992 1.000
 ERR MATRIX NOT POS-DEF
 MINUIT WARNING IN HESSE   
 ============== Negative diagonal element  1 in Error Matrix
 MINUIT WARNING IN HESSE   
 ============== Negative diagonal element  2 in Error Matrix
 MINUIT WARNING IN HESSE   
 ============== Negative diagonal element  3 in Error Matrix
 MINUIT WARNING IN HESSE   
 ==============     0.54E+12 added to diagonal of error matrix
 EIGENVALUES OF SECOND-DERIVATIVE MATRIX:
        -0.3722E+06  0.9669E+00  0.3722E+06
 MINUIT WARNING IN HESSE   
 ============== MATRIX FORCED POS-DEF BY ADDING  0.37255E+06 TO DIAGONAL.
 MINUIT WARNING IN MIGRAD  
 ============== Negative diagonal element  1 in Error Matrix
 MINUIT WARNING IN MIGRAD  
 ==============     0.10E+01 added to diagonal of error matrix
 MIGRAD FAILS WITH STRATEGY=0.   WILL TRY WITH STRATEGY=1.

 MINUIT TASK: fit crystal ball function                         

 FCN=   4.383635     FROM MINOS     STATUS=NEW MINIMU    65 CALLS     1882 TOTAL
                     EDM= unknown      STRATEGY= 1      NO ERROR MATRIX       

  EXT PARAMETER                  PARABOLIC         MINOS ERRORS        
  NO.   NAME        VALUE          ERROR      NEGATIVE      POSITIVE   
   1    kapa       0.43717       0.53142E-07                            
   2    lambda      3.0364       0.59878E-05                            
   3    <pt>        2.8575       0.40487E-05                            
   4    n           2.0000       constant   

 NEW MINIMUM FOUND.  GO BACK TO MINIMIZATION STEP.
 ============================================================
                                                            V
                                                            V
                                                            V
                                                         VVVVVVV
                                                          VVVVV
                                                           VVV
                                                            V


 START MIGRAD MINIMIZATION.  STRATEGY 1.  CONVERGENCE WHEN EDM .LT. 0.50E-04

 FCN=   4.383635     FROM MIGRAD    STATUS=INITIATE       6 CALLS     1888 TOTAL
                     EDM= unknown      STRATEGY= 1      NO ERROR MATRIX       

  EXT PARAMETER               CURRENT GUESS       STEP         FIRST   
  NO.   NAME        VALUE          ERROR          SIZE      DERIVATIVE 
   1    kapa       0.43717       0.53142E-07   0.53142E-07    1376.9    
   2    lambda      3.0364       0.59878E-05   -0.0000        48379.    
   3    <pt>        2.8575       0.40487E-05    0.0000        12482.    
   4    n           2.0000       constant   
 MIGRAD FAILS TO FIND IMPROVEMENT
 MINUIT WARNING IN HESSE   
 ============== Negative diagonal element  1 in Error Matrix
 MINUIT WARNING IN HESSE   
 ==============     0.15E+11 added to diagonal of error matrix
 EIGENVALUES OF SECOND-DERIVATIVE MATRIX:
        -0.3665E+06  0.1107E+01  0.3665E+06
 MINUIT WARNING IN HESSE   
 ============== MATRIX FORCED POS-DEF BY ADDING  0.36682E+06 TO DIAGONAL.

 FCN=   4.388676     FROM HESSE     STATUS=NOT POSDEF    24 CALLS     1915 TOTAL
                     EDM=  0.91E+05    STRATEGY= 1      ERR MATRIX NOT POS-DEF

  EXT PARAMETER                APPROXIMATE        STEP         FIRST   
  NO.   NAME        VALUE          ERROR          SIZE      DERIVATIVE 
   1    kapa       0.43717       0.10679       0.54813E-06   -11554.    
   2    lambda      3.0364       0.89074E-06   0.14314E-05    8359.8    
   3    <pt>        2.8575       0.15280E-06   0.53947E-06   0.17154E+06
   4    n           2.0000       constant   
 MIGRAD FAILS TO FIND IMPROVEMENT
 MIGRAD TERMINATED WITHOUT CONVERGENCE.

 FCN=   4.388676     FROM MIGRAD    STATUS=FAILED        44 CALLS     1926 TOTAL
                     EDM=  0.91E+05    STRATEGY= 1      ERR MATRIX NOT POS-DEF

  EXT PARAMETER                APPROXIMATE        STEP         FIRST   
  NO.   NAME        VALUE          ERROR          SIZE      DERIVATIVE 
   1    kapa       0.43717       0.10679        0.0000       -11554.    
   2    lambda      3.0364       0.89074E-06   -0.0000        8359.8    
   3    <pt>        2.8575       0.15280E-06   -0.0000       0.17154E+06
   4    n           2.0000       constant   

 EXTERNAL ERROR MATRIX.    NDIM= 100    NPAR=  3    ERR DEF=  1.00    
  0.114E-01-0.947E-07-0.163E-07
 -0.947E-07 0.793E-12 0.135E-12
 -0.163E-07 0.135E-12 0.233E-13
 ERR MATRIX NOT POS-DEF

 PARAMETER  CORRELATION COEFFICIENTS
       NO.  GLOBAL     1     2     3
        1  0.99900  1.000-0.996-0.999
        2  0.99556 -0.996 1.000 0.994
        3  0.99871 -0.999 0.994 1.000
 ERR MATRIX NOT POS-DEF

 FUNCTION MUST BE MINIMIZED BEFORE CALLING MIGRAD  
 START MIGRAD MINIMIZATION.  STRATEGY 1.  CONVERGENCE WHEN EDM .LT. 0.10E-03

 FCN=   4.388676     FROM MIGRAD    STATUS=INITIATE       6 CALLS     1932 TOTAL
                     EDM=  0.14E+05    STRATEGY= 1      ERR MATRIX NOT POS-DEF

  EXT PARAMETER                APPROXIMATE        STEP         FIRST   
  NO.   NAME        VALUE          ERROR          SIZE      DERIVATIVE 
   1    kapa       0.43717       0.10679        0.0000       -4521.4    
   2    lambda      3.0364       0.89074E-06   -0.0000       -1696.8    
   3    <pt>        2.8575       0.15280E-06   -0.0000       -5215.1    
   4    n           2.0000       constant   
 MIGRAD FAILS TO FIND IMPROVEMENT
 MINUIT WARNING IN HESSE   
 ============== Negative diagonal element  1 in Error Matrix
 MINUIT WARNING IN HESSE   
 ============== Negative diagonal element  2 in Error Matrix
 MINUIT WARNING IN HESSE   
 ============== Negative diagonal element  3 in Error Matrix
 MINUIT WARNING IN HESSE   
 ==============     0.39E+12 added to diagonal of error matrix
 EIGENVALUES OF SECOND-DERIVATIVE MATRIX:
        -0.5178E+06  0.9501E+00  0.5178E+06
 MINUIT WARNING IN HESSE   
 ============== MATRIX FORCED POS-DEF BY ADDING  0.51831E+06 TO DIAGONAL.

 FCN=   4.402395     FROM HESSE     STATUS=NOT POSDEF    22 CALLS     1965 TOTAL
                     EDM=  0.36E+07    STRATEGY= 1      ERR MATRIX NOT POS-DEF

  EXT PARAMETER                APPROXIMATE        STEP         FIRST   
  NO.   NAME        VALUE          ERROR          SIZE      DERIVATIVE 
   1    kapa       0.43717       0.12067E-06   0.54813E-06    4523.2    
   2    lambda      3.0364       0.20206       0.19245E-06    86739.    
   3    <pt>        2.8575       0.33167E-07   0.53947E-06    16277.    
   4    n           2.0000       constant   
 MIGRAD FAILS TO FIND IMPROVEMENT
 MIGRAD TERMINATED WITHOUT CONVERGENCE.

 FCN=   4.402395     FROM MIGRAD    STATUS=FAILED        50 CALLS     1976 TOTAL
                     EDM=  0.36E+07    STRATEGY= 1      ERR MATRIX NOT POS-DEF

  EXT PARAMETER                APPROXIMATE        STEP         FIRST   
  NO.   NAME        VALUE          ERROR          SIZE      DERIVATIVE 
   1    kapa       0.43717       0.12067E-06    0.0000        4523.2    
   2    lambda      3.0364       0.20206       -0.0000        86739.    
   3    <pt>        2.8575       0.33167E-07    0.0000        16277.    
   4    n           2.0000       constant   

 EXTERNAL ERROR MATRIX.    NDIM= 100    NPAR=  3    ERR DEF=  1.00    
  0.146E-13-0.243E-07 0.399E-14
 -0.243E-07 0.409E-01-0.669E-08
  0.399E-14-0.669E-08 0.110E-14
 ERR MATRIX NOT POS-DEF

 PARAMETER  CORRELATION COEFFICIENTS
       NO.  GLOBAL     1     2     3
        1  0.99819  1.000-0.998 0.996
        2  0.99900 -0.998 1.000-0.998
        3  0.99778  0.996-0.998 1.000
 ERR MATRIX NOT POS-DEF
 MINUIT WARNING IN HESSE   
 ============== Negative diagonal element  1 in Error Matrix
 MINUIT WARNING IN HESSE   
 ============== Negative diagonal element  2 in Error Matrix
 MINUIT WARNING IN HESSE   
 ============== Negative diagonal element  3 in Error Matrix
 MINUIT WARNING IN HESSE   
 ==============     0.51E+12 added to diagonal of error matrix
 EIGENVALUES OF SECOND-DERIVATIVE MATRIX:
        -0.5769E+06  0.8147E+00  0.5769E+06
 MINUIT WARNING IN HESSE   
 ============== MATRIX FORCED POS-DEF BY ADDING  0.57750E+06 TO DIAGONAL.
 MIGRAD FAILS WITH STRATEGY=0.   WILL TRY WITH STRATEGY=1.
                         POSITIVE MINOS ERROR NOT CALCULATED FOR PARAMETER   1

 MINUIT WARNING IN MIGRAD  
 ============== Negative diagonal element  1 in Error Matrix
 MINUIT WARNING IN MIGRAD  
 ============== Negative diagonal element  2 in Error Matrix
 MINUIT WARNING IN MIGRAD  
 ==============     0.10E+01 added to diagonal of error matrix
 MIGRAD FAILS WITH STRATEGY=0.   WILL TRY WITH STRATEGY=1.
 MINUIT WARNING IN HESSE   
 ============== Negative diagonal element  2 in Error Matrix
 MINUIT WARNING IN HESSE   
 ==============     0.14E+12 added to diagonal of error matrix
 EIGENVALUES OF SECOND-DERIVATIVE MATRIX:
        -0.6335E+06  0.6335E+06
 MINUIT WARNING IN HESSE   
 ============== MATRIX FORCED POS-DEF BY ADDING  0.63415E+06 TO DIAGONAL.
 MINUIT WARNING IN MIGRAD  
 ============== Negative diagonal element  2 in Error Matrix
 MINUIT WARNING IN MIGRAD  
 ==============     0.10E+01 added to diagonal of error matrix
                         NEGATIVE MINOS ERROR NOT CALCULATED FOR PARAMETER   1

 MINUIT WARNING IN MIGRAD
 ============== STARTING MATRIX NOT POS-DEFINITE.
                         POSITIVE MINOS ERROR NOT CALCULATED FOR PARAMETER   2

 MIGRAD FAILS WITH STRATEGY=0.   WILL TRY WITH STRATEGY=1.
 MINUIT WARNING IN HESSE   
 ============== Negative diagonal element  1 in Error Matrix
 MINUIT WARNING IN HESSE   
 ============== Negative diagonal element  2 in Error Matrix
 MINUIT WARNING IN HESSE   
 ==============     0.28E+11 added to diagonal of error matrix
 EIGENVALUES OF SECOND-DERIVATIVE MATRIX:
        -0.8184E+05  0.8184E+05
 MINUIT WARNING IN HESSE   
 ============== MATRIX FORCED POS-DEF BY ADDING   81918.     TO DIAGONAL.
                         NEGATIVE MINOS ERROR NOT CALCULATED FOR PARAMETER   2

 MINUIT WARNING IN MIGRAD  
 ============== Negative diagonal element  2 in Error Matrix
 MINUIT WARNING IN MIGRAD  
 ==============     0.10E+01 added to diagonal of error matrix
 MIGRAD FAILS WITH STRATEGY=0.   WILL TRY WITH STRATEGY=1.
 MINUIT WARNING IN HESSE   
 ============== Negative diagonal element  1 in Error Matrix
 MINUIT WARNING IN HESSE   
 ============== Negative diagonal element  2 in Error Matrix
 MINUIT WARNING IN HESSE   
 ==============     0.16E+12 added to diagonal of error matrix
 EIGENVALUES OF SECOND-DERIVATIVE MATRIX:
        -0.2048E+06  0.2048E+06
 MINUIT WARNING IN HESSE   
 ============== MATRIX FORCED POS-DEF BY ADDING  0.20498E+06 TO DIAGONAL.
 MINUIT WARNING IN MIGRAD  
 ============== Negative diagonal element  2 in Error Matrix
 MINUIT WARNING IN MIGRAD  
 ==============     0.10E+01 added to diagonal of error matrix
                         POSITIVE MINOS ERROR NOT CALCULATED FOR PARAMETER   3

 MIGRAD FAILS WITH STRATEGY=0.   WILL TRY WITH STRATEGY=1.
 MINUIT WARNING IN HESSE   
 ============== Negative diagonal element  1 in Error Matrix
 MINUIT WARNING IN HESSE   
 ============== Negative diagonal element  2 in Error Matrix
 MINUIT WARNING IN HESSE   
 ==============     0.27E+13 added to diagonal of error matrix
 EIGENVALUES OF SECOND-DERIVATIVE MATRIX:
        -0.3057E+06  0.3057E+06
 MINUIT WARNING IN HESSE   
 ============== MATRIX FORCED POS-DEF BY ADDING  0.30599E+06 TO DIAGONAL.
                         NEGATIVE MINOS ERROR NOT CALCULATED FOR PARAMETER   3


 MINUIT TASK: fit crystal ball function                         

 FCN=   4.406597     FROM MINOS     STATUS=FAILURE      290 CALLS     2294 TOTAL
                     EDM=  0.40E+07    STRATEGY= 1      ERR MATRIX NOT POS-DEF

  EXT PARAMETER                  PARABOLIC         MINOS ERRORS        
  NO.   NAME        VALUE          ERROR      NEGATIVE      POSITIVE   
   1    kapa       0.43717       0.85318E-07                            
   2    lambda      3.0364       0.19143                                
   3    <pt>        2.8575       0.31816E-07                            
   4    n           2.0000       constant   
 **********
 **    4 **CALL FCN   3.000    
 **********

 FCN=   4.394568     FROM CALl fcn  STATUS=FAILURE        1 CALLS     2295 TOTAL
                     EDM=  0.40E+07    STRATEGY= 1      ERR MATRIX NOT POS-DEF

  EXT PARAMETER                APPROXIMATE        STEP         FIRST   
  NO.   NAME        VALUE          ERROR          SIZE      DERIVATIVE 
   1    kapa       0.43717       0.85318E-07    0.0000        27931.    
   2    lambda      3.0364       0.19143       -0.0000        71781.    
   3    <pt>        2.8575       0.31816E-07   0.31816E-07    4784.4    
   4    n           2.0000       constant   
 **********
 **    5 **STOP
 **********
