  MINUIT RELEASE 96.03  INITIALIZED.   DIMENSIONS 100/100  EPSMAC=  0.89E-15

 PARAMETER DEFINITIONS:
    NO.   NAME         VALUE      STEP SIZE      LIMITS
     1 'kapa      '   0.64802      0.10000E-01     0.0000       10.000    
     2 'lambda    '    3.0730      0.10000E-01     0.0000       10.000    
     3 '<pt>      '    2.6079      0.10000         0.0000       6.0000    
     4 'n         '    2.0000      constant
 **********
 **    1 **CALL FCN   1.000    
 **********

 FCN=   172.1176     FROM CALl fcn  STATUS=RESET          1 CALLS        1 TOTAL
                     EDM= unknown      STRATEGY= 1      NO ERROR MATRIX       

  EXT PARAMETER               CURRENT GUESS      PHYSICAL LIMITS       
  NO.   NAME        VALUE          ERROR       NEGATIVE      POSITIVE  
   1    kapa       0.64802       0.10000E-01    0.0000        10.000    
   2    lambda      3.0730       0.10000E-01    0.0000        10.000    
   3    <pt>        2.6079       0.10000        0.0000        6.0000    
   4    n           2.0000       constant   
 **********
 **    2 **MIGRAD
 **********
 START MIGRAD MINIMIZATION.  STRATEGY 1.  CONVERGENCE WHEN EDM .LT. 0.10E-03

 FCN=   171.0963     FROM MIGRAD    STATUS=INITIATE      37 CALLS       38 TOTAL
                     EDM= unknown      STRATEGY= 1      NO ERROR MATRIX       

  EXT PARAMETER               CURRENT GUESS       STEP         FIRST   
  NO.   NAME        VALUE          ERROR          SIZE      DERIVATIVE 
   1    kapa       0.64802       0.10000E-01    0.0000       0.73987E+06
   2    lambda      3.0730       0.10000E-01    0.0000      -0.39289E+06
   3    <pt>        2.6079       0.10000       0.12611E-05   0.57404E+07
   4    n           2.0000       constant   
 MIGRAD FAILS TO FIND IMPROVEMENT
 MINUIT WARNING IN HESSE   
 ============== Negative diagonal element  1 in Error Matrix
 MINUIT WARNING IN HESSE   
 ============== Negative diagonal element  2 in Error Matrix
 MINUIT WARNING IN HESSE   
 ============== Negative diagonal element  3 in Error Matrix
 MINUIT WARNING IN HESSE   
 ==============     0.43E+15 added to diagonal of error matrix
 EIGENVALUES OF SECOND-DERIVATIVE MATRIX:
        -0.9722E+06  0.1000E+01  0.9722E+06
 MINUIT WARNING IN HESSE   
 ============== MATRIX FORCED POS-DEF BY ADDING  0.97321E+06 TO DIAGONAL.

 FCN=   172.9802     FROM HESSE     STATUS=NOT POSDEF    22 CALLS       61 TOTAL
                     EDM=  0.22E+11    STRATEGY= 1      ERR MATRIX NOT POS-DEF

  EXT PARAMETER                APPROXIMATE        STEP         FIRST   
  NO.   NAME        VALUE          ERROR          SIZE      DERIVATIVE 
   1    kapa       0.64802       0.17284E-09   0.50354E-06  -0.13624E+07
   2    lambda      3.0730       0.76176E-08   0.18866E-06  -0.54044E+07
   3    <pt>        2.6079       0.95395E-01   0.62506E-07  -0.93255E+07
   4    n           2.0000       constant   
 MIGRAD FAILS TO FIND IMPROVEMENT
 MIGRAD TERMINATED WITHOUT CONVERGENCE.

 FCN=   91.45380     FROM MIGRAD    STATUS=FAILED        91 CALLS       92 TOTAL
                     EDM=  0.13E+02    STRATEGY= 1      ERR MATRIX NOT POS-DEF

  EXT PARAMETER                APPROXIMATE        STEP         FIRST   
  NO.   NAME        VALUE          ERROR          SIZE      DERIVATIVE 
   1    kapa       0.64802       0.17283E-09   -0.0000      -0.57784E+06
   2    lambda      3.0728       0.75597E-08    0.0000      -0.33447E+06
   3    <pt>        3.4371       0.94470E-01   -0.0000        253.02    
   4    n           2.0000       constant   

 EXTERNAL ERROR MATRIX.    NDIM= 100    NPAR=  3    ERR DEF=  1.00    
  0.299E-19-0.128E-18 0.160E-11
 -0.128E-18 0.571E-16-0.714E-09
  0.160E-11-0.714E-09 0.893E-02
 ERR MATRIX NOT POS-DEF

 PARAMETER  CORRELATION COEFFICIENTS
       NO.  GLOBAL     1     2     3
        1  0.09780  1.000-0.098 0.098
        2  0.99899 -0.098 1.000-0.999
        3  0.99899  0.098-0.999 1.000
 ERR MATRIX NOT POS-DEF
 **********
 **    3 **MINOS
 **********

 FUNCTION MUST BE MINIMIZED BEFORE CALLING MINOs   
 START MIGRAD MINIMIZATION.  STRATEGY 1.  CONVERGENCE WHEN EDM .LT. 0.10E-03

 FCN=   91.45380     FROM MIGRAD    STATUS=INITIATE       6 CALLS       98 TOTAL
                     EDM=  0.69E+03    STRATEGY= 1      ERR MATRIX NOT POS-DEF

  EXT PARAMETER                APPROXIMATE        STEP         FIRST   
  NO.   NAME        VALUE          ERROR          SIZE      DERIVATIVE 
   1    kapa       0.64802       0.17283E-09   -0.0000       0.47056E+06
   2    lambda      3.0728       0.75597E-08    0.0000      -0.15191E+07
   3    <pt>        3.4371       0.94470E-01   -0.0000        796.92    
   4    n           2.0000       constant   
 MIGRAD FAILS TO FIND IMPROVEMENT
 COVARIANCE MATRIX CALCULATED SUCCESSFULLY

 FCN=   91.61802     FROM HESSE     STATUS=OK            22 CALLS      130 TOTAL
                     EDM=  0.56E+01    STRATEGY= 1      ERROR MATRIX ACCURATE 

  EXT PARAMETER                                   STEP         FIRST   
  NO.   NAME        VALUE          ERROR          SIZE      DERIVATIVE 
   1    kapa       0.64802       0.18057E-05   0.50354E-06   0.96217E+06
   2    lambda      3.0728       0.16706E-05   0.18868E-06   0.15115E+08
   3    <pt>        3.4371       0.19794E-02   0.28605E-03    5474.2    
   4    n           2.0000       constant   
 MIGRAD FAILS TO FIND IMPROVEMENT
 MIGRAD TERMINATED WITHOUT CONVERGENCE.

 FCN=   91.61802     FROM MIGRAD    STATUS=FAILED        43 CALLS      135 TOTAL
                     EDM=  0.56E+01    STRATEGY= 1      ERR MATRIX APPROXIMATE

  EXT PARAMETER                APPROXIMATE        STEP         FIRST   
  NO.   NAME        VALUE          ERROR          SIZE      DERIVATIVE 
   1    kapa       0.64802       0.18057E-05   -0.0000       0.96217E+06
   2    lambda      3.0728       0.16706E-05   -0.0000       0.15115E+08
   3    <pt>        3.4371       0.19794E-02   -0.0000        5474.2    
   4    n           2.0000       constant   

 EXTERNAL ERROR MATRIX.    NDIM= 100    NPAR=  3    ERR DEF=  1.00    
  0.326E-11-0.131E-12 0.253E-09
 -0.131E-12 0.279E-11-0.176E-08
  0.253E-09-0.176E-08 0.392E-05
 ERR MATRIX APPROXIMATE

 PARAMETER  CORRELATION COEFFICIENTS
       NO.  GLOBAL     1     2     3
        1  0.07106  1.000-0.043 0.071
        2  0.53349 -0.043 1.000-0.533
        3  0.53559  0.071-0.533 1.000
 ERR MATRIX APPROXIMATE
 MINUIT WARNING IN HESSE   
 ============== Negative diagonal element  1 in Error Matrix
 MINUIT WARNING IN HESSE   
 ==============     0.12E+13 added to diagonal of error matrix
 EIGENVALUES OF SECOND-DERIVATIVE MATRIX:
        -0.2021E+07  0.1000E+01  0.2021E+07
 MINUIT WARNING IN HESSE   
 ============== MATRIX FORCED POS-DEF BY ADDING  0.20233E+07 TO DIAGONAL.
 MINUIT WARNING IN MIGRAD
 ============== STARTING MATRIX NOT POS-DEFINITE.
                         POSITIVE MINOS ERROR NOT CALCULATED FOR PARAMETER   1

 MIGRAD FAILS WITH STRATEGY=0.   WILL TRY WITH STRATEGY=1.
 MINUIT WARNING IN HESSE   
 ============== Negative diagonal element  1 in Error Matrix
 MINUIT WARNING IN HESSE   
 ==============     0.27E+13 added to diagonal of error matrix
 EIGENVALUES OF SECOND-DERIVATIVE MATRIX:
        -0.8911E+03  0.8931E+03
 MINUIT WARNING IN HESSE   
 ============== MATRIX FORCED POS-DEF BY ADDING   891.97     TO DIAGONAL.

 MINUIT TASK: fit crystal ball function                         

 FCN=   14.22210     FROM MINOS     STATUS=NEW MINIMU   118 CALLS      281 TOTAL
                     EDM= unknown      STRATEGY= 1      NO ERROR MATRIX       

  EXT PARAMETER                  PARABOLIC         MINOS ERRORS        
  NO.   NAME        VALUE          ERROR      NEGATIVE      POSITIVE   
   1    kapa       0.59326       0.54766E-01                            
   2    lambda      2.0815       0.56676                                
   3    <pt>        2.9095       0.26792E-06                            
   4    n           2.0000       constant   

 NEW MINIMUM FOUND.  GO BACK TO MINIMIZATION STEP.
 ============================================================
                                                            V
                                                            V
                                                            V
                                                         VVVVVVV
                                                          VVVVV
                                                           VVV
                                                            V


 START MIGRAD MINIMIZATION.  STRATEGY 1.  CONVERGENCE WHEN EDM .LT. 0.50E-04

 FCN=   14.09119     FROM MIGRAD    STATUS=INITIATE      41 CALLS      322 TOTAL
                     EDM= unknown      STRATEGY= 1      NO ERROR MATRIX       

  EXT PARAMETER               CURRENT GUESS       STEP         FIRST   
  NO.   NAME        VALUE          ERROR          SIZE      DERIVATIVE 
   1    kapa       0.59326       0.54766E-01    0.0000        79388.    
   2    lambda      2.0815       0.56676      -0.10402E-05   -84232.    
   3    <pt>        2.9095       0.26792E-06    0.0000       0.58463E+06
   4    n           2.0000       constant   
 MIGRAD FAILS TO FIND IMPROVEMENT
 EIGENVALUES OF SECOND-DERIVATIVE MATRIX:
        -0.5670E-01  0.1053E+01  0.2004E+01
 MINUIT WARNING IN HESSE   
 ============== MATRIX FORCED POS-DEF BY ADDING  0.58700E-01 TO DIAGONAL.

 FCN=   14.05092     FROM HESSE     STATUS=NOT POSDEF    22 CALLS      345 TOTAL
                     EDM=  0.14E+02    STRATEGY= 1      ERR MATRIX NOT POS-DEF

  EXT PARAMETER                APPROXIMATE        STEP         FIRST   
  NO.   NAME        VALUE          ERROR          SIZE      DERIVATIVE 
   1    kapa       0.59326       0.44802E-04   0.51437E-06   0.87211E+06
   2    lambda      2.0815       0.56324E-04   0.29720E-06   0.50849E+06
   3    <pt>        2.9095       0.18687E-05   0.14383E-07  -0.26031E+08
   4    n           2.0000       constant   
 MIGRAD FAILS TO FIND IMPROVEMENT
 MIGRAD TERMINATED WITHOUT CONVERGENCE.

 FCN=   14.05092     FROM MIGRAD    STATUS=FAILED        73 CALLS      354 TOTAL
                     EDM=  0.14E+02    STRATEGY= 1      ERR MATRIX NOT POS-DEF

  EXT PARAMETER                APPROXIMATE        STEP         FIRST   
  NO.   NAME        VALUE          ERROR          SIZE      DERIVATIVE 
   1    kapa       0.59326       0.44802E-04   -0.0000       0.87211E+06
   2    lambda      2.0815       0.56324E-04   -0.0000       0.50849E+06
   3    <pt>        2.9095       0.18687E-05   -0.0000      -0.26031E+08
   4    n           2.0000       constant   

 EXTERNAL ERROR MATRIX.    NDIM= 100    NPAR=  3    ERR DEF=  1.00    
  0.201E-08 0.251E-08 0.831E-10
  0.251E-08 0.317E-08 0.105E-09
  0.831E-10 0.105E-09 0.349E-11
 ERR MATRIX NOT POS-DEF

 PARAMETER  CORRELATION COEFFICIENTS
       NO.  GLOBAL     1     2     3
        1  0.99520  1.000 0.995 0.993
        2  0.99806  0.995 1.000 0.997
        3  0.99701  0.993 0.997 1.000
 ERR MATRIX NOT POS-DEF

 FUNCTION MUST BE MINIMIZED BEFORE CALLING MIGRAD  
 START MIGRAD MINIMIZATION.  STRATEGY 1.  CONVERGENCE WHEN EDM .LT. 0.10E-03

 FCN=   14.05092     FROM MIGRAD    STATUS=INITIATE       6 CALLS      360 TOTAL
                     EDM=  0.26E+00    STRATEGY= 1      ERR MATRIX NOT POS-DEF

  EXT PARAMETER                APPROXIMATE        STEP         FIRST   
  NO.   NAME        VALUE          ERROR          SIZE      DERIVATIVE 
   1    kapa       0.59326       0.44802E-04   -0.0000        24194.    
   2    lambda      2.0815       0.56324E-04   -0.0000       -42576.    
   3    <pt>        2.9095       0.18687E-05   -0.0000      -0.14298E+07
   4    n           2.0000       constant   
 MIGRAD FAILS TO FIND IMPROVEMENT
 MINUIT WARNING IN HESSE   
 ============== Negative diagonal element  1 in Error Matrix
 MINUIT WARNING IN HESSE   
 ============== Negative diagonal element  2 in Error Matrix
 MINUIT WARNING IN HESSE   
 ============== Negative diagonal element  3 in Error Matrix
 MINUIT WARNING IN HESSE   
 ==============     0.29E+14 added to diagonal of error matrix
 EIGENVALUES OF SECOND-DERIVATIVE MATRIX:
        -0.4536E+07  0.1030E+01  0.4536E+07
 MINUIT WARNING IN HESSE   
 ============== MATRIX FORCED POS-DEF BY ADDING  0.45402E+07 TO DIAGONAL.

 FCN=   14.19743     FROM HESSE     STATUS=NOT POSDEF    22 CALLS      386 TOTAL
                     EDM=  0.99E+10    STRATEGY= 1      ERR MATRIX NOT POS-DEF

  EXT PARAMETER                APPROXIMATE        STEP         FIRST   
  NO.   NAME        VALUE          ERROR          SIZE      DERIVATIVE 
   1    kapa       0.59326       0.42075E-08   0.51437E-06  -0.54758E+06
   2    lambda      2.0815       0.88521E-08   0.29720E-06    61567.    
   3    <pt>        2.9095       0.44534E-01   0.14383E-07  -0.13390E+08
   4    n           2.0000       constant   
 MIGRAD FAILS TO FIND IMPROVEMENT
 MIGRAD TERMINATED WITHOUT CONVERGENCE.

 FCN=   7.488541     FROM MIGRAD    STATUS=FAILED        49 CALLS      403 TOTAL
                     EDM=  0.97E-01    STRATEGY= 1      ERR MATRIX NOT POS-DEF

  EXT PARAMETER                APPROXIMATE        STEP         FIRST   
  NO.   NAME        VALUE          ERROR          SIZE      DERIVATIVE 
   1    kapa       0.59360       0.37957E-08   -0.0000       -87727.    
   2    lambda      2.0823       0.79833E-08   -0.0000       -87884.    
   3    <pt>        2.4064       0.39367E-01   -0.0000        41.912    
   4    n           2.0000       constant   

 EXTERNAL ERROR MATRIX.    NDIM= 100    NPAR=  3    ERR DEF=  1.00    
  0.144E-16 0.301E-16 0.149E-09
  0.301E-16 0.637E-16 0.314E-09
  0.149E-09 0.314E-09 0.155E-02
 ERR MATRIX NOT POS-DEF

 PARAMETER  CORRELATION COEFFICIENTS
       NO.  GLOBAL     1     2     3
        1  0.99702  1.000 0.995 0.997
        2  0.99791  0.995 1.000 0.998
        3  0.99877  0.997 0.998 1.000
 ERR MATRIX NOT POS-DEF
 MINUIT WARNING IN HESSE   
 ============== Negative diagonal element  1 in Error Matrix
 MINUIT WARNING IN HESSE   
 ============== Negative diagonal element  2 in Error Matrix
 MINUIT WARNING IN HESSE   
 ============== Negative diagonal element  3 in Error Matrix
 MINUIT WARNING IN HESSE   
 ==============     0.12E+13 added to diagonal of error matrix
 EIGENVALUES OF SECOND-DERIVATIVE MATRIX:
        -0.6645E+06  0.1000E+01  0.6645E+06
 MINUIT WARNING IN HESSE   
 ============== MATRIX FORCED POS-DEF BY ADDING  0.66519E+06 TO DIAGONAL.
 MIGRAD FAILS WITH STRATEGY=0.   WILL TRY WITH STRATEGY=1.
 MINUIT WARNING IN HESSE   
 ============== Negative diagonal element  1 in Error Matrix
 MINUIT WARNING IN HESSE   
 ==============     0.35E+12 added to diagonal of error matrix
 EIGENVALUES OF SECOND-DERIVATIVE MATRIX:
        -0.3231E+03  0.3251E+03
 MINUIT WARNING IN HESSE   
 ============== MATRIX FORCED POS-DEF BY ADDING   323.47     TO DIAGONAL.

 MINUIT TASK: fit crystal ball function                         

 FCN=   5.371038     FROM MINOS     STATUS=NEW MINIMU    63 CALLS      488 TOTAL
                     EDM= unknown      STRATEGY= 1      NO ERROR MATRIX       

  EXT PARAMETER                  PARABOLIC         MINOS ERRORS        
  NO.   NAME        VALUE          ERROR      NEGATIVE      POSITIVE   
   1    kapa       0.59360       0.10859E-06                            
   2    lambda      1.9861        5.1796                                
   3    <pt>        2.4064       0.87706E-05                            
   4    n           2.0000       constant   

 NEW MINIMUM FOUND.  GO BACK TO MINIMIZATION STEP.
 ============================================================
                                                            V
                                                            V
                                                            V
                                                         VVVVVVV
                                                          VVVVV
                                                           VVV
                                                            V


 START MIGRAD MINIMIZATION.  STRATEGY 1.  CONVERGENCE WHEN EDM .LT. 0.50E-04

 FCN=   5.338142     FROM MIGRAD    STATUS=INITIATE      25 CALLS      513 TOTAL
                     EDM= unknown      STRATEGY= 1      NO ERROR MATRIX       

  EXT PARAMETER               CURRENT GUESS       STEP         FIRST   
  NO.   NAME        VALUE          ERROR          SIZE      DERIVATIVE 
   1    kapa       0.59360       0.10859E-06   0.55250E-06    29842.    
   2    lambda      1.9861        5.1796        0.0000        44786.    
   3    <pt>        2.4064       0.87706E-05    0.0000       0.14303E+06
   4    n           2.0000       constant   
 MIGRAD FAILS TO FIND IMPROVEMENT
 MINUIT WARNING IN HESSE   
 ============== Negative diagonal element  1 in Error Matrix
 MINUIT WARNING IN HESSE   
 ============== Negative diagonal element  2 in Error Matrix
 MINUIT WARNING IN HESSE   
 ============== Negative diagonal element  3 in Error Matrix
 MINUIT WARNING IN HESSE   
 ==============     0.34E+13 added to diagonal of error matrix
 EIGENVALUES OF SECOND-DERIVATIVE MATRIX:
        -0.7161E+06  0.9446E+00  0.7161E+06
 MINUIT WARNING IN HESSE   
 ============== MATRIX FORCED POS-DEF BY ADDING  0.71682E+06 TO DIAGONAL.

 FCN=   5.394655     FROM HESSE     STATUS=NOT POSDEF    22 CALLS      536 TOTAL
                     EDM=  0.19E+10    STRATEGY= 1      ERR MATRIX NOT POS-DEF

  EXT PARAMETER                APPROXIMATE        STEP         FIRST   
  NO.   NAME        VALUE          ERROR          SIZE      DERIVATIVE 
   1    kapa       0.59360       0.18751E-07   0.51430E-06   -90113.    
   2    lambda      1.9861       0.81756E-07   0.30850E-06   0.83756E+06
   3    <pt>        2.4064       0.10989       0.94973E-07  -0.23378E+07
   4    n           2.0000       constant   
 MIGRAD FAILS TO FIND IMPROVEMENT
 MIGRAD TERMINATED WITHOUT CONVERGENCE.

 FCN=   5.394655     FROM MIGRAD    STATUS=FAILED        59 CALLS      547 TOTAL
                     EDM=  0.19E+10    STRATEGY= 1      ERR MATRIX NOT POS-DEF

  EXT PARAMETER                APPROXIMATE        STEP         FIRST   
  NO.   NAME        VALUE          ERROR          SIZE      DERIVATIVE 
   1    kapa       0.59360       0.18751E-07    0.0000       -90113.    
   2    lambda      1.9861       0.81756E-07    0.0000       0.83756E+06
   3    <pt>        2.4064       0.10989        0.0000      -0.23378E+07
   4    n           2.0000       constant   

 EXTERNAL ERROR MATRIX.    NDIM= 100    NPAR=  3    ERR DEF=  1.00    
  0.352E-15 0.152E-14 0.205E-08
  0.152E-14 0.668E-14 0.898E-08
  0.205E-08 0.898E-08 0.121E-01
 ERR MATRIX NOT POS-DEF

 PARAMETER  CORRELATION COEFFICIENTS
       NO.  GLOBAL     1     2     3
        1  0.99293  1.000 0.992 0.993
        2  0.99884  0.992 1.000 0.999
        3  0.99900  0.993 0.999 1.000
 ERR MATRIX NOT POS-DEF

 FUNCTION MUST BE MINIMIZED BEFORE CALLING MIGRAD  
 START MIGRAD MINIMIZATION.  STRATEGY 1.  CONVERGENCE WHEN EDM .LT. 0.10E-03

 FCN=   5.394655     FROM MIGRAD    STATUS=INITIATE       6 CALLS      553 TOTAL
                     EDM=  0.49E+06    STRATEGY= 1      ERR MATRIX NOT POS-DEF

  EXT PARAMETER                APPROXIMATE        STEP         FIRST   
  NO.   NAME        VALUE          ERROR          SIZE      DERIVATIVE 
   1    kapa       0.59360       0.18751E-07    0.0000        70949.    
   2    lambda      1.9861       0.81756E-07    0.0000        11302.    
   3    <pt>        2.4064       0.10989        0.0000        37529.    
   4    n           2.0000       constant   
 MIGRAD FAILS TO FIND IMPROVEMENT
 MINUIT WARNING IN HESSE   
 ============== Negative diagonal element  1 in Error Matrix
 MINUIT WARNING IN HESSE   
 ==============     0.29E+12 added to diagonal of error matrix
 EIGENVALUES OF SECOND-DERIVATIVE MATRIX:
        -0.6088E+06  0.1327E+01  0.6088E+06
 MINUIT WARNING IN HESSE   
 ============== MATRIX FORCED POS-DEF BY ADDING  0.60939E+06 TO DIAGONAL.

 FCN=   5.146172     FROM HESSE     STATUS=NOT POSDEF    22 CALLS      620 TOTAL
                     EDM=  0.11E+08    STRATEGY= 1      ERR MATRIX NOT POS-DEF

  EXT PARAMETER                APPROXIMATE        STEP         FIRST   
  NO.   NAME        VALUE          ERROR          SIZE      DERIVATIVE 
   1    kapa       0.59360       0.95767E-01   0.51430E-06   0.16702E+06
   2    lambda      1.9861       0.27325E-06   0.30850E-06   0.75039E+06
   3    <pt>        2.3510       0.21199E-07   0.10398E-06  -0.30662E+07
   4    n           2.0000       constant   
 MIGRAD FAILS TO FIND IMPROVEMENT
 MIGRAD TERMINATED WITHOUT CONVERGENCE.

 FCN=   5.146172     FROM MIGRAD    STATUS=FAILED        84 CALLS      631 TOTAL
                     EDM=  0.11E+08    STRATEGY= 1      ERR MATRIX NOT POS-DEF

  EXT PARAMETER                APPROXIMATE        STEP         FIRST   
  NO.   NAME        VALUE          ERROR          SIZE      DERIVATIVE 
   1    kapa       0.59360       0.95767E-01   -0.0000       0.16702E+06
   2    lambda      1.9861       0.27325E-06    0.0000       0.75039E+06
   3    <pt>        2.3510       0.21199E-07    0.0000      -0.30662E+07
   4    n           2.0000       constant   

 EXTERNAL ERROR MATRIX.    NDIM= 100    NPAR=  3    ERR DEF=  1.00    
  0.918E-02-0.261E-07-0.195E-08
 -0.261E-07 0.747E-13 0.555E-14
 -0.195E-08 0.555E-14 0.449E-15
 ERR MATRIX NOT POS-DEF

 PARAMETER  CORRELATION COEFFICIENTS
       NO.  GLOBAL     1     2     3
        1  0.99900  1.000-0.999-0.959
        2  0.99898 -0.999 1.000 0.958
        3  0.95853 -0.959 0.958 1.000
 ERR MATRIX NOT POS-DEF
 MINUIT WARNING IN HESSE   
 ============== Negative diagonal element  1 in Error Matrix
 MINUIT WARNING IN HESSE   
 ============== Negative diagonal element  2 in Error Matrix
 MINUIT WARNING IN HESSE   
 ==============     0.14E+12 added to diagonal of error matrix
 EIGENVALUES OF SECOND-DERIVATIVE MATRIX:
        -0.2198E+07  0.7970E+01  0.2198E+07
 MINUIT WARNING IN HESSE   
 ============== MATRIX FORCED POS-DEF BY ADDING  0.22003E+07 TO DIAGONAL.
 MIGRAD FAILS WITH STRATEGY=0.   WILL TRY WITH STRATEGY=1.
 MINUIT WARNING IN HESSE   
 ============== Negative diagonal element  1 in Error Matrix
 MINUIT WARNING IN HESSE   
 ============== Negative diagonal element  2 in Error Matrix
 MINUIT WARNING IN HESSE   
 ==============     0.17E+13 added to diagonal of error matrix
 EIGENVALUES OF SECOND-DERIVATIVE MATRIX:
        -0.1087E+07  0.1087E+07
 MINUIT WARNING IN HESSE   
 ============== MATRIX FORCED POS-DEF BY ADDING  0.10879E+07 TO DIAGONAL.
                         POSITIVE MINOS ERROR NOT CALCULATED FOR PARAMETER   2

 MIGRAD FAILS WITH STRATEGY=0.   WILL TRY WITH STRATEGY=1.
 MINUIT WARNING IN HESSE   
 ============== Negative diagonal element  1 in Error Matrix
 MINUIT WARNING IN HESSE   
 ============== Negative diagonal element  2 in Error Matrix
 MINUIT WARNING IN HESSE   
 ==============     0.16E+14 added to diagonal of error matrix
 EIGENVALUES OF SECOND-DERIVATIVE MATRIX:
        -0.4347E+06  0.4347E+06
 MINUIT WARNING IN HESSE   
 ============== MATRIX FORCED POS-DEF BY ADDING  0.43518E+06 TO DIAGONAL.
                         NEGATIVE MINOS ERROR NOT CALCULATED FOR PARAMETER   2

 MINUIT WARNING IN MIGRAD  
 ============== Negative diagonal element  1 in Error Matrix
 MINUIT WARNING IN MIGRAD  
 ==============     0.10E+01 added to diagonal of error matrix
 MIGRAD FAILS WITH STRATEGY=0.   WILL TRY WITH STRATEGY=1.
 MINUIT WARNING IN HESSE   
 ============== Negative diagonal element  2 in Error Matrix
 MINUIT WARNING IN HESSE   
 ==============     0.44E+12 added to diagonal of error matrix
 EIGENVALUES OF SECOND-DERIVATIVE MATRIX:
        -0.2113E+05  0.2113E+05
 MINUIT WARNING IN HESSE   
 ============== MATRIX FORCED POS-DEF BY ADDING   21152.     TO DIAGONAL.

 MINUIT TASK: fit crystal ball function                         

 FCN=   5.088259     FROM MINOS     STATUS=NEW MINIMU   188 CALLS      847 TOTAL
                     EDM= unknown      STRATEGY= 1      NO ERROR MATRIX       

  EXT PARAMETER                  PARABOLIC         MINOS ERRORS        
  NO.   NAME        VALUE          ERROR      NEGATIVE      POSITIVE   
   1    kapa       0.58473       0.68245E-06  -0.46746E-01   0.34099E-01
   2    lambda      1.9861       0.86122                                
   3    <pt>        2.3510       0.37548E-07                            
   4    n           2.0000       constant   

 NEW MINIMUM FOUND.  GO BACK TO MINIMIZATION STEP.
 ============================================================
                                                            V
                                                            V
                                                            V
                                                         VVVVVVV
                                                          VVVVV
                                                           VVV
                                                            V


 START MIGRAD MINIMIZATION.  STRATEGY 1.  CONVERGENCE WHEN EDM .LT. 0.50E-04

 FCN=   5.054326     FROM MIGRAD    STATUS=INITIATE      19 CALLS      866 TOTAL
                     EDM= unknown      STRATEGY= 1      NO ERROR MATRIX       

  EXT PARAMETER               CURRENT GUESS       STEP         FIRST   
  NO.   NAME        VALUE          ERROR          SIZE      DERIVATIVE 
   1    kapa       0.58473       0.68245E-06    0.0000        45125.    
   2    lambda      1.9861       0.86122      -0.30850E-06    22514.    
   3    <pt>        2.3510       0.37548E-07    0.0000       0.44020E+06
   4    n           2.0000       constant   
 MIGRAD FAILS TO FIND IMPROVEMENT
 MINUIT WARNING IN HESSE   
 ============== Negative diagonal element  1 in Error Matrix
 MINUIT WARNING IN HESSE   
 ============== Negative diagonal element  2 in Error Matrix
 MINUIT WARNING IN HESSE   
 ============== Negative diagonal element  3 in Error Matrix
 MINUIT WARNING IN HESSE   
 ==============     0.15E+14 added to diagonal of error matrix
 EIGENVALUES OF SECOND-DERIVATIVE MATRIX:
        -0.8051E+06  0.9976E+00  0.8051E+06
 MINUIT WARNING IN HESSE   
 ============== MATRIX FORCED POS-DEF BY ADDING  0.80591E+06 TO DIAGONAL.

 FCN=   5.146991     FROM HESSE     STATUS=NOT POSDEF    22 CALLS      890 TOTAL
                     EDM=  0.37E+09    STRATEGY= 1      ERR MATRIX NOT POS-DEF

  EXT PARAMETER                APPROXIMATE        STEP         FIRST   
  NO.   NAME        VALUE          ERROR          SIZE      DERIVATIVE 
   1    kapa       0.58473       0.10772E-07   0.51610E-06  -0.11283E+06
   2    lambda      1.9861       0.32855E-07   0.30850E-06  -0.18982E+06
   3    <pt>        2.3510       0.10323       0.10398E-06  -0.10953E+07
   4    n           2.0000       constant   
 MIGRAD FAILS TO FIND IMPROVEMENT
 MIGRAD TERMINATED WITHOUT CONVERGENCE.

 FCN=   5.146991     FROM MIGRAD    STATUS=FAILED        54 CALLS      901 TOTAL
                     EDM=  0.37E+09    STRATEGY= 1      ERR MATRIX NOT POS-DEF

  EXT PARAMETER                APPROXIMATE        STEP         FIRST   
  NO.   NAME        VALUE          ERROR          SIZE      DERIVATIVE 
   1    kapa       0.58473       0.10772E-07   -0.0000      -0.11283E+06
   2    lambda      1.9861       0.32855E-07   -0.0000      -0.18982E+06
   3    <pt>        2.3510       0.10323        0.0000      -0.10953E+07
   4    n           2.0000       constant   

 EXTERNAL ERROR MATRIX.    NDIM= 100    NPAR=  3    ERR DEF=  1.00    
  0.116E-15 0.352E-15-0.111E-08
  0.352E-15 0.108E-14-0.339E-08
 -0.111E-08-0.339E-08 0.107E-01
 ERR MATRIX NOT POS-DEF

 PARAMETER  CORRELATION COEFFICIENTS
       NO.  GLOBAL     1     2     3
        1  0.99593  1.000 0.995-0.996
        2  0.99868  0.995 1.000-0.999
        3  0.99900 -0.996-0.999 1.000
 ERR MATRIX NOT POS-DEF

 FUNCTION MUST BE MINIMIZED BEFORE CALLING MIGRAD  
 START MIGRAD MINIMIZATION.  STRATEGY 1.  CONVERGENCE WHEN EDM .LT. 0.10E-03

 FCN=   5.146991     FROM MIGRAD    STATUS=INITIATE       6 CALLS      907 TOTAL
                     EDM=  0.72E+07    STRATEGY= 1      ERR MATRIX NOT POS-DEF

  EXT PARAMETER                APPROXIMATE        STEP         FIRST   
  NO.   NAME        VALUE          ERROR          SIZE      DERIVATIVE 
   1    kapa       0.58473       0.10772E-07   -0.0000        9958.5    
   2    lambda      1.9861       0.32855E-07   -0.0000       -32621.    
   3    <pt>        2.3510       0.10323        0.0000      -0.15261E+06
   4    n           2.0000       constant   
 MIGRAD FAILS TO FIND IMPROVEMENT
 MINUIT WARNING IN HESSE   
 ============== Negative diagonal element  2 in Error Matrix
 MINUIT WARNING IN HESSE   
 ============== Negative diagonal element  3 in Error Matrix
 MINUIT WARNING IN HESSE   
 ==============     0.32E+13 added to diagonal of error matrix
 EIGENVALUES OF SECOND-DERIVATIVE MATRIX:
        -0.4546E+06  0.1069E+01  0.4546E+06
 MINUIT WARNING IN HESSE   
 ============== MATRIX FORCED POS-DEF BY ADDING  0.45501E+06 TO DIAGONAL.

 FCN=   5.087784     FROM HESSE     STATUS=NOT POSDEF    22 CALLS      940 TOTAL
                     EDM=  0.60E+09    STRATEGY= 1      ERR MATRIX NOT POS-DEF

  EXT PARAMETER                APPROXIMATE        STEP         FIRST   
  NO.   NAME        VALUE          ERROR          SIZE      DERIVATIVE 
   1    kapa       0.58473       0.51941E-07   0.51610E-06    72324.    
   2    lambda      1.9861       0.58013E-07   0.30850E-06  -0.18728E+06
   3    <pt>        2.3510       0.13736       0.10398E-06   0.10435E+07
   4    n           2.0000       constant   
 MIGRAD FAILS TO FIND IMPROVEMENT
 MIGRAD TERMINATED WITHOUT CONVERGENCE.

 FCN=   5.087784     FROM MIGRAD    STATUS=FAILED        50 CALLS      951 TOTAL
                     EDM=  0.60E+09    STRATEGY= 1      ERR MATRIX NOT POS-DEF

  EXT PARAMETER                APPROXIMATE        STEP         FIRST   
  NO.   NAME        VALUE          ERROR          SIZE      DERIVATIVE 
   1    kapa       0.58473       0.51941E-07    0.0000        72324.    
   2    lambda      1.9861       0.58013E-07    0.0000      -0.18728E+06
   3    <pt>        2.3510       0.13736       -0.0000       0.10435E+07
   4    n           2.0000       constant   

 EXTERNAL ERROR MATRIX.    NDIM= 100    NPAR=  3    ERR DEF=  1.00    
  0.270E-14 0.300E-14-0.713E-08
  0.300E-14 0.337E-14-0.794E-08
 -0.713E-08-0.794E-08 0.189E-01
 ERR MATRIX NOT POS-DEF

 PARAMETER  CORRELATION COEFFICIENTS
       NO.  GLOBAL     1     2     3
        1  0.99861  1.000 0.995-0.999
        2  0.99649  0.995 1.000-0.996
        3  0.99900 -0.999-0.996 1.000
 ERR MATRIX NOT POS-DEF
 MINUIT WARNING IN HESSE   
 ============== Negative diagonal element  1 in Error Matrix
 MINUIT WARNING IN HESSE   
 ============== Negative diagonal element  2 in Error Matrix
 MINUIT WARNING IN HESSE   
 ============== Negative diagonal element  3 in Error Matrix
 MINUIT WARNING IN HESSE   
 ==============     0.47E+13 added to diagonal of error matrix
 EIGENVALUES OF SECOND-DERIVATIVE MATRIX:
        -0.3906E+06  0.1015E+01  0.3906E+06
 MINUIT WARNING IN HESSE   
 ============== MATRIX FORCED POS-DEF BY ADDING  0.39101E+06 TO DIAGONAL.
 MINUIT WARNING IN MIGRAD  
 ============== Negative diagonal element  2 in Error Matrix
 MINUIT WARNING IN MIGRAD  
 ==============     0.10E+01 added to diagonal of error matrix
 MIGRAD FAILS WITH STRATEGY=0.   WILL TRY WITH STRATEGY=1.

 MINUIT TASK: fit crystal ball function                         

 FCN=   5.035980     FROM MINOS     STATUS=NEW MINIMU    62 CALLS     1045 TOTAL
                     EDM= unknown      STRATEGY= 1      NO ERROR MATRIX       

  EXT PARAMETER                  PARABOLIC         MINOS ERRORS        
  NO.   NAME        VALUE          ERROR      NEGATIVE      POSITIVE   
   1    kapa       0.58473       0.53117E-07                            
   2    lambda      1.9862       0.33524E-04                            
   3    <pt>        2.3681       0.43631E-05                            
   4    n           2.0000       constant   

 NEW MINIMUM FOUND.  GO BACK TO MINIMIZATION STEP.
 ============================================================
                                                            V
                                                            V
                                                            V
                                                         VVVVVVV
                                                          VVVVV
                                                           VVV
                                                            V


 START MIGRAD MINIMIZATION.  STRATEGY 1.  CONVERGENCE WHEN EDM .LT. 0.50E-04

 FCN=   5.035980     FROM MIGRAD    STATUS=INITIATE       6 CALLS     1051 TOTAL
                     EDM= unknown      STRATEGY= 1      NO ERROR MATRIX       

  EXT PARAMETER               CURRENT GUESS       STEP         FIRST   
  NO.   NAME        VALUE          ERROR          SIZE      DERIVATIVE 
   1    kapa       0.58473       0.53117E-07   0.53117E-07   -25231.    
   2    lambda      1.9862       0.33524E-04   -0.0000        20302.    
   3    <pt>        2.3681       0.43631E-05   -0.0000        69927.    
   4    n           2.0000       constant   
 MIGRAD FAILS TO FIND IMPROVEMENT
 EIGENVALUES OF SECOND-DERIVATIVE MATRIX:
        -0.7562E+01  0.1502E+01  0.9060E+01
 MINUIT WARNING IN HESSE   
 ============== MATRIX FORCED POS-DEF BY ADDING   7.5707     TO DIAGONAL.

 FCN=   5.076958     FROM HESSE     STATUS=NOT POSDEF    22 CALLS     1074 TOTAL
                     EDM=  0.19E+02    STRATEGY= 1      ERR MATRIX NOT POS-DEF

  EXT PARAMETER                APPROXIMATE        STEP         FIRST   
  NO.   NAME        VALUE          ERROR          SIZE      DERIVATIVE 
   1    kapa       0.58473       0.36471E-04   0.51610E-06   -39781.    
   2    lambda      1.9862       0.20471E-03   0.30850E-06   0.10998E+06
   3    <pt>        2.3681       0.29077E-04   0.10119E-06   0.25913E+06
   4    n           2.0000       constant   
 MIGRAD FAILS TO FIND IMPROVEMENT
 MIGRAD TERMINATED WITHOUT CONVERGENCE.

 FCN=   5.024068     FROM MIGRAD    STATUS=FAILED        56 CALLS     1101 TOTAL
                     EDM=  0.21E+01    STRATEGY= 1      ERR MATRIX NOT POS-DEF

  EXT PARAMETER                APPROXIMATE        STEP         FIRST   
  NO.   NAME        VALUE          ERROR          SIZE      DERIVATIVE 
   1    kapa       0.58481       0.33700E-05   -0.0000       -39957.    
   2    lambda      1.9857       0.83844E-05   -0.0000        25930.    
   3    <pt>        2.3680       0.12511E-05   -0.0000       0.12744E+06
   4    n           2.0000       constant   

 EXTERNAL ERROR MATRIX.    NDIM= 100    NPAR=  3    ERR DEF=  1.00    
  0.114E-10 0.179E-10 0.178E-11
  0.179E-10 0.703E-10 0.330E-11
  0.178E-11 0.330E-11 0.157E-11
 ERR MATRIX NOT POS-DEF

 PARAMETER  CORRELATION COEFFICIENTS
       NO.  GLOBAL     1     2     3
        1  0.67507  1.000 0.633 0.421
        2  0.63553  0.633 1.000 0.315
        3  0.42585  0.421 0.315 1.000
 ERR MATRIX NOT POS-DEF

 FUNCTION MUST BE MINIMIZED BEFORE CALLING MIGRAD  
 START MIGRAD MINIMIZATION.  STRATEGY 1.  CONVERGENCE WHEN EDM .LT. 0.10E-03

 FCN=   5.024068     FROM MIGRAD    STATUS=INITIATE       6 CALLS     1107 TOTAL
                     EDM=  0.28E+01    STRATEGY= 1      ERR MATRIX NOT POS-DEF

  EXT PARAMETER                APPROXIMATE        STEP         FIRST   
  NO.   NAME        VALUE          ERROR          SIZE      DERIVATIVE 
   1    kapa       0.58481       0.33700E-05   -0.0000        16522.    
   2    lambda      1.9857       0.83844E-05   -0.0000      -0.12431E+06
   3    <pt>        2.3680       0.12511E-05   -0.0000      -0.31723E+06
   4    n           2.0000       constant   
 MIGRAD FAILS TO FIND IMPROVEMENT
 MINUIT WARNING IN HESSE   
 ============== Negative diagonal element  1 in Error Matrix
 MINUIT WARNING IN HESSE   
 ==============     0.13E+11 added to diagonal of error matrix
 EIGENVALUES OF SECOND-DERIVATIVE MATRIX:
        -0.4157E+06  0.1622E+01  0.4157E+06
 MINUIT WARNING IN HESSE   
 ============== MATRIX FORCED POS-DEF BY ADDING  0.41611E+06 TO DIAGONAL.

 FCN=   5.084206     FROM HESSE     STATUS=NOT POSDEF    22 CALLS     1131 TOTAL
                     EDM=  0.82E+07    STRATEGY= 1      ERR MATRIX NOT POS-DEF

  EXT PARAMETER                APPROXIMATE        STEP         FIRST   
  NO.   NAME        VALUE          ERROR          SIZE      DERIVATIVE 
   1    kapa       0.58481       0.11507       0.51608E-06   0.11691E+06
   2    lambda      1.9857       0.16642E-06   0.30855E-06    67957.    
   3    <pt>        2.3680       0.75654E-07   0.10120E-06   0.70418E+06
   4    n           2.0000       constant   
 MIGRAD FAILS TO FIND IMPROVEMENT
 MIGRAD TERMINATED WITHOUT CONVERGENCE.

 FCN=   5.084206     FROM MIGRAD    STATUS=FAILED        41 CALLS     1142 TOTAL
                     EDM=  0.82E+07    STRATEGY= 1      ERR MATRIX NOT POS-DEF

  EXT PARAMETER                APPROXIMATE        STEP         FIRST   
  NO.   NAME        VALUE          ERROR          SIZE      DERIVATIVE 
   1    kapa       0.58481       0.11507       -0.0000       0.11691E+06
   2    lambda      1.9857       0.16642E-06    0.0000        67957.    
   3    <pt>        2.3680       0.75654E-07    0.0000       0.70418E+06
   4    n           2.0000       constant   

 EXTERNAL ERROR MATRIX.    NDIM= 100    NPAR=  3    ERR DEF=  1.00    
  0.133E-01-0.191E-07-0.869E-08
 -0.191E-07 0.277E-13 0.125E-13
 -0.869E-08 0.125E-13 0.572E-14
 ERR MATRIX NOT POS-DEF

 PARAMETER  CORRELATION COEFFICIENTS
       NO.  GLOBAL     1     2     3
        1  0.99900  1.000-0.998-0.998
        2  0.99789 -0.998 1.000 0.996
        3  0.99810 -0.998 0.996 1.000
 ERR MATRIX NOT POS-DEF
 EIGENVALUES OF SECOND-DERIVATIVE MATRIX:
        -0.8716E+00  0.1346E+01  0.2525E+01
 MINUIT WARNING IN HESSE   
 ============== MATRIX FORCED POS-DEF BY ADDING  0.87412     TO DIAGONAL.
 MIGRAD FAILS WITH STRATEGY=0.   WILL TRY WITH STRATEGY=1.
 MINUIT WARNING IN HESSE   
 ============== Negative diagonal element  1 in Error Matrix
 MINUIT WARNING IN HESSE   
 ============== Negative diagonal element  2 in Error Matrix
 MINUIT WARNING IN HESSE   
 ==============     0.12E+14 added to diagonal of error matrix
 EIGENVALUES OF SECOND-DERIVATIVE MATRIX:
        -0.3559E+06  0.3559E+06
 MINUIT WARNING IN HESSE   
 ============== MATRIX FORCED POS-DEF BY ADDING  0.35628E+06 TO DIAGONAL.
                         POSITIVE MINOS ERROR NOT CALCULATED FOR PARAMETER   1

 MIGRAD FAILS WITH STRATEGY=0.   WILL TRY WITH STRATEGY=1.
 MINUIT WARNING IN HESSE   
 ============== Negative diagonal element  1 in Error Matrix
 MINUIT WARNING IN HESSE   
 ==============     0.36E+12 added to diagonal of error matrix
 EIGENVALUES OF SECOND-DERIVATIVE MATRIX:
        -0.6403E+06  0.6403E+06
 MINUIT WARNING IN HESSE   
 ============== MATRIX FORCED POS-DEF BY ADDING  0.64097E+06 TO DIAGONAL.
                         NEGATIVE MINOS ERROR NOT CALCULATED FOR PARAMETER   1

 MIGRAD FAILS WITH STRATEGY=0.   WILL TRY WITH STRATEGY=1.

 MINUIT TASK: fit crystal ball function                         

 FCN=   5.020694     FROM MINOS     STATUS=NEW MINIMU   110 CALLS     1280 TOTAL
                     EDM= unknown      STRATEGY= 1      NO ERROR MATRIX       

  EXT PARAMETER                  PARABOLIC         MINOS ERRORS        
  NO.   NAME        VALUE          ERROR      NEGATIVE      POSITIVE   
   1    kapa       0.58491       0.55852E-05                            
   2    lambda      1.9858       0.10860E-03                            
   3    <pt>        2.3681       0.16226E-05                            
   4    n           2.0000       constant   

 NEW MINIMUM FOUND.  GO BACK TO MINIMIZATION STEP.
 ============================================================
                                                            V
                                                            V
                                                            V
                                                         VVVVVVV
                                                          VVVVV
                                                           VVV
                                                            V


 START MIGRAD MINIMIZATION.  STRATEGY 1.  CONVERGENCE WHEN EDM .LT. 0.50E-04

 FCN=   5.020694     FROM MIGRAD    STATUS=INITIATE       6 CALLS     1286 TOTAL
                     EDM= unknown      STRATEGY= 1      NO ERROR MATRIX       

  EXT PARAMETER               CURRENT GUESS       STEP         FIRST   
  NO.   NAME        VALUE          ERROR          SIZE      DERIVATIVE 
   1    kapa       0.58491       0.55852E-05    0.0000       -16089.    
   2    lambda      1.9858       0.10860E-03   0.10860E-03    79739.    
   3    <pt>        2.3681       0.16226E-05    0.0000      -0.38903E+06
   4    n           2.0000       constant   
 MIGRAD FAILS TO FIND IMPROVEMENT
 MINUIT WARNING IN HESSE   
 ============== Negative diagonal element  1 in Error Matrix
 MINUIT WARNING IN HESSE   
 ============== Negative diagonal element  2 in Error Matrix
 MINUIT WARNING IN HESSE   
 ============== Negative diagonal element  3 in Error Matrix
 MINUIT WARNING IN HESSE   
 ==============     0.20E+13 added to diagonal of error matrix
 EIGENVALUES OF SECOND-DERIVATIVE MATRIX:
        -0.1909E+07  0.8552E+00  0.1909E+07
 MINUIT WARNING IN HESSE   
 ============== MATRIX FORCED POS-DEF BY ADDING  0.19111E+07 TO DIAGONAL.

 FCN=   5.141895     FROM HESSE     STATUS=NOT POSDEF    22 CALLS     1309 TOTAL
                     EDM=  0.49E+10    STRATEGY= 1      ERR MATRIX NOT POS-DEF

  EXT PARAMETER                APPROXIMATE        STEP         FIRST   
  NO.   NAME        VALUE          ERROR          SIZE      DERIVATIVE 
   1    kapa       0.58491       0.14823E-07   0.51606E-06   0.24299E+06
   2    lambda      1.9858       0.83098E-07   0.30854E-06  -0.35512E+06
   3    <pt>        2.3681       0.67130E-01   0.10120E-06  -0.61220E+07
   4    n           2.0000       constant   
 MINUIT WARNING IN MIGRAD  
 ============== Negative diagonal element  1 in Error Matrix
 MINUIT WARNING IN MIGRAD  
 ============== Negative diagonal element  2 in Error Matrix
 MINUIT WARNING IN MIGRAD  
 ============== Negative diagonal element  3 in Error Matrix
 MINUIT WARNING IN MIGRAD  
 ==============     0.10E+01 added to diagonal of error matrix
 MIGRAD FAILS TO FIND IMPROVEMENT
 MIGRAD TERMINATED WITHOUT CONVERGENCE.

 FCN=   5.097042     FROM MIGRAD    STATUS=FAILED        67 CALLS     1347 TOTAL
                     EDM=  0.36E+04    STRATEGY= 1      ERR MATRIX NOT POS-DEF

  EXT PARAMETER                APPROXIMATE        STEP         FIRST   
  NO.   NAME        VALUE          ERROR          SIZE      DERIVATIVE 
   1    kapa       0.58492        5.0275        0.0000       -80117.    
   2    lambda      1.9859        5.9857        0.0000      -0.14481E+06
   3    <pt>        2.3773        4.0916        0.0000       -6020.5    
   4    n           2.0000       constant   

 EXTERNAL ERROR MATRIX.    NDIM= 100    NPAR=  3    ERR DEF=  1.00    
  0.551E+01-0.245E-15-0.198E-09
 -0.245E-15 0.159E+02-0.112E-08
 -0.198E-09-0.112E-08 0.861E+01
 ERR MATRIX NOT POS-DEF

 PARAMETER  CORRELATION COEFFICIENTS
       NO.  GLOBAL     1     2     3
        1  0.00000  1.000-0.000-0.000
        2  0.00000 -0.000 1.000-0.000
        3  0.00000 -0.000-0.000 1.000
 ERR MATRIX NOT POS-DEF

 FUNCTION MUST BE MINIMIZED BEFORE CALLING MIGRAD  
 START MIGRAD MINIMIZATION.  STRATEGY 1.  CONVERGENCE WHEN EDM .LT. 0.10E-03

 FCN=   5.097042     FROM MIGRAD    STATUS=INITIATE       6 CALLS     1353 TOTAL
                     EDM=  0.13E+12    STRATEGY= 1      ERR MATRIX NOT POS-DEF

  EXT PARAMETER                APPROXIMATE        STEP         FIRST   
  NO.   NAME        VALUE          ERROR          SIZE      DERIVATIVE 
   1    kapa       0.58492        5.0275        0.0000        16569.    
   2    lambda      1.9859        5.9857        0.0000       -71719.    
   3    <pt>        2.3773        4.0916        0.0000        4618.1    
   4    n           2.0000       constant   
 MIGRAD FAILS TO FIND IMPROVEMENT
 MINUIT WARNING IN HESSE   
 ============== Negative diagonal element  1 in Error Matrix
 MINUIT WARNING IN HESSE   
 ============== Negative diagonal element  2 in Error Matrix
 MINUIT WARNING IN HESSE   
 ==============     0.20E+12 added to diagonal of error matrix
 EIGENVALUES OF SECOND-DERIVATIVE MATRIX:
        -0.1456E+07  0.1010E+01  0.1456E+07
 MINUIT WARNING IN HESSE   
 ============== MATRIX FORCED POS-DEF BY ADDING  0.14577E+07 TO DIAGONAL.

 FCN=   5.091632     FROM HESSE     STATUS=NOT POSDEF    22 CALLS     1386 TOTAL
                     EDM=  0.23E+07    STRATEGY= 1      ERR MATRIX NOT POS-DEF

  EXT PARAMETER                APPROXIMATE        STEP         FIRST   
  NO.   NAME        VALUE          ERROR          SIZE      DERIVATIVE 
   1    kapa       0.58492       0.17955E-06   0.51606E-06   -80191.    
   2    lambda      1.9859       0.10455       0.30853E-06   0.11649E+06
   3    <pt>        2.3773       0.81593E-08   0.28964E-05    14487.    
   4    n           2.0000       constant   
 MIGRAD FAILS TO FIND IMPROVEMENT
 MIGRAD TERMINATED WITHOUT CONVERGENCE.

 FCN=   5.091632     FROM MIGRAD    STATUS=FAILED        50 CALLS     1397 TOTAL
                     EDM=  0.23E+07    STRATEGY= 1      ERR MATRIX NOT POS-DEF

  EXT PARAMETER                APPROXIMATE        STEP         FIRST   
  NO.   NAME        VALUE          ERROR          SIZE      DERIVATIVE 
   1    kapa       0.58492       0.17955E-06    0.0000       -80191.    
   2    lambda      1.9859       0.10455       -0.0000       0.11649E+06
   3    <pt>        2.3773       0.81593E-08   -0.0000        14487.    
   4    n           2.0000       constant   

 EXTERNAL ERROR MATRIX.    NDIM= 100    NPAR=  3    ERR DEF=  1.00    
  0.322E-13-0.188E-07-0.509E-15
 -0.188E-07 0.109E-01 0.297E-09
 -0.509E-15 0.297E-09 0.666E-16
 ERR MATRIX NOT POS-DEF

 PARAMETER  CORRELATION COEFFICIENTS
       NO.  GLOBAL     1     2     3
        1  0.99900  1.000-0.999-0.348
        2  0.99900 -0.999 1.000 0.348
        3  0.34799 -0.348 0.348 1.000
 ERR MATRIX NOT POS-DEF
 EIGENVALUES OF SECOND-DERIVATIVE MATRIX:
        -0.9654E+01  0.1256E+01  0.1140E+02
 MINUIT WARNING IN HESSE   
 ============== MATRIX FORCED POS-DEF BY ADDING   9.6656     TO DIAGONAL.
 MIGRAD FAILS WITH STRATEGY=0.   WILL TRY WITH STRATEGY=1.
 MINUIT WARNING IN HESSE   
 ============== Negative diagonal element  1 in Error Matrix
 MINUIT WARNING IN HESSE   
 ============== Negative diagonal element  2 in Error Matrix
 MINUIT WARNING IN HESSE   
 ==============     0.87E+12 added to diagonal of error matrix
 EIGENVALUES OF SECOND-DERIVATIVE MATRIX:
        -0.1174E+06  0.1174E+06
 MINUIT WARNING IN HESSE   
 ============== MATRIX FORCED POS-DEF BY ADDING  0.11748E+06 TO DIAGONAL.
                         POSITIVE MINOS ERROR NOT CALCULATED FOR PARAMETER   1

 MIGRAD FAILS WITH STRATEGY=0.   WILL TRY WITH STRATEGY=1.
 MINUIT WARNING IN HESSE   
 ============== Negative diagonal element  1 in Error Matrix
 MINUIT WARNING IN HESSE   
 ============== Negative diagonal element  2 in Error Matrix
 MINUIT WARNING IN HESSE   
 ==============     0.38E+12 added to diagonal of error matrix
 EIGENVALUES OF SECOND-DERIVATIVE MATRIX:
        -0.9222E+05  0.9222E+05
 MINUIT WARNING IN HESSE   
 ============== MATRIX FORCED POS-DEF BY ADDING   92313.     TO DIAGONAL.
                         NEGATIVE MINOS ERROR NOT CALCULATED FOR PARAMETER   1

 MIGRAD FAILS WITH STRATEGY=0.   WILL TRY WITH STRATEGY=1.
 EIGENVALUES OF SECOND-DERIVATIVE MATRIX:
        -0.3301E+00  0.2330E+01
 MINUIT WARNING IN HESSE   
 ============== MATRIX FORCED POS-DEF BY ADDING  0.33244     TO DIAGONAL.

 MINUIT TASK: fit crystal ball function                         

 FCN=   5.057068     FROM MINOS     STATUS=NEW MINIMU   123 CALLS     1554 TOTAL
                     EDM= unknown      STRATEGY= 1      NO ERROR MATRIX       

  EXT PARAMETER                  PARABOLIC         MINOS ERRORS        
  NO.   NAME        VALUE          ERROR      NEGATIVE      POSITIVE   
   1    kapa       0.58479       0.42774E-04                            
   2    lambda      1.9860       0.12606E-03                            
   3    <pt>        2.3779       0.69721E-03                            
   4    n           2.0000       constant   

 NEW MINIMUM FOUND.  GO BACK TO MINIMIZATION STEP.
 ============================================================
                                                            V
                                                            V
                                                            V
                                                         VVVVVVV
                                                          VVVVV
                                                           VVV
                                                            V


 START MIGRAD MINIMIZATION.  STRATEGY 1.  CONVERGENCE WHEN EDM .LT. 0.50E-04

 FCN=   5.057068     FROM MIGRAD    STATUS=INITIATE       8 CALLS     1562 TOTAL
                     EDM= unknown      STRATEGY= 1      NO ERROR MATRIX       

  EXT PARAMETER               CURRENT GUESS       STEP         FIRST   
  NO.   NAME        VALUE          ERROR          SIZE      DERIVATIVE 
   1    kapa       0.58479       0.42774E-04    0.0000       -21342.    
   2    lambda      1.9860       0.12606E-03   0.12606E-03   -52611.    
   3    <pt>        2.3779       0.69721E-03    0.0000        91497.    
   4    n           2.0000       constant   
 MIGRAD FAILS TO FIND IMPROVEMENT
 EIGENVALUES OF SECOND-DERIVATIVE MATRIX:
        -0.1617E+01  0.2114E+01  0.2504E+01
 MINUIT WARNING IN HESSE   
 ============== MATRIX FORCED POS-DEF BY ADDING   1.6199     TO DIAGONAL.

 FCN=   5.056740     FROM HESSE     STATUS=NOT POSDEF    22 CALLS     1585 TOTAL
                     EDM=  0.24E+02    STRATEGY= 1      ERR MATRIX NOT POS-DEF

  EXT PARAMETER                APPROXIMATE        STEP         FIRST   
  NO.   NAME        VALUE          ERROR          SIZE      DERIVATIVE 
   1    kapa       0.58479       0.15716E-03   0.51608E-06   0.35018E+06
   2    lambda      1.9860       0.88977E-04   0.30852E-06  -0.56054E+06
   3    <pt>        2.3779       0.17638E-04   0.99603E-07  -0.19705E+06
   4    n           2.0000       constant   
 MIGRAD FAILS TO FIND IMPROVEMENT
 MIGRAD TERMINATED WITHOUT CONVERGENCE.

 FCN=   5.024941     FROM MIGRAD    STATUS=FAILED        49 CALLS     1603 TOTAL
                     EDM=  0.10E+02    STRATEGY= 1      ERR MATRIX NOT POS-DEF

  EXT PARAMETER                APPROXIMATE        STEP         FIRST   
  NO.   NAME        VALUE          ERROR          SIZE      DERIVATIVE 
   1    kapa       0.58460       0.13748E-03   -0.0000        75714.    
   2    lambda      1.9859       0.79100E-04   -0.0000        59325.    
   3    <pt>        2.3779       0.15555E-04   -0.0000       -2953.1    
   4    n           2.0000       constant   

 EXTERNAL ERROR MATRIX.    NDIM= 100    NPAR=  3    ERR DEF=  1.00    
  0.189E-07 0.108E-07 0.213E-08
  0.108E-07 0.626E-08 0.123E-08
  0.213E-08 0.123E-08 0.242E-09
 ERR MATRIX NOT POS-DEF

 PARAMETER  CORRELATION COEFFICIENTS
       NO.  GLOBAL     1     2     3
        1  0.99840  1.000 0.998 0.998
        2  0.99814  0.998 1.000 0.997
        3  0.99825  0.998 0.997 1.000
 ERR MATRIX NOT POS-DEF

 FUNCTION MUST BE MINIMIZED BEFORE CALLING MIGRAD  
 START MIGRAD MINIMIZATION.  STRATEGY 1.  CONVERGENCE WHEN EDM .LT. 0.10E-03

 FCN=   5.024941     FROM MIGRAD    STATUS=INITIATE       6 CALLS     1609 TOTAL
                     EDM=  0.22E-01    STRATEGY= 1      ERR MATRIX NOT POS-DEF

  EXT PARAMETER                APPROXIMATE        STEP         FIRST   
  NO.   NAME        VALUE          ERROR          SIZE      DERIVATIVE 
   1    kapa       0.58460       0.13748E-03   -0.0000        55818.    
   2    lambda      1.9859       0.79100E-04   -0.0000      -0.14485E+06
   3    <pt>        2.3779       0.15555E-04   -0.0000      -0.10663E+06
   4    n           2.0000       constant   
 MIGRAD FAILS TO FIND IMPROVEMENT
 EIGENVALUES OF SECOND-DERIVATIVE MATRIX:
        -0.3870E+01  0.1100E+01  0.5770E+01
 MINUIT WARNING IN HESSE   
 ============== MATRIX FORCED POS-DEF BY ADDING   3.8759     TO DIAGONAL.

 FCN=   5.078265     FROM HESSE     STATUS=NOT POSDEF    22 CALLS     1633 TOTAL
                     EDM=  0.15E+04    STRATEGY= 1      ERR MATRIX NOT POS-DEF

  EXT PARAMETER                APPROXIMATE        STEP         FIRST   
  NO.   NAME        VALUE          ERROR          SIZE      DERIVATIVE 
   1    kapa       0.58460       0.21522E-04   0.51612E-06   0.22253E+06
   2    lambda      1.9859       0.97976E-04   0.30853E-06  -0.86283E+06
   3    <pt>        2.3779       0.49835E-04   0.99606E-07   0.32674E+07
   4    n           2.0000       constant   
 MIGRAD FAILS TO FIND IMPROVEMENT
 MIGRAD TERMINATED WITHOUT CONVERGENCE.

 FCN=   5.060334     FROM MIGRAD    STATUS=FAILED        52 CALLS     1655 TOTAL
                     EDM=  0.75E+01    STRATEGY= 1      ERR MATRIX NOT POS-DEF

  EXT PARAMETER                APPROXIMATE        STEP         FIRST   
  NO.   NAME        VALUE          ERROR          SIZE      DERIVATIVE 
   1    kapa       0.58457       0.51440E-05   -0.0000        33268.    
   2    lambda      1.9860       0.20195E-04    0.0000       -28895.    
   3    <pt>        2.3778       0.10134E-04   -0.0000       0.26356E+06
   4    n           2.0000       constant   

 EXTERNAL ERROR MATRIX.    NDIM= 100    NPAR=  3    ERR DEF=  1.00    
  0.265E-10-0.843E-10 0.435E-10
 -0.843E-10 0.408E-09-0.198E-09
  0.435E-10-0.198E-09 0.103E-09
 ERR MATRIX NOT POS-DEF

 PARAMETER  CORRELATION COEFFICIENTS
       NO.  GLOBAL     1     2     3
        1  0.83423  1.000-0.812 0.834
        2  0.96790 -0.812 1.000-0.968
        3  0.97144  0.834-0.968 1.000
 ERR MATRIX NOT POS-DEF
 MINUIT WARNING IN HESSE   
 ============== Negative diagonal element  1 in Error Matrix
 MINUIT WARNING IN HESSE   
 ============== Negative diagonal element  2 in Error Matrix
 MINUIT WARNING IN HESSE   
 ============== Negative diagonal element  3 in Error Matrix
 MINUIT WARNING IN HESSE   
 ==============     0.12E+14 added to diagonal of error matrix
 EIGENVALUES OF SECOND-DERIVATIVE MATRIX:
        -0.7436E+06  0.9568E+00  0.7436E+06
 MINUIT WARNING IN HESSE   
 ============== MATRIX FORCED POS-DEF BY ADDING  0.74433E+06 TO DIAGONAL.
 MINUIT WARNING IN MIGRAD  
 ============== Negative diagonal element  2 in Error Matrix
 MINUIT WARNING IN MIGRAD  
 ==============     0.10E+01 added to diagonal of error matrix
 MIGRAD FAILS WITH STRATEGY=0.   WILL TRY WITH STRATEGY=1.
 MINUIT WARNING IN HESSE   
 ============== Negative diagonal element  1 in Error Matrix
 MINUIT WARNING IN HESSE   
 ============== Negative diagonal element  2 in Error Matrix
 MINUIT WARNING IN HESSE   
 ==============     0.26E+13 added to diagonal of error matrix
 EIGENVALUES OF SECOND-DERIVATIVE MATRIX:
        -0.4736E+06  0.4736E+06
 MINUIT WARNING IN HESSE   
 ============== MATRIX FORCED POS-DEF BY ADDING  0.47404E+06 TO DIAGONAL.

 MINUIT TASK: fit crystal ball function                         

 FCN=   5.113610     FROM MINOS     STATUS=NEW MINIMU    60 CALLS     1737 TOTAL
                     EDM= unknown      STRATEGY= 1      NO ERROR MATRIX       

  EXT PARAMETER                  PARABOLIC         MINOS ERRORS        
  NO.   NAME        VALUE          ERROR      NEGATIVE      POSITIVE   
   1    kapa       0.58457       0.13210E-07                            
   2    lambda      1.9860       0.13008E-06                            
   3    <pt>        2.3595       0.13466                                
   4    n           2.0000       constant   

 NEW MINIMUM FOUND.  GO BACK TO MINIMIZATION STEP.
 ============================================================
                                                            V
                                                            V
                                                            V
                                                         VVVVVVV
                                                          VVVVV
                                                           VVV
                                                            V


 START MIGRAD MINIMIZATION.  STRATEGY 1.  CONVERGENCE WHEN EDM .LT. 0.50E-04

 FCN=   5.045102     FROM MIGRAD    STATUS=INITIATE      23 CALLS     1760 TOTAL
                     EDM= unknown      STRATEGY= 1      NO ERROR MATRIX       

  EXT PARAMETER               CURRENT GUESS       STEP         FIRST   
  NO.   NAME        VALUE          ERROR          SIZE      DERIVATIVE 
   1    kapa       0.58457       0.13210E-07   0.37833E-06    30139.    
   2    lambda      1.9860       0.13008E-06    0.0000        53696.    
   3    <pt>        2.3595       0.13466        0.0000        64729.    
   4    n           2.0000       constant   
 MIGRAD FAILS TO FIND IMPROVEMENT
 EIGENVALUES OF SECOND-DERIVATIVE MATRIX:
        -0.3995E+01 -0.2268E+01  0.9262E+01
 MINUIT WARNING IN HESSE   
 ============== MATRIX FORCED POS-DEF BY ADDING   4.0038     TO DIAGONAL.

 FCN=   5.059733     FROM HESSE     STATUS=NOT POSDEF    22 CALLS     1783 TOTAL
                     EDM=  0.86E+01    STRATEGY= 1      ERR MATRIX NOT POS-DEF

  EXT PARAMETER                APPROXIMATE        STEP         FIRST   
  NO.   NAME        VALUE          ERROR          SIZE      DERIVATIVE 
   1    kapa       0.58457       0.16585E-03   0.51613E-06  -0.12094E+06
   2    lambda      1.9860       0.12099E-03   0.30851E-06  -0.13224E+06
   3    <pt>        2.3595       0.69248E-05   0.10259E-06   0.55518E+06
   4    n           2.0000       constant   
 MIGRAD FAILS TO FIND IMPROVEMENT
 MIGRAD TERMINATED WITHOUT CONVERGENCE.

 FCN=   5.059733     FROM MIGRAD    STATUS=FAILED        56 CALLS     1793 TOTAL
                     EDM=  0.86E+01    STRATEGY= 1      ERR MATRIX NOT POS-DEF

  EXT PARAMETER                APPROXIMATE        STEP         FIRST   
  NO.   NAME        VALUE          ERROR          SIZE      DERIVATIVE 
   1    kapa       0.58457       0.16585E-03    0.0000      -0.12094E+06
   2    lambda      1.9860       0.12099E-03   -0.0000      -0.13224E+06
   3    <pt>        2.3595       0.69248E-05   -0.0000       0.55518E+06
   4    n           2.0000       constant   

 EXTERNAL ERROR MATRIX.    NDIM= 100    NPAR=  3    ERR DEF=  1.00    
  0.275E-07-0.200E-07-0.112E-08
 -0.200E-07 0.146E-07 0.801E-09
 -0.112E-08 0.801E-09 0.480E-10
 ERR MATRIX NOT POS-DEF

 PARAMETER  CORRELATION COEFFICIENTS
       NO.  GLOBAL     1     2     3
        1  0.99846  1.000-0.995-0.976
        2  0.99723 -0.995 1.000 0.957
        3  0.98681 -0.976 0.957 1.000
 ERR MATRIX NOT POS-DEF

 FUNCTION MUST BE MINIMIZED BEFORE CALLING MIGRAD  
 START MIGRAD MINIMIZATION.  STRATEGY 1.  CONVERGENCE WHEN EDM .LT. 0.10E-03

 FCN=   5.059733     FROM MIGRAD    STATUS=INITIATE       6 CALLS     1799 TOTAL
                     EDM=  0.20E+00    STRATEGY= 1      ERR MATRIX NOT POS-DEF

  EXT PARAMETER                APPROXIMATE        STEP         FIRST   
  NO.   NAME        VALUE          ERROR          SIZE      DERIVATIVE 
   1    kapa       0.58457       0.16585E-03    0.0000       -7574.9    
   2    lambda      1.9860       0.12099E-03   -0.0000        27120.    
   3    <pt>        2.3595       0.69248E-05   -0.0000      -0.20515E+06
   4    n           2.0000       constant   
 MIGRAD FAILS TO FIND IMPROVEMENT
 MINUIT WARNING IN HESSE   
 ============== Negative diagonal element  1 in Error Matrix
 MINUIT WARNING IN HESSE   
 ============== Negative diagonal element  2 in Error Matrix
 MINUIT WARNING IN HESSE   
 ==============     0.18E+12 added to diagonal of error matrix
 EIGENVALUES OF SECOND-DERIVATIVE MATRIX:
        -0.1858E+06 -0.6102E+00  0.1858E+06
 MINUIT WARNING IN HESSE   
 ============== MATRIX FORCED POS-DEF BY ADDING  0.18599E+06 TO DIAGONAL.

 FCN=   5.086880     FROM HESSE     STATUS=NOT POSDEF    22 CALLS     1838 TOTAL
                     EDM=  0.75E+09    STRATEGY= 1      ERR MATRIX NOT POS-DEF

  EXT PARAMETER                APPROXIMATE        STEP         FIRST   
  NO.   NAME        VALUE          ERROR          SIZE      DERIVATIVE 
   1    kapa       0.58457       0.93325E-06   0.51613E-06  -0.14155E+06
   2    lambda      1.9860       0.29248       0.30851E-06  -0.74688E+06
   3    <pt>        2.3595       0.35037E-07   0.10259E-06  -0.47534E+06
   4    n           2.0000       constant   
 MIGRAD FAILS TO FIND IMPROVEMENT
 MIGRAD TERMINATED WITHOUT CONVERGENCE.

 FCN=   5.086880     FROM MIGRAD    STATUS=FAILED        56 CALLS     1849 TOTAL
                     EDM=  0.75E+09    STRATEGY= 1      ERR MATRIX NOT POS-DEF

  EXT PARAMETER                APPROXIMATE        STEP         FIRST   
  NO.   NAME        VALUE          ERROR          SIZE      DERIVATIVE 
   1    kapa       0.58457       0.93325E-06    0.0000      -0.14155E+06
   2    lambda      1.9860       0.29248        0.0000      -0.74688E+06
   3    <pt>        2.3595       0.35037E-07   -0.0000      -0.47534E+06
   4    n           2.0000       constant   

 EXTERNAL ERROR MATRIX.    NDIM= 100    NPAR=  3    ERR DEF=  1.00    
  0.871E-12 0.273E-06-0.325E-13
  0.273E-06 0.857E-01-0.102E-07
 -0.325E-13-0.102E-07 0.123E-14
 ERR MATRIX NOT POS-DEF

 PARAMETER  CORRELATION COEFFICIENTS
       NO.  GLOBAL     1     2     3
        1  0.99879  1.000 0.999-0.993
        2  0.99900  0.999 1.000-0.994
        3  0.99430 -0.993-0.994 1.000
 ERR MATRIX NOT POS-DEF
 COVARIANCE MATRIX CALCULATED SUCCESSFULLY
 MINUIT WARNING IN MIGRAD  
 ============== Negative diagonal element  1 in Error Matrix
 MINUIT WARNING IN MIGRAD  
 ============== Negative diagonal element  2 in Error Matrix
 MINUIT WARNING IN MIGRAD  
 ==============     0.10E+01 added to diagonal of error matrix
 MIGRAD FAILS WITH STRATEGY=0.   WILL TRY WITH STRATEGY=1.
 MINUIT WARNING IN HESSE   
 ============== Negative diagonal element  1 in Error Matrix
 MINUIT WARNING IN HESSE   
 ============== Negative diagonal element  2 in Error Matrix
 MINUIT WARNING IN HESSE   
 ==============     0.54E+13 added to diagonal of error matrix
 EIGENVALUES OF SECOND-DERIVATIVE MATRIX:
        -0.8520E+06  0.8520E+06
 MINUIT WARNING IN HESSE   
 ============== MATRIX FORCED POS-DEF BY ADDING  0.85285E+06 TO DIAGONAL.
                         POSITIVE MINOS ERROR NOT CALCULATED FOR PARAMETER   1

 MIGRAD FAILS WITH STRATEGY=0.   WILL TRY WITH STRATEGY=1.
 MINUIT WARNING IN HESSE   
 ============== Negative diagonal element  1 in Error Matrix
 MINUIT WARNING IN HESSE   
 ============== Negative diagonal element  2 in Error Matrix
 MINUIT WARNING IN HESSE   
 ==============     0.64E+13 added to diagonal of error matrix
 EIGENVALUES OF SECOND-DERIVATIVE MATRIX:
        -0.3106E+06  0.3106E+06
 MINUIT WARNING IN HESSE   
 ============== MATRIX FORCED POS-DEF BY ADDING  0.31093E+06 TO DIAGONAL.
                         NEGATIVE MINOS ERROR NOT CALCULATED FOR PARAMETER   1

 MIGRAD FAILS WITH STRATEGY=0.   WILL TRY WITH STRATEGY=1.
 MINUIT WARNING IN HESSE   
 ============== Negative diagonal element  1 in Error Matrix
 MINUIT WARNING IN HESSE   
 ============== Negative diagonal element  2 in Error Matrix
 MINUIT WARNING IN HESSE   
 ==============     0.30E+13 added to diagonal of error matrix
 EIGENVALUES OF SECOND-DERIVATIVE MATRIX:
        -0.4671E+06  0.4671E+06
 MINUIT WARNING IN HESSE   
 ============== MATRIX FORCED POS-DEF BY ADDING  0.46755E+06 TO DIAGONAL.
                         POSITIVE MINOS ERROR NOT CALCULATED FOR PARAMETER   2

 MIGRAD FAILS WITH STRATEGY=0.   WILL TRY WITH STRATEGY=1.
 MINUIT WARNING IN HESSE   
 ============== Negative diagonal element  1 in Error Matrix
 MINUIT WARNING IN HESSE   
 ============== Negative diagonal element  2 in Error Matrix
 MINUIT WARNING IN HESSE   
 ==============     0.12E+14 added to diagonal of error matrix
 EIGENVALUES OF SECOND-DERIVATIVE MATRIX:
        -0.2594E+06  0.2594E+06
 MINUIT WARNING IN HESSE   
 ============== MATRIX FORCED POS-DEF BY ADDING  0.25965E+06 TO DIAGONAL.
                         NEGATIVE MINOS ERROR NOT CALCULATED FOR PARAMETER   2

 MIGRAD FAILS WITH STRATEGY=0.   WILL TRY WITH STRATEGY=1.
 MINUIT WARNING IN HESSE   
 ============== Negative diagonal element  1 in Error Matrix
 MINUIT WARNING IN HESSE   
 ============== Negative diagonal element  2 in Error Matrix
 MINUIT WARNING IN HESSE   
 ==============     0.34E+12 added to diagonal of error matrix
 EIGENVALUES OF SECOND-DERIVATIVE MATRIX:
        -0.2840E+06  0.2840E+06
 MINUIT WARNING IN HESSE   
 ============== MATRIX FORCED POS-DEF BY ADDING  0.28428E+06 TO DIAGONAL.
                         POSITIVE MINOS ERROR NOT CALCULATED FOR PARAMETER   3

 MIGRAD FAILS WITH STRATEGY=0.   WILL TRY WITH STRATEGY=1.
 MINUIT WARNING IN HESSE   
 ============== Negative diagonal element  1 in Error Matrix
 MINUIT WARNING IN HESSE   
 ==============     0.30E+12 added to diagonal of error matrix
 EIGENVALUES OF SECOND-DERIVATIVE MATRIX:
        -0.4683E+06  0.4683E+06
 MINUIT WARNING IN HESSE   
 ============== MATRIX FORCED POS-DEF BY ADDING  0.46872E+06 TO DIAGONAL.
                         NEGATIVE MINOS ERROR NOT CALCULATED FOR PARAMETER   3


 MINUIT TASK: fit crystal ball function                         

 FCN=   5.065656     FROM MINOS     STATUS=FAILURE      235 CALLS     2112 TOTAL
                     EDM=  0.40E+02    STRATEGY= 1      ERROR MATRIX ACCURATE 

  EXT PARAMETER                  PARABOLIC         MINOS ERRORS        
  NO.   NAME        VALUE          ERROR      NEGATIVE      POSITIVE   
   1    kapa       0.58457       0.14737E-04                            
   2    lambda      1.9860       0.10803E-04                            
   3    <pt>        2.3595       0.40788E-05                            
   4    n           2.0000       constant   
 **********
 **    4 **CALL FCN   3.000    
 **********
 **********
 **    5 **STOP
 **********

 CALL TO USER FUNCTION WITH IFLAG = 3

