  MINUIT RELEASE 96.03  INITIALIZED.   DIMENSIONS 100/100  EPSMAC=  0.89E-15

 PARAMETER DEFINITIONS:
    NO.   NAME         VALUE      STEP SIZE      LIMITS
     1 'kapa      '   0.64322      0.10000E-01     0.0000       10.000    
     2 'lambda    '   0.38010      0.10000E-01     0.0000       10.000    
     3 '<pt>      '    4.5000      constant
     4 'n         '    2.0000      constant
 **********
 **    1 **CALL FCN   1.000    
 **********

 FCN=   304.3043     FROM CALl fcn  STATUS=RESET          1 CALLS        1 TOTAL
                     EDM= unknown      STRATEGY= 1      NO ERROR MATRIX       

  EXT PARAMETER               CURRENT GUESS      PHYSICAL LIMITS       
  NO.   NAME        VALUE          ERROR       NEGATIVE      POSITIVE  
   1    kapa       0.64322       0.10000E-01    0.0000        10.000    
   2    lambda     0.38010       0.10000E-01    0.0000        10.000    
   3    <pt>        4.5000       constant   
   4    n           2.0000       constant   
 **********
 **    2 **MIGRAD
 **********
 START MIGRAD MINIMIZATION.  STRATEGY 1.  CONVERGENCE WHEN EDM .LT. 0.10E-03

 FCN=   304.3043     FROM MIGRAD    STATUS=INITIATE      12 CALLS       13 TOTAL
                     EDM= unknown      STRATEGY= 1      NO ERROR MATRIX       

  EXT PARAMETER               CURRENT GUESS       STEP         FIRST   
  NO.   NAME        VALUE          ERROR          SIZE      DERIVATIVE 
   1    kapa       0.64322       0.10000E-01   0.40763E-02  -0.21698E+06
   2    lambda     0.38010       0.10000E-01   0.52300E-02  -0.32470E+06
   3    <pt>        4.5000       constant   
   4    n           2.0000       constant   
 MIGRAD FAILS TO FIND IMPROVEMENT
 MINUIT WARNING IN HESSE   
 ============== Negative diagonal element  1 in Error Matrix
 MINUIT WARNING IN HESSE   
 ============== Negative diagonal element  2 in Error Matrix
 MINUIT WARNING IN HESSE   
 ==============     0.44E+13 added to diagonal of error matrix
 EIGENVALUES OF SECOND-DERIVATIVE MATRIX:
        -0.1704E+06  0.1704E+06
 MINUIT WARNING IN HESSE   
 ============== MATRIX FORCED POS-DEF BY ADDING  0.17059E+06 TO DIAGONAL.

 FCN=   304.3721     FROM HESSE     STATUS=NOT POSDEF    18 CALLS       40 TOTAL
                     EDM=  0.13E+11    STRATEGY= 1      ERR MATRIX NOT POS-DEF

  EXT PARAMETER                APPROXIMATE        STEP         FIRST   
  NO.   NAME        VALUE          ERROR          SIZE      DERIVATIVE 
   1    kapa       0.64322       0.18778       0.50447E-06  -0.29236E+07
   2    lambda     0.38010       0.72842E-07   0.72536E-06  -0.51878E+07
   3    <pt>        4.5000       constant   
   4    n           2.0000       constant   
 MIGRAD FAILS TO FIND IMPROVEMENT
 MIGRAD TERMINATED WITHOUT CONVERGENCE.

 FCN=   1.153066     FROM MIGRAD    STATUS=FAILED        79 CALLS       80 TOTAL
                     EDM=  0.41E-03    STRATEGY= 1      ERR MATRIX NOT POS-DEF

  EXT PARAMETER                APPROXIMATE        STEP         FIRST   
  NO.   NAME        VALUE          ERROR          SIZE      DERIVATIVE 
   1    kapa       0.13126       0.37837E-01    0.0000       -1.0039    
   2    lambda     0.37604       0.31584E-07   -0.0000        10912.    
   3    <pt>        4.5000       constant   
   4    n           2.0000       constant   

 EXTERNAL ERROR MATRIX.    NDIM= 100    NPAR=  2    ERR DEF=  1.00    
  0.143E-02-0.119E-08
 -0.119E-08 0.998E-15
 ERR MATRIX NOT POS-DEF

 PARAMETER  CORRELATION COEFFICIENTS
       NO.  GLOBAL     1     2
        1  0.99473  1.000-0.995
        2  0.99473 -0.995 1.000
 ERR MATRIX NOT POS-DEF
 **********
 **    3 **MINOS
 **********

 FUNCTION MUST BE MINIMIZED BEFORE CALLING MINOs   
 START MIGRAD MINIMIZATION.  STRATEGY 1.  CONVERGENCE WHEN EDM .LT. 0.10E-03

 FCN=   1.153066     FROM MIGRAD    STATUS=INITIATE       4 CALLS       84 TOTAL
                     EDM=  0.78E-03    STRATEGY= 1      ERR MATRIX NOT POS-DEF

  EXT PARAMETER                APPROXIMATE        STEP         FIRST   
  NO.   NAME        VALUE          ERROR          SIZE      DERIVATIVE 
   1    kapa       0.13126       0.37837E-01    0.0000        1.2029    
   2    lambda     0.37604       0.31584E-07   -0.0000        4610.8    
   3    <pt>        4.5000       constant   
   4    n           2.0000       constant   
 MIGRAD FAILS TO FIND IMPROVEMENT
 COVARIANCE MATRIX CALCULATED SUCCESSFULLY

 FCN=   1.147264     FROM HESSE     STATUS=OK            14 CALLS       99 TOTAL
                     EDM=  0.12E-03    STRATEGY= 1      ERROR MATRIX ACCURATE 

  EXT PARAMETER                                   STEP         FIRST   
  NO.   NAME        VALUE          ERROR          SIZE      DERIVATIVE 
   1    kapa       0.13126       0.21556E-01   0.20454E-02  -0.68513    
   2    lambda     0.37604       0.12054E-04   0.56290E-06   -2308.2    
   3    <pt>        4.5000       constant   
   4    n           2.0000       constant   
 MIGRAD FAILS TO FIND IMPROVEMENT
 MIGRAD TERMINATED WITHOUT CONVERGENCE.

 FCN=   1.147264     FROM MIGRAD    STATUS=FAILED        20 CALLS      100 TOTAL
                     EDM=  0.12E-03    STRATEGY= 1      ERR MATRIX APPROXIMATE

  EXT PARAMETER                APPROXIMATE        STEP         FIRST   
  NO.   NAME        VALUE          ERROR          SIZE      DERIVATIVE 
   1    kapa       0.13126       0.21556E-01    0.0000      -0.68513    
   2    lambda     0.37604       0.12054E-04    0.0000       -2308.2    
   3    <pt>        4.5000       constant   
   4    n           2.0000       constant   

 EXTERNAL ERROR MATRIX.    NDIM= 100    NPAR=  2    ERR DEF=  1.00    
  0.465E-03 0.537E-07
  0.537E-07 0.145E-09
 ERR MATRIX APPROXIMATE

 PARAMETER  CORRELATION COEFFICIENTS
       NO.  GLOBAL     1     2
        1  0.20657  1.000 0.207
        2  0.20657  0.207 1.000
 ERR MATRIX APPROXIMATE
 MINUIT WARNING IN HESSE   
 ============== Negative diagonal element  2 in Error Matrix
 MINUIT WARNING IN HESSE   
 ==============     0.33E+11 added to diagonal of error matrix
 EIGENVALUES OF SECOND-DERIVATIVE MATRIX:
        -0.1178E+02  0.1378E+02
 MINUIT WARNING IN HESSE   
 ============== MATRIX FORCED POS-DEF BY ADDING   11.791     TO DIAGONAL.
 MIGRAD FAILS WITH STRATEGY=0.   WILL TRY WITH STRATEGY=1.
                         POSITIVE MINOS ERROR NOT CALCULATED FOR PARAMETER   1

 MIGRAD FAILS WITH STRATEGY=0.   WILL TRY WITH STRATEGY=1.

 MINUIT TASK: fit crystal ball function                         

 FCN=   1.148111     FROM MINOS     STATUS=NEW MINIMU    87 CALLS      205 TOTAL
                     EDM= unknown      STRATEGY= 1      NO ERROR MATRIX       

  EXT PARAMETER                  PARABOLIC         MINOS ERRORS        
  NO.   NAME        VALUE          ERROR      NEGATIVE      POSITIVE   
   1    kapa       0.13120       0.53223E-04                            
   2    lambda     0.37505       0.28651E-01                            
   3    <pt>        4.5000       constant   
   4    n           2.0000       constant   

 NEW MINIMUM FOUND.  GO BACK TO MINIMIZATION STEP.
 ============================================================
                                                            V
                                                            V
                                                            V
                                                         VVVVVVV
                                                          VVVVV
                                                           VVV
                                                            V


 START MIGRAD MINIMIZATION.  STRATEGY 1.  CONVERGENCE WHEN EDM .LT. 0.50E-04

 FCN=   1.148111     FROM MIGRAD    STATUS=INITIATE      12 CALLS      217 TOTAL
                     EDM= unknown      STRATEGY= 1      NO ERROR MATRIX       

  EXT PARAMETER               CURRENT GUESS       STEP         FIRST   
  NO.   NAME        VALUE          ERROR          SIZE      DERIVATIVE 
   1    kapa       0.13120       0.53223E-04   0.53223E-04    1713.7    
   2    lambda     0.37505       0.28651E-01   -0.0000        1315.1    
   3    <pt>        4.5000       constant   
   4    n           2.0000       constant   
 MIGRAD FAILS TO FIND IMPROVEMENT
 MINUIT WARNING IN HESSE   
 ============== Negative diagonal element  1 in Error Matrix
 MINUIT WARNING IN HESSE   
 ============== Negative diagonal element  2 in Error Matrix
 MINUIT WARNING IN HESSE   
 ==============     0.64E+10 added to diagonal of error matrix
 EIGENVALUES OF SECOND-DERIVATIVE MATRIX:
        -0.7812E+06  0.7812E+06
 MINUIT WARNING IN HESSE   
 ============== MATRIX FORCED POS-DEF BY ADDING  0.78194E+06 TO DIAGONAL.

 FCN=   1.155380     FROM HESSE     STATUS=NOT POSDEF    16 CALLS      234 TOTAL
                     EDM=  0.44E+05    STRATEGY= 1      ERR MATRIX NOT POS-DEF

  EXT PARAMETER                APPROXIMATE        STEP         FIRST   
  NO.   NAME        VALUE          ERROR          SIZE      DERIVATIVE 
   1    kapa       0.13120       0.40714E-01   0.63954E-06    11751.    
   2    lambda     0.37505       0.17194E-05   0.56315E-06    29543.    
   3    <pt>        4.5000       constant   
   4    n           2.0000       constant   
 MIGRAD FAILS TO FIND IMPROVEMENT
 MIGRAD TERMINATED WITHOUT CONVERGENCE.

 FCN=   1.155380     FROM MIGRAD    STATUS=FAILED        40 CALLS      245 TOTAL
                     EDM=  0.44E+05    STRATEGY= 1      ERR MATRIX NOT POS-DEF

  EXT PARAMETER                APPROXIMATE        STEP         FIRST   
  NO.   NAME        VALUE          ERROR          SIZE      DERIVATIVE 
   1    kapa       0.13120       0.40714E-01   -0.0000        11751.    
   2    lambda     0.37505       0.17194E-05   -0.0000        29543.    
   3    <pt>        4.5000       constant   
   4    n           2.0000       constant   

 EXTERNAL ERROR MATRIX.    NDIM= 100    NPAR=  2    ERR DEF=  1.00    
  0.166E-02 0.700E-07
  0.700E-07 0.296E-11
 ERR MATRIX NOT POS-DEF

 PARAMETER  CORRELATION COEFFICIENTS
       NO.  GLOBAL     1     2
        1  0.99900  1.000 0.999
        2  0.99900  0.999 1.000
 ERR MATRIX NOT POS-DEF

 FUNCTION MUST BE MINIMIZED BEFORE CALLING MIGRAD  
 START MIGRAD MINIMIZATION.  STRATEGY 1.  CONVERGENCE WHEN EDM .LT. 0.10E-03

 FCN=   1.155380     FROM MIGRAD    STATUS=INITIATE       4 CALLS      249 TOTAL
                     EDM=  0.52E+02    STRATEGY= 1      ERR MATRIX NOT POS-DEF

  EXT PARAMETER                APPROXIMATE        STEP         FIRST   
  NO.   NAME        VALUE          ERROR          SIZE      DERIVATIVE 
   1    kapa       0.13120       0.40714E-01   -0.0000       -401.64    
   2    lambda     0.37505       0.17194E-05   -0.0000        20234.    
   3    <pt>        4.5000       constant   
   4    n           2.0000       constant   
 MIGRAD FAILS TO FIND IMPROVEMENT
 COVARIANCE MATRIX CALCULATED SUCCESSFULLY

 FCN=   1.153049     FROM HESSE     STATUS=OK            14 CALLS      288 TOTAL
                     EDM=  0.88E-03    STRATEGY= 1      ERROR MATRIX ACCURATE 

  EXT PARAMETER                                   STEP         FIRST   
  NO.   NAME        VALUE          ERROR          SIZE      DERIVATIVE 
   1    kapa       0.13339       0.13362E-04   0.63862E-06   -918.69    
   2    lambda     0.37505       0.22608E-04   0.56315E-06    5681.0    
   3    <pt>        4.5000       constant   
   4    n           2.0000       constant   
 MIGRAD FAILS TO FIND IMPROVEMENT
 MIGRAD TERMINATED WITHOUT CONVERGENCE.

 FCN=   1.147934     FROM MIGRAD    STATUS=FAILED        56 CALLS      301 TOTAL
                     EDM=  0.85E-03  STRATEGY=1  ERROR MATRIX UNCERTAINTY= 29.6%

  EXT PARAMETER                APPROXIMATE        STEP         FIRST   
  NO.   NAME        VALUE          ERROR          SIZE      DERIVATIVE 
   1    kapa       0.13339       0.10338E-04    0.0000       -513.40    
   2    lambda     0.37505       0.14075E-04    0.0000       -4486.1    
   3    <pt>        4.5000       constant   
   4    n           2.0000       constant   

 EXTERNAL ERROR MATRIX.    NDIM= 100    NPAR=  2    ERR DEF=  1.00    
  0.107E-09 0.896E-10
  0.896E-10 0.198E-09
 ERR MATRIX APPROXIMATE

 PARAMETER  CORRELATION COEFFICIENTS
       NO.  GLOBAL     1     2
        1  0.61542  1.000 0.615
        2  0.61542  0.615 1.000
 ERR MATRIX APPROXIMATE
 COVARIANCE MATRIX CALCULATED SUCCESSFULLY
 MIGRAD FAILS WITH STRATEGY=0.   WILL TRY WITH STRATEGY=1.
                         POSITIVE MINOS ERROR NOT CALCULATED FOR PARAMETER   1

 MIGRAD FAILS WITH STRATEGY=0.   WILL TRY WITH STRATEGY=1.
                         NEGATIVE MINOS ERROR NOT CALCULATED FOR PARAMETER   1

 MIGRAD FAILS WITH STRATEGY=0.   WILL TRY WITH STRATEGY=1.
                         POSITIVE MINOS ERROR NOT CALCULATED FOR PARAMETER   2

 MIGRAD FAILS WITH STRATEGY=0.   WILL TRY WITH STRATEGY=1.
                         NEGATIVE MINOS ERROR NOT CALCULATED FOR PARAMETER   2


 MINUIT TASK: fit crystal ball function                         

 FCN=   1.152324     FROM MINOS     STATUS=FAILURE       90 CALLS      405 TOTAL
                     EDM=  0.16E-01    STRATEGY= 1      ERROR MATRIX ACCURATE 

  EXT PARAMETER                  PARABOLIC         MINOS ERRORS        
  NO.   NAME        VALUE          ERROR      NEGATIVE      POSITIVE   
   1    kapa       0.13339       0.14050E-04                            
   2    lambda     0.37505       0.16982E-04                            
   3    <pt>        4.5000       constant   
   4    n           2.0000       constant   
 **********
 **    4 **CALL FCN   3.000    
 **********
 **********
 **    5 **STOP
 **********

 CALL TO USER FUNCTION WITH IFLAG = 3

