  MINUIT RELEASE 96.03  INITIALIZED.   DIMENSIONS 100/100  EPSMAC=  0.89E-15

 PARAMETER DEFINITIONS:
    NO.   NAME         VALUE      STEP SIZE      LIMITS
     1 'kapa      '   0.79254      0.10000E-01     0.0000       10.000    
     2 'lambda    '    1.4061      0.10000E-01     0.0000       10.000    
     3 '<pt>      '   0.11377      0.10000         0.0000       6.0000    
     4 'n         '    2.0000      constant
 **********
 **    1 **CALL FCN   1.000    
 **********

 FCN=   5.234444     FROM CALl fcn  STATUS=RESET          1 CALLS        1 TOTAL
                     EDM= unknown      STRATEGY= 1      NO ERROR MATRIX       

  EXT PARAMETER               CURRENT GUESS      PHYSICAL LIMITS       
  NO.   NAME        VALUE          ERROR       NEGATIVE      POSITIVE  
   1    kapa       0.79254       0.10000E-01    0.0000        10.000    
   2    lambda      1.4061       0.10000E-01    0.0000        10.000    
   3    <pt>       0.11377       0.10000        0.0000        6.0000    
   4    n           2.0000       constant   
 **********
 **    2 **MIGRAD
 **********
 START MIGRAD MINIMIZATION.  STRATEGY 1.  CONVERGENCE WHEN EDM .LT. 0.10E-03

 FCN=   5.184535     FROM MIGRAD    STATUS=INITIATE      31 CALLS       32 TOTAL
                     EDM= unknown      STRATEGY= 1      NO ERROR MATRIX       

  EXT PARAMETER               CURRENT GUESS       STEP         FIRST   
  NO.   NAME        VALUE          ERROR          SIZE      DERIVATIVE 
   1    kapa       0.79254       0.10000E-01    0.0000       -23126.    
   2    lambda      1.4061       0.10000E-01  -0.10017E-05   -16707.    
   3    <pt>       0.11377       0.10000        0.0000       -31664.    
   4    n           2.0000       constant   
 MIGRAD FAILS TO FIND IMPROVEMENT
 EIGENVALUES OF SECOND-DERIVATIVE MATRIX:
        -0.2131E+01  0.1771E+01  0.3360E+01
 MINUIT WARNING IN HESSE   
 ============== MATRIX FORCED POS-DEF BY ADDING   2.1344     TO DIAGONAL.

 FCN=   5.187280     FROM HESSE     STATUS=NOT POSDEF    22 CALLS       55 TOTAL
                     EDM=  0.29E+01    STRATEGY= 1      ERR MATRIX NOT POS-DEF

  EXT PARAMETER                APPROXIMATE        STEP         FIRST   
  NO.   NAME        VALUE          ERROR          SIZE      DERIVATIVE 
   1    kapa       0.79254       0.42898E-04   0.47686E-06  -0.15421E+06
   2    lambda      1.4061       0.51701E-04   0.38244E-06    42649.    
   3    <pt>       0.11377       0.48486E-04   0.61727E-06    87778.    
   4    n           2.0000       constant   
 MIGRAD FAILS TO FIND IMPROVEMENT
 MIGRAD TERMINATED WITHOUT CONVERGENCE.

 FCN=   5.187280     FROM MIGRAD    STATUS=FAILED        62 CALLS       63 TOTAL
                     EDM=  0.29E+01    STRATEGY= 1      ERR MATRIX NOT POS-DEF

  EXT PARAMETER                APPROXIMATE        STEP         FIRST   
  NO.   NAME        VALUE          ERROR          SIZE      DERIVATIVE 
   1    kapa       0.79254       0.42898E-04   -0.0000      -0.15421E+06
   2    lambda      1.4061       0.51701E-04   -0.0000        42649.    
   3    <pt>       0.11377       0.48486E-04   -0.0000        87778.    
   4    n           2.0000       constant   

 EXTERNAL ERROR MATRIX.    NDIM= 100    NPAR=  3    ERR DEF=  1.00    
  0.184E-08 0.221E-08 0.207E-08
  0.221E-08 0.267E-08 0.250E-08
  0.207E-08 0.250E-08 0.235E-08
 ERR MATRIX NOT POS-DEF

 PARAMETER  CORRELATION COEFFICIENTS
       NO.  GLOBAL     1     2     3
        1  0.99769  1.000 0.997 0.998
        2  0.99843  0.997 1.000 0.998
        3  0.99874  0.998 0.998 1.000
 ERR MATRIX NOT POS-DEF
 **********
 **    3 **MINOS
 **********

 FUNCTION MUST BE MINIMIZED BEFORE CALLING MINOs   
 START MIGRAD MINIMIZATION.  STRATEGY 1.  CONVERGENCE WHEN EDM .LT. 0.10E-03

 FCN=   5.187280     FROM MIGRAD    STATUS=INITIATE       6 CALLS       69 TOTAL
                     EDM=  0.45E+00    STRATEGY= 1      ERR MATRIX NOT POS-DEF

  EXT PARAMETER                APPROXIMATE        STEP         FIRST   
  NO.   NAME        VALUE          ERROR          SIZE      DERIVATIVE 
   1    kapa       0.79254       0.42898E-04   -0.0000        21036.    
   2    lambda      1.4061       0.51701E-04   -0.0000       -12905.    
   3    <pt>       0.11377       0.48486E-04   -0.0000        20267.    
   4    n           2.0000       constant   
 MIGRAD FAILS TO FIND IMPROVEMENT
 EIGENVALUES OF SECOND-DERIVATIVE MATRIX:
        -0.2040E+00  0.1031E+01  0.2173E+01
 MINUIT WARNING IN HESSE   
 ============== MATRIX FORCED POS-DEF BY ADDING  0.20620     TO DIAGONAL.

 FCN=   5.206266     FROM HESSE     STATUS=NOT POSDEF    22 CALLS       97 TOTAL
                     EDM=  0.69E+01    STRATEGY= 1      ERR MATRIX NOT POS-DEF

  EXT PARAMETER                APPROXIMATE        STEP         FIRST   
  NO.   NAME        VALUE          ERROR          SIZE      DERIVATIVE 
   1    kapa       0.79254       0.18364E-03   0.47686E-06    89893.    
   2    lambda      1.4061       0.95240E-04   0.38244E-06   0.13551E+06
   3    <pt>       0.11377       0.47240E-04   0.61727E-06   -49064.    
   4    n           2.0000       constant   
 MIGRAD FAILS TO FIND IMPROVEMENT
 MIGRAD TERMINATED WITHOUT CONVERGENCE.

 FCN=   5.178734     FROM MIGRAD    STATUS=FAILED        55 CALLS      118 TOTAL
                     EDM=  0.14E+02    STRATEGY= 1      ERR MATRIX NOT POS-DEF

  EXT PARAMETER                APPROXIMATE        STEP         FIRST   
  NO.   NAME        VALUE          ERROR          SIZE      DERIVATIVE 
   1    kapa       0.79251       0.27997E-04    0.0000       -85386.    
   2    lambda      1.4061       0.17255E-04   -0.0000        39711.    
   3    <pt>       0.11378       0.77056E-05   -0.0000        9753.9    
   4    n           2.0000       constant   

 EXTERNAL ERROR MATRIX.    NDIM= 100    NPAR=  3    ERR DEF=  1.00    
  0.784E-09-0.428E-09-0.186E-09
 -0.428E-09 0.298E-09 0.103E-09
 -0.186E-09 0.103E-09 0.594E-10
 ERR MATRIX NOT POS-DEF

 PARAMETER  CORRELATION COEFFICIENTS
       NO.  GLOBAL     1     2     3
        1  0.92850  1.000-0.886-0.860
        2  0.88626 -0.886 1.000 0.772
        3  0.86067 -0.860 0.772 1.000
 ERR MATRIX NOT POS-DEF
 MINUIT WARNING IN HESSE   
 ============== Negative diagonal element  2 in Error Matrix
 MINUIT WARNING IN HESSE   
 ============== Negative diagonal element  3 in Error Matrix
 MINUIT WARNING IN HESSE   
 ==============     0.26E+12 added to diagonal of error matrix
 EIGENVALUES OF SECOND-DERIVATIVE MATRIX:
        -0.9343E+06  0.9542E+00  0.9343E+06
 MINUIT WARNING IN HESSE   
 ============== MATRIX FORCED POS-DEF BY ADDING  0.93523E+06 TO DIAGONAL.
 MINUIT WARNING IN MIGRAD  
 ============== Negative diagonal element  1 in Error Matrix
 MINUIT WARNING IN MIGRAD  
 ==============     0.10E+01 added to diagonal of error matrix
 MIGRAD FAILS WITH STRATEGY=0.   WILL TRY WITH STRATEGY=1.
 MINUIT WARNING IN HESSE   
 ============== Negative diagonal element  2 in Error Matrix
 MINUIT WARNING IN HESSE   
 ==============     0.21E+11 added to diagonal of error matrix
 EIGENVALUES OF SECOND-DERIVATIVE MATRIX:
        -0.2716E+05  0.2716E+05
 MINUIT WARNING IN HESSE   
 ============== MATRIX FORCED POS-DEF BY ADDING   27186.     TO DIAGONAL.

 MINUIT TASK: fit crystal ball function                         

 FCN=   3.586545     FROM MINOS     STATUS=NEW MINIMU    49 CALLS      189 TOTAL
                     EDM= unknown      STRATEGY= 1      NO ERROR MATRIX       

  EXT PARAMETER                  PARABOLIC         MINOS ERRORS        
  NO.   NAME        VALUE          ERROR      NEGATIVE      POSITIVE   
   1    kapa       0.79251       0.11630E-06                            
   2    lambda      1.3075       0.12806E-05                            
   3    <pt>       0.11378       0.15611                                
   4    n           2.0000       constant   

 NEW MINIMUM FOUND.  GO BACK TO MINIMIZATION STEP.
 ============================================================
                                                            V
                                                            V
                                                            V
                                                         VVVVVVV
                                                          VVVVV
                                                           VVV
                                                            V


 START MIGRAD MINIMIZATION.  STRATEGY 1.  CONVERGENCE WHEN EDM .LT. 0.50E-04

 FCN=   3.586545     FROM MIGRAD    STATUS=INITIATE       6 CALLS      195 TOTAL
                     EDM= unknown      STRATEGY= 1      NO ERROR MATRIX       

  EXT PARAMETER               CURRENT GUESS       STEP         FIRST   
  NO.   NAME        VALUE          ERROR          SIZE      DERIVATIVE 
   1    kapa       0.79251       0.11630E-06   0.11630E-06   -18846.    
   2    lambda      1.3075       0.12806E-05    0.0000       -552.45    
   3    <pt>       0.11378       0.15611        0.0000        2984.6    
   4    n           2.0000       constant   
 MIGRAD FAILS TO FIND IMPROVEMENT
 COVARIANCE MATRIX CALCULATED SUCCESSFULLY

 FCN=   3.585381     FROM HESSE     STATUS=OK            22 CALLS      227 TOTAL
                     EDM=  0.85E+00    STRATEGY= 1      ERROR MATRIX ACCURATE 

  EXT PARAMETER                                   STEP         FIRST   
  NO.   NAME        VALUE          ERROR          SIZE      DERIVATIVE 
   1    kapa       0.79251       0.14044E-04   0.47686E-06    41817.    
   2    lambda      1.3075       0.17490E-04   0.39617E-06  -0.35274E+06
   3    <pt>       0.11378       0.41157E-05   0.61727E-06   -35270.    
   4    n           2.0000       constant   
 MIGRAD FAILS TO FIND IMPROVEMENT
 MIGRAD TERMINATED WITHOUT CONVERGENCE.

 FCN=   3.579071     FROM MIGRAD    STATUS=FAILED        53 CALLS      242 TOTAL
                     EDM=  0.31E-02  STRATEGY=1  ERROR MATRIX UNCERTAINTY=  1.0%

  EXT PARAMETER                APPROXIMATE        STEP         FIRST   
  NO.   NAME        VALUE          ERROR          SIZE      DERIVATIVE 
   1    kapa       0.79252       0.14007E-04    0.0000        7155.4    
   2    lambda      1.3075       0.17815E-04    0.0000       -5029.8    
   3    <pt>       0.11378       0.42444E-05    0.0000       -20088.    
   4    n           2.0000       constant   

 EXTERNAL ERROR MATRIX.    NDIM= 100    NPAR=  3    ERR DEF=  1.00    
  0.196E-09 0.129E-09 0.177E-10
  0.129E-09 0.317E-09 0.506E-10
  0.177E-10 0.506E-10 0.180E-10
 ERR MATRIX APPROXIMATE

 PARAMETER  CORRELATION COEFFICIENTS
       NO.  GLOBAL     1     2     3
        1  0.52123  1.000 0.517 0.297
        2  0.74759  0.517 1.000 0.669
        3  0.67163  0.297 0.669 1.000
 ERR MATRIX APPROXIMATE

 FUNCTION MUST BE MINIMIZED BEFORE CALLING MIGRAD  
 START MIGRAD MINIMIZATION.  STRATEGY 1.  CONVERGENCE WHEN EDM .LT. 0.10E-03

 FCN=   3.579071     FROM MIGRAD    STATUS=INITIATE       6 CALLS      248 TOTAL
                     EDM=  0.64E-02  STRATEGY=1  ERROR MATRIX UNCERTAINTY=  1.0%

  EXT PARAMETER                APPROXIMATE        STEP         FIRST   
  NO.   NAME        VALUE          ERROR          SIZE      DERIVATIVE 
   1    kapa       0.79252       0.14007E-04    0.0000       -33422.    
   2    lambda      1.3075       0.17815E-04    0.0000        5109.1    
   3    <pt>       0.11378       0.42444E-05    0.0000        7150.8    
   4    n           2.0000       constant   
 MIGRAD FAILS TO FIND IMPROVEMENT
 EIGENVALUES OF SECOND-DERIVATIVE MATRIX:
        -0.1065E+01  0.1564E+01  0.2502E+01
 MINUIT WARNING IN HESSE   
 ============== MATRIX FORCED POS-DEF BY ADDING   1.0680     TO DIAGONAL.

 FCN=   3.577893     FROM HESSE     STATUS=NOT POSDEF    22 CALLS      272 TOTAL
                     EDM=  0.10E+03    STRATEGY= 1      ERR MATRIX NOT POS-DEF

  EXT PARAMETER                APPROXIMATE        STEP         FIRST   
  NO.   NAME        VALUE          ERROR          SIZE      DERIVATIVE 
   1    kapa       0.79252       0.11896E-03   0.47686E-06    39626.    
   2    lambda      1.3075       0.11003E-03   0.39617E-06   0.17508E+06
   3    <pt>       0.11378       0.41320E-04   0.61727E-06   0.25184E+06
   4    n           2.0000       constant   
 MIGRAD FAILS TO FIND IMPROVEMENT
 MIGRAD TERMINATED WITHOUT CONVERGENCE.

 FCN=   3.566975     FROM MIGRAD    STATUS=FAILED        49 CALLS      291 TOTAL
                     EDM=  0.88E-02    STRATEGY= 1      ERR MATRIX NOT POS-DEF

  EXT PARAMETER                APPROXIMATE        STEP         FIRST   
  NO.   NAME        VALUE          ERROR          SIZE      DERIVATIVE 
   1    kapa       0.79043       0.15779E-03   -0.0000       -4156.6    
   2    lambda      1.3056       0.14603E-03   -0.0000        26470.    
   3    <pt>       0.11306       0.54720E-04   -0.0000       -9954.4    
   4    n           2.0000       constant   

 EXTERNAL ERROR MATRIX.    NDIM= 100    NPAR=  3    ERR DEF=  1.00    
  0.249E-07 0.230E-07 0.862E-08
  0.230E-07 0.213E-07 0.798E-08
  0.862E-08 0.798E-08 0.299E-08
 ERR MATRIX NOT POS-DEF

 PARAMETER  CORRELATION COEFFICIENTS
       NO.  GLOBAL     1     2     3
        1  0.99918  1.000 0.999 0.999
        2  0.99870  0.999 1.000 0.998
        3  0.99892  0.999 0.998 1.000
 ERR MATRIX NOT POS-DEF
 MINUIT WARNING IN HESSE   
 ============== Negative diagonal element  1 in Error Matrix
 MINUIT WARNING IN HESSE   
 ============== Negative diagonal element  2 in Error Matrix
 MINUIT WARNING IN HESSE   
 ============== Negative diagonal element  3 in Error Matrix
 MINUIT WARNING IN HESSE   
 ==============     0.17E+12 added to diagonal of error matrix
 EIGENVALUES OF SECOND-DERIVATIVE MATRIX:
        -0.7190E+06 -0.8765E+00  0.7190E+06
 MINUIT WARNING IN HESSE   
 ============== MATRIX FORCED POS-DEF BY ADDING  0.71973E+06 TO DIAGONAL.
 MIGRAD FAILS WITH STRATEGY=0.   WILL TRY WITH STRATEGY=1.
 MINUIT WARNING IN HESSE   
 ============== Negative diagonal element  1 in Error Matrix
 MINUIT WARNING IN HESSE   
 ============== Negative diagonal element  2 in Error Matrix
 MINUIT WARNING IN HESSE   
 ==============     0.67E+12 added to diagonal of error matrix
 EIGENVALUES OF SECOND-DERIVATIVE MATRIX:
        -0.3733E+06  0.3733E+06
 MINUIT WARNING IN HESSE   
 ============== MATRIX FORCED POS-DEF BY ADDING  0.37368E+06 TO DIAGONAL.

 MINUIT TASK: fit crystal ball function                         

 FCN=   3.472009     FROM MINOS     STATUS=NEW MINIMU    64 CALLS      377 TOTAL
                     EDM= unknown      STRATEGY= 1      NO ERROR MATRIX       

  EXT PARAMETER                  PARABOLIC         MINOS ERRORS        
  NO.   NAME        VALUE          ERROR      NEGATIVE      POSITIVE   
   1    kapa       0.79043       0.59799E-06                            
   2    lambda      1.3271       0.19878E-02                            
   3    <pt>       0.11306       0.25950E-08                            
   4    n           2.0000       constant   

 NEW MINIMUM FOUND.  GO BACK TO MINIMIZATION STEP.
 ============================================================
                                                            V
                                                            V
                                                            V
                                                         VVVVVVV
                                                          VVVVV
                                                           VVV
                                                            V


 START MIGRAD MINIMIZATION.  STRATEGY 1.  CONVERGENCE WHEN EDM .LT. 0.50E-04

 FCN=   3.472009     FROM MIGRAD    STATUS=INITIATE       6 CALLS      383 TOTAL
                     EDM= unknown      STRATEGY= 1      NO ERROR MATRIX       

  EXT PARAMETER               CURRENT GUESS       STEP         FIRST   
  NO.   NAME        VALUE          ERROR          SIZE      DERIVATIVE 
   1    kapa       0.79043       0.59799E-06   0.59799E-06   -8249.7    
   2    lambda      1.3271       0.19878E-02    0.0000       -62744.    
   3    <pt>       0.11306       0.25950E-08   -0.0000       -18554.    
   4    n           2.0000       constant   
 MIGRAD FAILS TO FIND IMPROVEMENT
 MINUIT WARNING IN HESSE   
 ============== Negative diagonal element  3 in Error Matrix
 MINUIT WARNING IN HESSE   
 ==============     0.68E+11 added to diagonal of error matrix
 EIGENVALUES OF SECOND-DERIVATIVE MATRIX:
        -0.2232E+06  0.1849E+01  0.2232E+06
 MINUIT WARNING IN HESSE   
 ============== MATRIX FORCED POS-DEF BY ADDING  0.22343E+06 TO DIAGONAL.

 FCN=   3.501966     FROM HESSE     STATUS=NOT POSDEF    22 CALLS      407 TOTAL
                     EDM=  0.42E+07    STRATEGY= 1      ERR MATRIX NOT POS-DEF

  EXT PARAMETER                APPROXIMATE        STEP         FIRST   
  NO.   NAME        VALUE          ERROR          SIZE      DERIVATIVE 
   1    kapa       0.79043       0.12828E-06   0.47723E-06    23668.    
   2    lambda      1.3271       0.62826E-06   0.39341E-06   0.33047E+06
   3    <pt>       0.11306       0.54578E-01   0.61769E-06   -60991.    
   4    n           2.0000       constant   
 MIGRAD FAILS TO FIND IMPROVEMENT
 MIGRAD TERMINATED WITHOUT CONVERGENCE.

 FCN=   3.501966     FROM MIGRAD    STATUS=FAILED        41 CALLS      418 TOTAL
                     EDM=  0.42E+07    STRATEGY= 1      ERR MATRIX NOT POS-DEF

  EXT PARAMETER                APPROXIMATE        STEP         FIRST   
  NO.   NAME        VALUE          ERROR          SIZE      DERIVATIVE 
   1    kapa       0.79043       0.12828E-06   -0.0000        23668.    
   2    lambda      1.3271       0.62826E-06   -0.0000       0.33047E+06
   3    <pt>       0.11306       0.54578E-01    0.0000       -60991.    
   4    n           2.0000       constant   

 EXTERNAL ERROR MATRIX.    NDIM= 100    NPAR=  3    ERR DEF=  1.00    
  0.165E-13 0.796E-13-0.693E-08
  0.796E-13 0.395E-12-0.343E-07
 -0.693E-08-0.343E-07 0.298E-02
 ERR MATRIX NOT POS-DEF

 PARAMETER  CORRELATION COEFFICIENTS
       NO.  GLOBAL     1     2     3
        1  0.98914  1.000 0.988-0.989
        2  0.99890  0.988 1.000-0.999
        3  0.99900 -0.989-0.999 1.000
 ERR MATRIX NOT POS-DEF

 FUNCTION MUST BE MINIMIZED BEFORE CALLING MIGRAD  
 START MIGRAD MINIMIZATION.  STRATEGY 1.  CONVERGENCE WHEN EDM .LT. 0.10E-03

 FCN=   3.501966     FROM MIGRAD    STATUS=INITIATE       6 CALLS      424 TOTAL
                     EDM=  0.17E+03    STRATEGY= 1      ERR MATRIX NOT POS-DEF

  EXT PARAMETER                APPROXIMATE        STEP         FIRST   
  NO.   NAME        VALUE          ERROR          SIZE      DERIVATIVE 
   1    kapa       0.79043       0.12828E-06   -0.0000        6366.8    
   2    lambda      1.3271       0.62826E-06   -0.0000        16310.    
   3    <pt>       0.11306       0.54578E-01    0.0000       -391.12    
   4    n           2.0000       constant   
 MINUIT WARNING IN MIGRAD  
 ============== Negative diagonal element  2 in Error Matrix
 MINUIT WARNING IN MIGRAD  
 ============== Negative diagonal element  3 in Error Matrix
 MINUIT WARNING IN MIGRAD  
 ==============     0.10E+01 added to diagonal of error matrix
 MIGRAD FAILS TO FIND IMPROVEMENT
 MINUIT WARNING IN HESSE   
 ============== Negative diagonal element  1 in Error Matrix
 MINUIT WARNING IN HESSE   
 ============== Negative diagonal element  2 in Error Matrix
 MINUIT WARNING IN HESSE   
 ============== Negative diagonal element  3 in Error Matrix
 MINUIT WARNING IN HESSE   
 ==============     0.11E+12 added to diagonal of error matrix
 EIGENVALUES OF SECOND-DERIVATIVE MATRIX:
        -0.1001E+07 -0.1275E+01  0.1001E+07
 MINUIT WARNING IN HESSE   
 ============== MATRIX FORCED POS-DEF BY ADDING  0.10016E+07 TO DIAGONAL.

 FCN=   3.501452     FROM HESSE     STATUS=NOT POSDEF    22 CALLS      471 TOTAL
                     EDM=  0.31E+06    STRATEGY= 1      ERR MATRIX NOT POS-DEF

  EXT PARAMETER                APPROXIMATE        STEP         FIRST   
  NO.   NAME        VALUE          ERROR          SIZE      DERIVATIVE 
   1    kapa       0.79043       0.18368E-06   0.47723E-06   0.14493E+06
   2    lambda      1.3271       0.34140E-06   0.39341E-06   0.18182E+06
   3    <pt>       0.21217       0.35036E-01   0.56860E-06   -35457.    
   4    n           2.0000       constant   
 MIGRAD FAILS TO FIND IMPROVEMENT
 MIGRAD TERMINATED WITHOUT CONVERGENCE.

 FCN=   3.486593     FROM MIGRAD    STATUS=FAILED        92 CALLS      510 TOTAL
                     EDM=  0.12E+04    STRATEGY= 1      ERR MATRIX NOT POS-DEF

  EXT PARAMETER                APPROXIMATE        STEP         FIRST   
  NO.   NAME        VALUE          ERROR          SIZE      DERIVATIVE 
   1    kapa       0.79043       0.13406E-07   -0.0000       -28359.    
   2    lambda      1.3271       0.23164E-07   -0.0000       -19485.    
   3    <pt>       0.25786       0.11864E-02    0.0000       -2578.5    
   4    n           2.0000       constant   

 EXTERNAL ERROR MATRIX.    NDIM= 100    NPAR=  3    ERR DEF=  1.00    
  0.180E-15 0.594E-16-0.670E-11
  0.594E-16 0.537E-15-0.125E-10
 -0.670E-11-0.125E-10 0.141E-05
 ERR MATRIX NOT POS-DEF

 PARAMETER  CORRELATION COEFFICIENTS
       NO.  GLOBAL     1     2     3
        1  0.42148  1.000 0.191-0.421
        2  0.45356  0.191 1.000-0.454
        3  0.56749 -0.421-0.454 1.000
 ERR MATRIX NOT POS-DEF
 COVARIANCE MATRIX CALCULATED SUCCESSFULLY
 MIGRAD FAILS WITH STRATEGY=0.   WILL TRY WITH STRATEGY=1.
 MINUIT WARNING IN HESSE   
 ============== Negative diagonal element  1 in Error Matrix
 MINUIT WARNING IN HESSE   
 ============== Negative diagonal element  2 in Error Matrix
 MINUIT WARNING IN HESSE   
 ==============     0.14E+12 added to diagonal of error matrix
 EIGENVALUES OF SECOND-DERIVATIVE MATRIX:
        -0.8491E+06  0.8491E+06
 MINUIT WARNING IN HESSE   
 ============== MATRIX FORCED POS-DEF BY ADDING  0.84999E+06 TO DIAGONAL.
                         POSITIVE MINOS ERROR NOT CALCULATED FOR PARAMETER   1

 MIGRAD FAILS WITH STRATEGY=0.   WILL TRY WITH STRATEGY=1.
 MINUIT WARNING IN HESSE   
 ============== Negative diagonal element  2 in Error Matrix
 MINUIT WARNING IN HESSE   
 ==============     0.98E+10 added to diagonal of error matrix
 EIGENVALUES OF SECOND-DERIVATIVE MATRIX:
        -0.1421E+06  0.1421E+06
 MINUIT WARNING IN HESSE   
 ============== MATRIX FORCED POS-DEF BY ADDING  0.14225E+06 TO DIAGONAL.
                         NEGATIVE MINOS ERROR NOT CALCULATED FOR PARAMETER   1

 MIGRAD FAILS WITH STRATEGY=0.   WILL TRY WITH STRATEGY=1.
                         POSITIVE MINOS ERROR NOT CALCULATED FOR PARAMETER   2

 MIGRAD FAILS WITH STRATEGY=0.   WILL TRY WITH STRATEGY=1.
                         NEGATIVE MINOS ERROR NOT CALCULATED FOR PARAMETER   2

 MIGRAD FAILS WITH STRATEGY=0.   WILL TRY WITH STRATEGY=1.
 MINUIT WARNING IN HESSE   
 ============== Negative diagonal element  2 in Error Matrix
 MINUIT WARNING IN HESSE   
 ==============     0.17E+12 added to diagonal of error matrix
 EIGENVALUES OF SECOND-DERIVATIVE MATRIX:
        -0.1878E+06  0.1878E+06
 MINUIT WARNING IN HESSE   
 ============== MATRIX FORCED POS-DEF BY ADDING  0.18795E+06 TO DIAGONAL.
                         POSITIVE MINOS ERROR NOT CALCULATED FOR PARAMETER   3

 MIGRAD FAILS WITH STRATEGY=0.   WILL TRY WITH STRATEGY=1.
 MINUIT WARNING IN HESSE   
 ============== Negative diagonal element  1 in Error Matrix
 MINUIT WARNING IN HESSE   
 ==============     0.28E+12 added to diagonal of error matrix
 EIGENVALUES OF SECOND-DERIVATIVE MATRIX:
        -0.3180E+06  0.3180E+06
 MINUIT WARNING IN HESSE   
 ============== MATRIX FORCED POS-DEF BY ADDING  0.31834E+06 TO DIAGONAL.
                         NEGATIVE MINOS ERROR NOT CALCULATED FOR PARAMETER   3


 MINUIT TASK: fit crystal ball function                         

 FCN=   3.475150     FROM MINOS     STATUS=FAILURE      257 CALLS      789 TOTAL
                     EDM=  0.18E+01    STRATEGY= 1      ERROR MATRIX ACCURATE 

  EXT PARAMETER                  PARABOLIC         MINOS ERRORS        
  NO.   NAME        VALUE          ERROR      NEGATIVE      POSITIVE   
   1    kapa       0.79043       0.14914E-04                            
   2    lambda      1.3271       0.13989E-04                            
   3    <pt>       0.25786       0.96115E-05                            
   4    n           2.0000       constant   
 **********
 **    4 **CALL FCN   3.000    
 **********
 **********
 **    5 **STOP
 **********

 CALL TO USER FUNCTION WITH IFLAG = 3

