  MINUIT RELEASE 96.03  INITIALIZED.   DIMENSIONS 100/100  EPSMAC=  0.89E-15

 PARAMETER DEFINITIONS:
    NO.   NAME         VALUE      STEP SIZE      LIMITS
     1 'kapa      '    8.7674      0.10000         0.0000       100.00    
     2 'lambda    '   0.11216      0.10000E-01     0.0000       100.00    
     3 '<pt>      '    13.500      constant
     4 'n         '    2.0000      constant
 **********
 **    1 **CALL FCN   1.000    
 **********

 FCN=   8.844206     FROM CALl fcn  STATUS=RESET          1 CALLS        1 TOTAL
                     EDM= unknown      STRATEGY= 1      NO ERROR MATRIX       

  EXT PARAMETER               CURRENT GUESS      PHYSICAL LIMITS       
  NO.   NAME        VALUE          ERROR       NEGATIVE      POSITIVE  
   1    kapa        8.7674       0.10000        0.0000        100.00    
   2    lambda     0.11216       0.10000E-01    0.0000        100.00    
   3    <pt>        13.500       constant   
   4    n           2.0000       constant   
 **********
 **    2 **MIGRAD
 **********
 START MIGRAD MINIMIZATION.  STRATEGY 1.  CONVERGENCE WHEN EDM .LT. 0.10E-03

 FCN=   8.794720     FROM MIGRAD    STATUS=INITIATE      24 CALLS       25 TOTAL
                     EDM= unknown      STRATEGY= 1      NO ERROR MATRIX       

  EXT PARAMETER               CURRENT GUESS       STEP         FIRST   
  NO.   NAME        VALUE          ERROR          SIZE      DERIVATIVE 
   1    kapa        8.7674       0.10000       0.55204E-06   0.10585E+06
   2    lambda     0.11216       0.10000E-01    0.0000        55064.    
   3    <pt>        13.500       constant   
   4    n           2.0000       constant   
 MIGRAD FAILS TO FIND IMPROVEMENT
 COVARIANCE MATRIX CALCULATED SUCCESSFULLY

 FCN=   8.804617     FROM HESSE     STATUS=OK            14 CALLS       40 TOTAL
                     EDM=  0.79E+01    STRATEGY= 1      ERROR MATRIX ACCURATE 

  EXT PARAMETER                                   STEP         FIRST   
  NO.   NAME        VALUE          ERROR          SIZE      DERIVATIVE 
   1    kapa        8.7674       0.20947E-03   0.46234E-06   -68307.    
   2    lambda     0.11216       0.22271E-04   0.71707E-06  -0.77538E+06
   3    <pt>        13.500       constant   
   4    n           2.0000       constant   
 MIGRAD FAILS TO FIND IMPROVEMENT
 MIGRAD TERMINATED WITHOUT CONVERGENCE.

 FCN=   8.792129     FROM MIGRAD    STATUS=FAILED        55 CALLS       56 TOTAL
                     EDM=  0.12E-01  STRATEGY=1  ERROR MATRIX UNCERTAINTY=100.0%

  EXT PARAMETER                APPROXIMATE        STEP         FIRST   
  NO.   NAME        VALUE          ERROR          SIZE      DERIVATIVE 
   1    kapa        8.7674       0.86697E-04   -0.0000        48506.    
   2    lambda     0.11216       0.28090E-05    0.0000       -27327.    
   3    <pt>        13.500       constant   
   4    n           2.0000       constant   

 EXTERNAL ERROR MATRIX.    NDIM= 100    NPAR=  2    ERR DEF=  1.00    
  0.752E-08-0.852E-10
 -0.852E-10 0.789E-11
 ERR MATRIX APPROXIMATE

 PARAMETER  CORRELATION COEFFICIENTS
       NO.  GLOBAL     1     2
        1  0.34977  1.000-0.350
        2  0.34977 -0.350 1.000
 ERR MATRIX APPROXIMATE
 **********
 **    3 **MINOS
 **********

 FUNCTION MUST BE MINIMIZED BEFORE CALLING MINOs   
 START MIGRAD MINIMIZATION.  STRATEGY 1.  CONVERGENCE WHEN EDM .LT. 0.10E-03

 FCN=   8.792129     FROM MIGRAD    STATUS=INITIATE       4 CALLS       60 TOTAL
                     EDM=  0.22E-01  STRATEGY=1  ERROR MATRIX UNCERTAINTY=100.0%

  EXT PARAMETER                APPROXIMATE        STEP         FIRST   
  NO.   NAME        VALUE          ERROR          SIZE      DERIVATIVE 
   1    kapa        8.7674       0.86697E-04   -0.0000        25496.    
   2    lambda     0.11216       0.28090E-05    0.0000       -35530.    
   3    <pt>        13.500       constant   
   4    n           2.0000       constant   
 MIGRAD FAILS TO FIND IMPROVEMENT
 MINUIT WARNING IN HESSE   
 ============== Negative diagonal element  2 in Error Matrix
 MINUIT WARNING IN HESSE   
 ==============     0.86E+11 added to diagonal of error matrix
 EIGENVALUES OF SECOND-DERIVATIVE MATRIX:
        -0.4827E+06  0.4827E+06
 MINUIT WARNING IN HESSE   
 ============== MATRIX FORCED POS-DEF BY ADDING  0.48321E+06 TO DIAGONAL.

 FCN=   8.836060     FROM HESSE     STATUS=NOT POSDEF    14 CALLS       75 TOTAL
                     EDM=  0.45E+08    STRATEGY= 1      ERR MATRIX NOT POS-DEF

  EXT PARAMETER                APPROXIMATE        STEP         FIRST   
  NO.   NAME        VALUE          ERROR          SIZE      DERIVATIVE 
   1    kapa        8.7674       0.20136E-05   0.46234E-06   0.31062E+06
   2    lambda     0.11216       0.15233       0.71707E-06  -0.29428E+06
   3    <pt>        13.500       constant   
   4    n           2.0000       constant   
 MIGRAD FAILS TO FIND IMPROVEMENT
 MIGRAD TERMINATED WITHOUT CONVERGENCE.

 FCN=   8.836060     FROM MIGRAD    STATUS=FAILED        30 CALLS       86 TOTAL
                     EDM=  0.45E+08    STRATEGY= 1      ERR MATRIX NOT POS-DEF

  EXT PARAMETER                APPROXIMATE        STEP         FIRST   
  NO.   NAME        VALUE          ERROR          SIZE      DERIVATIVE 
   1    kapa        8.7674       0.20136E-05   -0.0000       0.31062E+06
   2    lambda     0.11216       0.15233        0.0000      -0.29428E+06
   3    <pt>        13.500       constant   
   4    n           2.0000       constant   

 EXTERNAL ERROR MATRIX.    NDIM= 100    NPAR=  2    ERR DEF=  1.00    
  0.405E-11-0.307E-06
 -0.307E-06 0.232E-01
 ERR MATRIX NOT POS-DEF

 PARAMETER  CORRELATION COEFFICIENTS
       NO.  GLOBAL     1     2
        1  0.99900  1.000-0.999
        2  0.99900 -0.999 1.000
 ERR MATRIX NOT POS-DEF
 EIGENVALUES OF SECOND-DERIVATIVE MATRIX:
        -0.2123E-01  0.2021E+01
 MINUIT WARNING IN HESSE   
 ============== MATRIX FORCED POS-DEF BY ADDING  0.23247E-01 TO DIAGONAL.
 MINUIT WARNING IN MIGRAD  
 ============== Negative diagonal element  1 in Error Matrix
 MINUIT WARNING IN MIGRAD  
 ==============     0.10E+01 added to diagonal of error matrix
 MIGRAD FAILS WITH STRATEGY=0.   WILL TRY WITH STRATEGY=1.
 MINUIT WARNING IN HESSE   
 ============== Negative diagonal element  1 in Error Matrix
 MINUIT WARNING IN HESSE   
 ==============     0.11E+12 added to diagonal of error matrix

 MINUIT TASK: fit crystal ball function                         

 FCN=   8.479360     FROM MINOS     STATUS=NEW MINIMU    44 CALLS      148 TOTAL
                     EDM= unknown      STRATEGY= 1      NO ERROR MATRIX       

  EXT PARAMETER                  PARABOLIC         MINOS ERRORS        
  NO.   NAME        VALUE          ERROR      NEGATIVE      POSITIVE   
   1    kapa        8.7708       0.34019E-02                            
   2    lambda     0.11191        69.403                                
   3    <pt>        13.500       constant   
   4    n           2.0000       constant   

 NEW MINIMUM FOUND.  GO BACK TO MINIMIZATION STEP.
 ============================================================
                                                            V
                                                            V
                                                            V
                                                         VVVVVVV
                                                          VVVVV
                                                           VVV
                                                            V


 START MIGRAD MINIMIZATION.  STRATEGY 1.  CONVERGENCE WHEN EDM .LT. 0.50E-04

 FCN=   8.352306     FROM MIGRAD    STATUS=INITIATE      11 CALLS      159 TOTAL
                     EDM= unknown      STRATEGY= 1      NO ERROR MATRIX       

  EXT PARAMETER               CURRENT GUESS       STEP         FIRST   
  NO.   NAME        VALUE          ERROR          SIZE      DERIVATIVE 
   1    kapa        8.7708       0.34019E-02  -0.14382E-05   -39390.    
   2    lambda     0.11191        69.403        0.0000        10303.    
   3    <pt>        13.500       constant   
   4    n           2.0000       constant   
 MIGRAD FAILS TO FIND IMPROVEMENT
 MINUIT WARNING IN HESSE   
 ============== Negative diagonal element  1 in Error Matrix
 MINUIT WARNING IN HESSE   
 ============== Negative diagonal element  2 in Error Matrix
 MINUIT WARNING IN HESSE   
 ==============     0.98E+12 added to diagonal of error matrix
 EIGENVALUES OF SECOND-DERIVATIVE MATRIX:
        -0.5529E+06  0.5529E+06
 MINUIT WARNING IN HESSE   
 ============== MATRIX FORCED POS-DEF BY ADDING  0.55348E+06 TO DIAGONAL.

 FCN=   8.469499     FROM HESSE     STATUS=NOT POSDEF    14 CALLS      174 TOTAL
                     EDM=  0.14E+08    STRATEGY= 1      ERR MATRIX NOT POS-DEF

  EXT PARAMETER                APPROXIMATE        STEP         FIRST   
  NO.   NAME        VALUE          ERROR          SIZE      DERIVATIVE 
   1    kapa        8.7708        1.2029       0.46228E-06   0.17648E+06
   2    lambda     0.11191       0.18004E-06   0.71711E-06   0.56929E+06
   3    <pt>        13.500       constant   
   4    n           2.0000       constant   
 MIGRAD FAILS TO FIND IMPROVEMENT
 MIGRAD TERMINATED WITHOUT CONVERGENCE.

 FCN=   8.469499     FROM MIGRAD    STATUS=FAILED        37 CALLS      185 TOTAL
                     EDM=  0.14E+08    STRATEGY= 1      ERR MATRIX NOT POS-DEF

  EXT PARAMETER                APPROXIMATE        STEP         FIRST   
  NO.   NAME        VALUE          ERROR          SIZE      DERIVATIVE 
   1    kapa        8.7708        1.2029       -0.0000       0.17648E+06
   2    lambda     0.11191       0.18004E-06    0.0000       0.56929E+06
   3    <pt>        13.500       constant   
   4    n           2.0000       constant   

 EXTERNAL ERROR MATRIX.    NDIM= 100    NPAR=  2    ERR DEF=  1.00    
  0.145E+01-0.216E-06
 -0.216E-06 0.324E-13
 ERR MATRIX NOT POS-DEF

 PARAMETER  CORRELATION COEFFICIENTS
       NO.  GLOBAL     1     2
        1  0.99900  1.000-0.999
        2  0.99900 -0.999 1.000
 ERR MATRIX NOT POS-DEF

 FUNCTION MUST BE MINIMIZED BEFORE CALLING MIGRAD  
 START MIGRAD MINIMIZATION.  STRATEGY 1.  CONVERGENCE WHEN EDM .LT. 0.10E-03

 FCN=   8.469499     FROM MIGRAD    STATUS=INITIATE       4 CALLS      189 TOTAL
                     EDM=  0.34E+07    STRATEGY= 1      ERR MATRIX NOT POS-DEF

  EXT PARAMETER                APPROXIMATE        STEP         FIRST   
  NO.   NAME        VALUE          ERROR          SIZE      DERIVATIVE 
   1    kapa        8.7708        1.2029       -0.0000        86462.    
   2    lambda     0.11191       0.18004E-06    0.0000       -3561.0    
   3    <pt>        13.500       constant   
   4    n           2.0000       constant   
 MIGRAD FAILS TO FIND IMPROVEMENT
 MINUIT WARNING IN HESSE   
 ============== Negative diagonal element  2 in Error Matrix
 MINUIT WARNING IN HESSE   
 ==============     0.55E+10 added to diagonal of error matrix
 EIGENVALUES OF SECOND-DERIVATIVE MATRIX:
        -0.5218E+05  0.5219E+05
 MINUIT WARNING IN HESSE   
 ============== MATRIX FORCED POS-DEF BY ADDING   52236.     TO DIAGONAL.

 FCN=   2.756943     FROM HESSE     STATUS=NOT POSDEF    14 CALLS      229 TOTAL
                     EDM=  0.38E+07    STRATEGY= 1      ERR MATRIX NOT POS-DEF

  EXT PARAMETER                APPROXIMATE        STEP         FIRST   
  NO.   NAME        VALUE          ERROR          SIZE      DERIVATIVE 
   1    kapa        7.5272       0.28859E-04   0.10141E-05    41728.    
   2    lambda     0.11191       0.47746       0.71710E-06   -28084.    
   3    <pt>        13.500       constant   
   4    n           2.0000       constant   
 MIGRAD FAILS TO FIND IMPROVEMENT
 MIGRAD TERMINATED WITHOUT CONVERGENCE.

 FCN=   2.756943     FROM MIGRAD    STATUS=FAILED        55 CALLS      240 TOTAL
                     EDM=  0.38E+07    STRATEGY= 1      ERR MATRIX NOT POS-DEF

  EXT PARAMETER                APPROXIMATE        STEP         FIRST   
  NO.   NAME        VALUE          ERROR          SIZE      DERIVATIVE 
   1    kapa        7.5272       0.28859E-04    0.0000        41728.    
   2    lambda     0.11191       0.47746        0.0000       -28084.    
   3    <pt>        13.500       constant   
   4    n           2.0000       constant   

 EXTERNAL ERROR MATRIX.    NDIM= 100    NPAR=  2    ERR DEF=  1.00    
  0.833E-09 0.133E-04
  0.133E-04 0.214E+00
 ERR MATRIX NOT POS-DEF

 PARAMETER  CORRELATION COEFFICIENTS
       NO.  GLOBAL     1     2
        1  0.99900  1.000 0.999
        2  0.99900  0.999 1.000
 ERR MATRIX NOT POS-DEF
 MINUIT WARNING IN HESSE   
 ============== Negative diagonal element  1 in Error Matrix
 MINUIT WARNING IN HESSE   
 ==============     0.84E+10 added to diagonal of error matrix
 EIGENVALUES OF SECOND-DERIVATIVE MATRIX:
        -0.1195E+05  0.1196E+05
 MINUIT WARNING IN HESSE   
 ============== MATRIX FORCED POS-DEF BY ADDING   11966.     TO DIAGONAL.
 MIGRAD FAILS WITH STRATEGY=0.   WILL TRY WITH STRATEGY=1.
 MINUIT WARNING IN HESSE   
 ============== Negative diagonal element  1 in Error Matrix
 MINUIT WARNING IN HESSE   
 ==============     0.49E+12 added to diagonal of error matrix
 MINUIT WARNING IN MIGRAD  
 ============== Negative diagonal element  1 in Error Matrix
 MINUIT WARNING IN MIGRAD  
 ==============     0.10E+01 added to diagonal of error matrix
                         POSITIVE MINOS ERROR NOT CALCULATED FOR PARAMETER   1

 MINUIT WARNING IN MIGRAD  
 ============== Negative diagonal element  1 in Error Matrix
 MINUIT WARNING IN MIGRAD  
 ==============     0.10E+01 added to diagonal of error matrix
 MIGRAD FAILS WITH STRATEGY=0.   WILL TRY WITH STRATEGY=1.
                         NEGATIVE MINOS ERROR NOT CALCULATED FOR PARAMETER   1

 MINUIT WARNING IN MIGRAD  
 ============== Negative diagonal element  1 in Error Matrix
 MINUIT WARNING IN MIGRAD  
 ==============     0.10E+01 added to diagonal of error matrix
 MIGRAD FAILS WITH STRATEGY=0.   WILL TRY WITH STRATEGY=1.
 MINUIT WARNING IN HESSE   
 ============== Negative diagonal element  1 in Error Matrix
 MINUIT WARNING IN HESSE   
 ==============     0.21E+12 added to diagonal of error matrix
                         POSITIVE MINOS ERROR NOT CALCULATED FOR PARAMETER   2

 MIGRAD FAILS WITH STRATEGY=0.   WILL TRY WITH STRATEGY=1.
 MINUIT WARNING IN MIGRAD  
 ============== Negative diagonal element  1 in Error Matrix
 MINUIT WARNING IN MIGRAD  
 ==============     0.10E+01 added to diagonal of error matrix
                         NEGATIVE MINOS ERROR NOT CALCULATED FOR PARAMETER   2


 MINUIT TASK: fit crystal ball function                         

 FCN=   2.759417     FROM MINOS     STATUS=FAILURE      178 CALLS      436 TOTAL
                     EDM=  0.10E+09    STRATEGY= 1      ERR MATRIX NOT POS-DEF

  EXT PARAMETER                  PARABOLIC         MINOS ERRORS        
  NO.   NAME        VALUE          ERROR      NEGATIVE      POSITIVE   
   1    kapa        7.5272        7.5259                                
   2    lambda     0.11191       0.72200E-05                            
   3    <pt>        13.500       constant   
   4    n           2.0000       constant   
 **********
 **    4 **CALL FCN   3.000    
 **********

 FCN=   2.736893     FROM CALl fcn  STATUS=FAILURE        1 CALLS      437 TOTAL
                     EDM=  0.10E+09    STRATEGY= 1      ERR MATRIX NOT POS-DEF

  EXT PARAMETER                APPROXIMATE        STEP         FIRST   
  NO.   NAME        VALUE          ERROR          SIZE      DERIVATIVE 
   1    kapa        7.5272        7.5259       -0.0000        1670.5    
   2    lambda     0.11191       0.72200E-05   0.72200E-05   0.26676E+06
   3    <pt>        13.500       constant   
   4    n           2.0000       constant   
 **********
 **    5 **STOP
 **********
